2025-03-19 11:10:36,523 [INFO] Activator:176 - 


2025-03-19 11:10:36,529 [INFO] Activator:177 - !SESSION log4j initialized
2025-03-19 11:10:40,318 [INFO] LogOutputStream:77 - [STDOUT_REDIRECT] 
2025-03-19 11:10:42,801 [INFO] ApplicationProperties:184 - Using Application install path: C:\ST\STM32CubeIDE_1.16.0\STM32CubeIDE\plugins\com.st.stm32cube.common.mx_6.12.0.202406281431
2025-03-19 11:10:42,816 [INFO] DbMcusXml:78 - Set database path to: C:\ST\STM32CubeIDE_1.16.0\STM32CubeIDE\plugins\com.st.stm32cube.common.mx_6.12.0.202406281431\\db\/mcu/
2025-03-19 11:10:42,817 [INFO] ApiDb:274 - Set plugin database path to: C:\ST\STM32CubeIDE_1.16.0\STM32CubeIDE\plugins\com.st.stm32cube.common.mx_6.12.0.202406281431\\db\/plugins/boardmanager/
2025-03-19 11:10:42,817 [WARN] ApiDb:259 - Overriding images path with different value:  => C:\ST\STM32CubeIDE_1.16.0\STM32CubeIDE\plugins\com.st.stm32cube.common.mx_6.12.0.202406281431\\db\/plugins/mcufinder/images/
2025-03-19 11:10:42,824 [INFO] ApiDb:250 - Set database path to: C:\Users\Banuka\.stmcufinder\plugins\mcufinder//mcu/
2025-03-19 11:10:42,825 [INFO] DbMcusAds:125 - Set database path to: C:\Users\Banuka\.stmcufinder\plugins\mcufinder//mcu/
2025-03-19 11:10:42,827 [INFO] CrossReferenceDbSqlite:203 - Set database path to: C:\Users\Banuka\.stmcufinder\plugins\mcufinder//mcu/cs/
2025-03-19 11:10:42,921 [INFO] RulesReader:64 - Compatibility file has been processed (297 Rules)
2025-03-19 11:10:43,007 [INFO] DbMcusXml:78 - Set database path to: C:\ST\STM32CubeIDE_1.16.0\STM32CubeIDE\plugins\com.st.stm32cube.common.mx_6.12.0.202406281431\\db\/mcu/
2025-03-19 11:10:43,008 [INFO] ApiDb:274 - Set plugin database path to: C:\ST\STM32CubeIDE_1.16.0\STM32CubeIDE\plugins\com.st.stm32cube.common.mx_6.12.0.202406281431\\db\/plugins/boardmanager/
2025-03-19 11:10:43,008 [INFO] ApiDb:261 - Set plugin images path to: C:\ST\STM32CubeIDE_1.16.0\STM32CubeIDE\plugins\com.st.stm32cube.common.mx_6.12.0.202406281431\\db\/plugins/mcufinder/images/
2025-03-19 11:10:43,008 [WARN] DbFile:41 - Overriding database path with different value: C:\Users\Banuka\.stmcufinder\plugins\mcufinder/ => C:\Users\Banuka\.stmcufinder\plugins\mcufinder
2025-03-19 11:10:43,008 [INFO] ApiDb:250 - Set database path to: C:\Users\Banuka\.stmcufinder\plugins\mcufinder//mcu/
2025-03-19 11:10:43,008 [WARN] DbFile:41 - Overriding database path with different value: C:\Users\Banuka\.stmcufinder\plugins\mcufinder/ => C:\Users\Banuka\.stmcufinder\plugins\mcufinder
2025-03-19 11:10:43,008 [INFO] DbMcusAds:125 - Set database path to: C:\Users\Banuka\.stmcufinder\plugins\mcufinder//mcu/
2025-03-19 11:10:43,008 [WARN] DbFile:41 - Overriding database path with different value: C:\Users\Banuka\.stmcufinder\plugins\mcufinder/ => C:\Users\Banuka\.stmcufinder\plugins\mcufinder
2025-03-19 11:10:43,008 [WARN] DbFile:41 - Overriding database path with different value: C:\Users\Banuka\.stmcufinder\plugins\mcufinder/ => C:\Users\Banuka\.stmcufinder\plugins\mcufinder
2025-03-19 11:10:43,008 [INFO] CrossReferenceDbSqlite:203 - Set database path to: C:\Users\Banuka\.stmcufinder\plugins\mcufinder//mcu/cs/
2025-03-19 11:10:43,096 [INFO] MainPanel:268 - HeapMemory: 268435456
2025-03-19 11:10:43,181 [INFO] DbMcusXml:78 - Set database path to: C:\ST\STM32CubeIDE_1.16.0\STM32CubeIDE\plugins\com.st.stm32cube.common.mx_6.12.0.202406281431\\db\/mcu/
2025-03-19 11:10:43,181 [INFO] ApiDb:274 - Set plugin database path to: C:\ST\STM32CubeIDE_1.16.0\STM32CubeIDE\plugins\com.st.stm32cube.common.mx_6.12.0.202406281431\\db\/plugins/boardmanager/
2025-03-19 11:10:43,181 [INFO] ApiDb:261 - Set plugin images path to: C:\ST\STM32CubeIDE_1.16.0\STM32CubeIDE\plugins\com.st.stm32cube.common.mx_6.12.0.202406281431\\db\/plugins/mcufinder/images/
2025-03-19 11:10:43,181 [WARN] DbFile:41 - Overriding database path with different value: C:\Users\Banuka\.stmcufinder\plugins\mcufinder/ => C:\Users\Banuka\.stmcufinder\plugins\mcufinder
2025-03-19 11:10:43,181 [INFO] ApiDb:250 - Set database path to: C:\Users\Banuka\.stmcufinder\plugins\mcufinder//mcu/
2025-03-19 11:10:43,181 [WARN] DbFile:41 - Overriding database path with different value: C:\Users\Banuka\.stmcufinder\plugins\mcufinder/ => C:\Users\Banuka\.stmcufinder\plugins\mcufinder
2025-03-19 11:10:43,182 [INFO] DbMcusAds:125 - Set database path to: C:\Users\Banuka\.stmcufinder\plugins\mcufinder//mcu/
2025-03-19 11:10:43,182 [WARN] DbFile:41 - Overriding database path with different value: C:\Users\Banuka\.stmcufinder\plugins\mcufinder/ => C:\Users\Banuka\.stmcufinder\plugins\mcufinder
2025-03-19 11:10:43,182 [WARN] DbFile:41 - Overriding database path with different value: C:\Users\Banuka\.stmcufinder\plugins\mcufinder/ => C:\Users\Banuka\.stmcufinder\plugins\mcufinder
2025-03-19 11:10:43,182 [INFO] CrossReferenceDbSqlite:203 - Set database path to: C:\Users\Banuka\.stmcufinder\plugins\mcufinder//mcu/cs/
2025-03-19 11:10:43,196 [INFO] ApplicationProperties:184 - Using Application install path: C:\ST\STM32CubeIDE_1.16.0\STM32CubeIDE\plugins\com.st.stm32cube.common.mx_6.12.0.202406281431
2025-03-19 11:10:43,198 [INFO] PluginManage:196 - Search for loadable plugins [exclusion list=, ]
2025-03-19 11:10:43,199 [INFO] PluginManage:310 - Check plugin analytics
2025-03-19 11:10:43,335 [INFO] AnalyticsPlugin:253 - Accepted Software Licenses: 
2025-03-19 11:10:43,336 [INFO] AnalyticsPlugin:255 - Accepted CMSIS Pack Licenses: 
2025-03-19 11:10:43,336 [INFO] AnalyticsPlugin:257 - Accepted Firmware Licenses: FW.F4.1.28.0
2025-03-19 11:10:43,338 [INFO] PluginManage:359 - Loaded plugin analytics (category:tool,tabindex:-1)
2025-03-19 11:10:43,339 [INFO] PluginManage:310 - Check plugin cadmodel
2025-03-19 11:10:43,355 [INFO] CADModel:105 - Init CAD model plugin
2025-03-19 11:10:43,355 [INFO] PluginManage:359 - Loaded plugin cadmodel (category:power,tabindex:5)
2025-03-19 11:10:43,355 [INFO] PluginManage:310 - Check plugin clock
2025-03-19 11:10:43,372 [INFO] PluginManage:359 - Loaded plugin clock (category:base,tabindex:2)
2025-03-19 11:10:43,372 [INFO] PluginManage:310 - Check plugin ddr
2025-03-19 11:10:43,374 [INFO] PluginManage:359 - Loaded plugin ddr (category:tool,tabindex:6)
2025-03-19 11:10:43,375 [INFO] PluginManage:310 - Check plugin filemanager
2025-03-19 11:10:43,498 [INFO] PluginManage:359 - Loaded plugin filemanager (category:base,tabindex:10)
2025-03-19 11:10:43,498 [INFO] PluginManage:310 - Check plugin ipmanager
2025-03-19 11:10:43,505 [INFO] PluginManage:359 - Loaded plugin ipmanager (category:base,tabindex:5)
2025-03-19 11:10:43,506 [INFO] PluginManage:310 - Check plugin lpbam
2025-03-19 11:10:43,523 [INFO] PluginManage:359 - Loaded plugin lpbam (category:base,tabindex:0)
2025-03-19 11:10:43,523 [INFO] PluginManage:310 - Check plugin memorymap
2025-03-19 11:10:43,546 [INFO] PluginManage:359 - Loaded plugin memorymap (category:base,tabindex:4)
2025-03-19 11:10:43,546 [INFO] PluginManage:310 - Check plugin pinoutandconfiguration
2025-03-19 11:10:43,565 [INFO] PluginManage:359 - Loaded plugin pinoutandconfiguration (category:base,tabindex:1)
2025-03-19 11:10:43,566 [INFO] PluginManage:310 - Check plugin pinoutconfig
2025-03-19 11:10:43,648 [WARN] SupportedApi:132 - Cannot load RTOS API schema: s4s-elt-must-match.1: The content of 'definitions' must match (annotation?, (simpleType | complexType)?, (unique | key | keyref)*)). A problem was found starting at: attribute.
2025-03-19 11:10:43,814 [INFO] PluginManage:359 - Loaded plugin pinoutconfig (category:base,tabindex:0)
2025-03-19 11:10:43,814 [INFO] PluginManage:310 - Check plugin power
2025-03-19 11:10:43,834 [INFO] PluginManage:359 - Loaded plugin power (category:power,tabindex:4)
2025-03-19 11:10:43,834 [INFO] PluginManage:310 - Check plugin projectmanager
2025-03-19 11:10:43,848 [INFO] PluginManage:359 - Loaded plugin projectmanager (category:projectmanager,tabindex:4)
2025-03-19 11:10:43,849 [INFO] PluginManage:310 - Check plugin rif
2025-03-19 11:10:43,866 [INFO] PluginManage:359 - Loaded plugin rif (category:base,tabindex:3)
2025-03-19 11:10:43,866 [INFO] PluginManage:310 - Check plugin thirdparty
2025-03-19 11:10:44,124 [INFO] PluginManage:359 - Loaded plugin thirdparty (category:base,tabindex:-1)
2025-03-19 11:10:44,124 [INFO] PluginManage:310 - Check plugin tools
2025-03-19 11:10:44,124 [WARN] IntegrityCheckThread:84 - waiting for thirdparty lock release [integrity check]
2025-03-19 11:10:44,124 [INFO] IntegrityCheckThread:86 - entering critical section [integrity check]
2025-03-19 11:10:44,124 [INFO] ThirdPartyUpdaterWithRetryManager:70 - Updater plugin not ready yet. [1/15]
2025-03-19 11:10:44,158 [INFO] PluginManage:359 - Loaded plugin tools (category:base,tabindex:7)
2025-03-19 11:10:44,158 [INFO] PluginManage:310 - Check plugin tutovideos
2025-03-19 11:10:44,319 [INFO] PluginManage:359 - Loaded plugin tutovideos (category:base,tabindex:-1)
2025-03-19 11:10:44,319 [INFO] PluginManage:310 - Check plugin updater
2025-03-19 11:10:44,334 [INFO] PluginManage:359 - Loaded plugin updater (category:base,tabindex:12)
2025-03-19 11:10:44,334 [INFO] PluginManage:310 - Check plugin userauth
2025-03-19 11:10:44,342 [INFO] UserAuth:113 - Init User Auth plugin
2025-03-19 11:10:44,342 [INFO] PluginManage:359 - Loaded plugin userauth (category:base,tabindex:14)
2025-03-19 11:10:44,342 [INFO] PluginManage:283 - PluginManage : Loaded plugins [18]
2025-03-19 11:10:44,541 [INFO] PinOutPanel:1561 - setPackage(No Configuration,No Configuration)
2025-03-19 11:10:44,627 [INFO] CADModel:165 - CPN selected for project level
2025-03-19 11:10:44,627 [INFO] CADModel:114 - Register for checkConnection events
2025-03-19 11:10:44,653 [INFO] IPUIPlugin:80 - create IPUIPlugin
2025-03-19 11:10:44,653 [INFO] PluginManager:220 - loadIPPluginJar : add adc
2025-03-19 11:10:44,688 [INFO] IPUIPlugin:80 - create IPUIPlugin
2025-03-19 11:10:44,689 [INFO] PluginManager:220 - loadIPPluginJar : add aes
2025-03-19 11:10:44,728 [INFO] IPUIPlugin:80 - create IPUIPlugin
2025-03-19 11:10:44,728 [INFO] PluginManager:220 - loadIPPluginJar : add can
2025-03-19 11:10:44,754 [INFO] IPUIPlugin:80 - create IPUIPlugin
2025-03-19 11:10:44,754 [INFO] PluginManager:220 - loadIPPluginJar : add comp
2025-03-19 11:10:44,783 [INFO] IPUIPlugin:80 - create IPUIPlugin
2025-03-19 11:10:44,783 [INFO] PluginManager:220 - loadIPPluginJar : add cryp
2025-03-19 11:10:44,799 [INFO] IPUIPlugin:80 - create IPUIPlugin
2025-03-19 11:10:44,799 [INFO] PluginManager:220 - loadIPPluginJar : add ddr_ctrl_phy
2025-03-19 11:10:44,833 [INFO] IPUIPlugin:80 - create IPUIPlugin
2025-03-19 11:10:44,833 [INFO] PluginManager:220 - loadIPPluginJar : add dfsdm
2025-03-19 11:10:44,847 [INFO] IPUIPlugin:80 - create IPUIPlugin
2025-03-19 11:10:44,847 [INFO] PluginManager:220 - loadIPPluginJar : add dma
2025-03-19 11:10:44,888 [INFO] IPUIPlugin:80 - create IPUIPlugin
2025-03-19 11:10:44,889 [INFO] PluginManager:220 - loadIPPluginJar : add dma3
2025-03-19 11:10:44,928 [INFO] IPUIPlugin:80 - create IPUIPlugin
2025-03-19 11:10:44,929 [INFO] PluginManager:220 - loadIPPluginJar : add extmemmanager
2025-03-19 11:10:44,952 [INFO] IPUIPlugin:80 - create IPUIPlugin
2025-03-19 11:10:44,953 [INFO] PluginManager:220 - loadIPPluginJar : add fatfs
2025-03-19 11:10:44,999 [INFO] IPUIPlugin:80 - create IPUIPlugin
2025-03-19 11:10:45,000 [INFO] PluginManager:220 - loadIPPluginJar : add fmc
2025-03-19 11:10:45,015 [INFO] IPUIPlugin:80 - create IPUIPlugin
2025-03-19 11:10:45,015 [INFO] PluginManager:220 - loadIPPluginJar : add freertos
2025-03-19 11:10:45,035 [INFO] IPUIPlugin:80 - create IPUIPlugin
2025-03-19 11:10:45,035 [INFO] PluginManager:220 - loadIPPluginJar : add genericplugin
2025-03-19 11:10:45,122 [INFO] IPUIPlugin:80 - create IPUIPlugin
2025-03-19 11:10:45,122 [INFO] PluginManager:220 - loadIPPluginJar : add gfxmmu
2025-03-19 11:10:45,249 [INFO] IPUIPlugin:80 - create IPUIPlugin
2025-03-19 11:10:45,249 [INFO] PluginManager:220 - loadIPPluginJar : add gic
2025-03-19 11:10:45,262 [INFO] IPUIPlugin:80 - create IPUIPlugin
2025-03-19 11:10:45,262 [INFO] PluginManager:220 - loadIPPluginJar : add gpio
2025-03-19 11:10:45,348 [INFO] IPUIPlugin:80 - create IPUIPlugin
2025-03-19 11:10:45,348 [INFO] PluginManager:220 - loadIPPluginJar : add gtzc
2025-03-19 11:10:45,380 [INFO] IPUIPlugin:80 - create IPUIPlugin
2025-03-19 11:10:45,380 [INFO] PluginManager:220 - loadIPPluginJar : add hash
2025-03-19 11:10:45,429 [INFO] IPUIPlugin:80 - create IPUIPlugin
2025-03-19 11:10:45,431 [INFO] PluginManager:220 - loadIPPluginJar : add i2c
2025-03-19 11:10:45,464 [INFO] IPUIPlugin:80 - create IPUIPlugin
2025-03-19 11:10:45,464 [INFO] PluginManager:220 - loadIPPluginJar : add i2s
2025-03-19 11:10:45,502 [INFO] IPUIPlugin:80 - create IPUIPlugin
2025-03-19 11:10:45,502 [INFO] PluginManager:220 - loadIPPluginJar : add i3c
2025-03-19 11:10:45,589 [INFO] IPUIPlugin:80 - create IPUIPlugin
2025-03-19 11:10:45,589 [INFO] PluginManager:220 - loadIPPluginJar : add ipddr
2025-03-19 11:10:45,674 [INFO] IPUIPlugin:80 - create IPUIPlugin
2025-03-19 11:10:45,674 [INFO] PluginManager:220 - loadIPPluginJar : add linkedlist
2025-03-19 11:10:45,707 [INFO] IPUIPlugin:80 - create IPUIPlugin
2025-03-19 11:10:45,707 [INFO] PluginManager:220 - loadIPPluginJar : add lorawan
2025-03-19 11:10:45,743 [INFO] IPUIPlugin:80 - create IPUIPlugin
2025-03-19 11:10:45,743 [INFO] PluginManager:220 - loadIPPluginJar : add ltdc
2025-03-19 11:10:45,757 [INFO] IPUIPlugin:80 - create IPUIPlugin
2025-03-19 11:10:45,757 [INFO] PluginManager:220 - loadIPPluginJar : add mdma
2025-03-19 11:10:45,770 [INFO] IPUIPlugin:80 - create IPUIPlugin
2025-03-19 11:10:45,770 [INFO] PluginManager:220 - loadIPPluginJar : add nvic
2025-03-19 11:10:45,805 [INFO] IPUIPlugin:80 - create IPUIPlugin
2025-03-19 11:10:45,805 [INFO] PluginManager:220 - loadIPPluginJar : add opamp
2025-03-19 11:10:45,866 [INFO] IPUIPlugin:80 - create IPUIPlugin
2025-03-19 11:10:45,866 [INFO] PluginManager:220 - loadIPPluginJar : add openamp
2025-03-19 11:10:45,910 [INFO] IPUIPlugin:80 - create IPUIPlugin
2025-03-19 11:10:45,910 [INFO] PluginManager:220 - loadIPPluginJar : add pdm2pcm
2025-03-19 11:10:45,925 [INFO] IPUIPlugin:80 - create IPUIPlugin
2025-03-19 11:10:45,927 [INFO] PluginManager:220 - loadIPPluginJar : add plateformsettings
2025-03-19 11:10:45,950 [INFO] IPUIPlugin:80 - create IPUIPlugin
2025-03-19 11:10:45,951 [INFO] PluginManager:220 - loadIPPluginJar : add quadspi
2025-03-19 11:10:45,976 [INFO] IPUIPlugin:80 - create IPUIPlugin
2025-03-19 11:10:45,977 [INFO] PluginManager:220 - loadIPPluginJar : add radio
2025-03-19 11:10:45,991 [INFO] IPUIPlugin:80 - create IPUIPlugin
2025-03-19 11:10:45,991 [INFO] PluginManager:220 - loadIPPluginJar : add resmgrutility
2025-03-19 11:10:46,032 [INFO] IPUIPlugin:80 - create IPUIPlugin
2025-03-19 11:10:46,032 [INFO] PluginManager:220 - loadIPPluginJar : add sai
2025-03-19 11:10:46,067 [INFO] IPUIPlugin:80 - create IPUIPlugin
2025-03-19 11:10:46,067 [INFO] PluginManager:220 - loadIPPluginJar : add spi
2025-03-19 11:10:46,127 [INFO] IPUIPlugin:80 - create IPUIPlugin
2025-03-19 11:10:46,127 [INFO] PluginManager:220 - loadIPPluginJar : add stm32_wpan
2025-03-19 11:10:46,151 [INFO] IPUIPlugin:80 - create IPUIPlugin
2025-03-19 11:10:46,151 [INFO] PluginManager:220 - loadIPPluginJar : add tim
2025-03-19 11:10:46,202 [INFO] IPUIPlugin:80 - create IPUIPlugin
2025-03-19 11:10:46,203 [INFO] PluginManager:220 - loadIPPluginJar : add touchsensing
2025-03-19 11:10:46,227 [INFO] IPUIPlugin:80 - create IPUIPlugin
2025-03-19 11:10:46,227 [INFO] PluginManager:220 - loadIPPluginJar : add tracer_emb
2025-03-19 11:10:46,251 [INFO] IPUIPlugin:80 - create IPUIPlugin
2025-03-19 11:10:46,251 [INFO] PluginManager:220 - loadIPPluginJar : add ts
2025-03-19 11:10:46,276 [INFO] IPUIPlugin:80 - create IPUIPlugin
2025-03-19 11:10:46,276 [INFO] PluginManager:220 - loadIPPluginJar : add tsc
2025-03-19 11:10:46,297 [INFO] IPUIPlugin:80 - create IPUIPlugin
2025-03-19 11:10:46,297 [INFO] PluginManager:220 - loadIPPluginJar : add ucpd
2025-03-19 11:10:46,338 [INFO] IPUIPlugin:80 - create IPUIPlugin
2025-03-19 11:10:46,338 [INFO] PluginManager:220 - loadIPPluginJar : add usart
2025-03-19 11:10:46,375 [INFO] IPUIPlugin:80 - create IPUIPlugin
2025-03-19 11:10:46,375 [INFO] PluginManager:220 - loadIPPluginJar : add usbx
2025-03-19 11:10:46,497 [INFO] CADModel:165 - CPN selected for project level
2025-03-19 11:10:46,498 [INFO] CADModel:114 - Register for checkConnection events
2025-03-19 11:10:46,498 [FATAL] Updater:334 - Updater called before beeing initialized
2025-03-19 11:10:46,499 [ERROR] CADModel:125 - Updater not yet initialized, retry later 
2025-03-19 11:10:46,626 [INFO] CADModel:165 - CPN selected for project level
2025-03-19 11:10:46,626 [INFO] CADModel:114 - Register for checkConnection events
2025-03-19 11:10:46,626 [FATAL] Updater:334 - Updater called before beeing initialized
2025-03-19 11:10:46,626 [ERROR] CADModel:125 - Updater not yet initialized, retry later 
2025-03-19 11:10:46,629 [FATAL] Updater:334 - Updater called before beeing initialized
2025-03-19 11:10:46,709 [FATAL] Updater:334 - Updater called before beeing initialized
2025-03-19 11:10:46,720 [INFO] DbMcusAds:53 - JSON generation date=Tue Dec 17 21:31:15 IST 2024 (1734451275222)
2025-03-19 11:10:46,720 [FATAL] Updater:334 - Updater called before beeing initialized
2025-03-19 11:10:46,749 [WARN] DetailPanel:346 - Failed to get advertising image, set to default
2025-03-19 11:10:46,815 [FATAL] Updater:334 - Updater called before beeing initialized
2025-03-19 11:10:46,817 [FATAL] Updater:334 - Updater called before beeing initialized
2025-03-19 11:10:46,817 [FATAL] Updater:334 - Updater called before beeing initialized
2025-03-19 11:10:46,817 [WARN] DetailPanel:346 - Failed to get advertising image, set to default
2025-03-19 11:10:46,818 [FATAL] Updater:334 - Updater called before beeing initialized
2025-03-19 11:10:46,873 [ERROR] Updater:1164 - MainUpdater not yet initialized. External WinMGr cannot be set.
2025-03-19 11:10:46,884 [INFO] Updater:1100 - Updater Version found : 6.12.0
2025-03-19 11:10:46,898 [INFO] ApplicationProperties:184 - Using Application install path: C:\ST\STM32CubeIDE_1.16.0\STM32CubeIDE\plugins\com.st.stm32cube.common.mx_6.12.0.202406281431
2025-03-19 11:10:47,125 [INFO] ThirdPartyUpdaterWithRetryManager:70 - Updater plugin not ready yet. [2/15]
2025-03-19 11:10:48,505 [ERROR] LogOutputStream:75 - [STDERR_REDIRECT] Mar 19, 2025 11:10:48 AM java.util.prefs.WindowsPreferences <init>
2025-03-19 11:10:48,508 [ERROR] LogOutputStream:75 - [STDERR_REDIRECT] WARNING: Could not open/create prefs root node Software\JavaSoft\Prefs at root 0xffffffff80000002. Windows RegCreateKeyEx(...) returned error code 5.
2025-03-19 11:10:48,509 [ERROR] LogOutputStream:75 - [STDERR_REDIRECT] 
2025-03-19 11:10:49,196 [INFO] MainUpdater:2873 - connection check result : 10
2025-03-19 11:10:49,197 [INFO] MainUpdater:290 - Updater Check For Update Now.
2025-03-19 11:10:49,197 [INFO] MicroXplorer:498 - Change Database Version : DB.6.0.120
2025-03-19 11:10:49,226 [INFO] McuFinderGlobals:63 - Set McuFinder mode to 2 (CubeIDE integrated)
2025-03-19 11:10:49,233 [INFO] UserAuth:417 - Internet connection configuration mode: 1
2025-03-19 11:10:49,294 [INFO] JxBrowserEngine:152 - Initiate JxBrowser Engine with user profile folder
2025-03-19 11:10:49,417 [INFO] CheckServerUpdateThread:120 - End of CheckServer Thread
2025-03-19 11:10:50,361 [WARN] PackLoader:240 - Cannot read IP mode file for STMicroelectronics.FP-SNS-MOTENVWB1.1.4.0
2025-03-19 11:10:50,386 [WARN] PackLoader:240 - Cannot read IP mode file for STMicroelectronics.FP-ATR-ASTRA1.2.0.1
2025-03-19 11:10:50,414 [WARN] PackLoader:240 - Cannot read IP mode file for STMicroelectronics.X-CUBE-SMBUS.2.1.0
2025-03-19 11:10:50,434 [WARN] PackLoader:240 - Cannot read IP mode file for STMicroelectronics.X-CUBE-WB05N.1.1.0
2025-03-19 11:10:50,477 [WARN] PackLoader:240 - Cannot read IP mode file for STMicroelectronics.X-CUBE-AZRTOS-F7.1.1.0
2025-03-19 11:10:50,538 [WARN] PackLoader:240 - Cannot read IP mode file for STMicroelectronics.X-CUBE-MEMS1.11.0.0
2025-03-19 11:10:50,709 [WARN] PackLoader:240 - Cannot read IP mode file for STMicroelectronics.FP-SNS-FLIGHT1.5.0.2
2025-03-19 11:10:50,735 [WARN] PackLoader:240 - Cannot read IP mode file for STMicroelectronics.X-CUBE-DISPLAY.3.0.0
2025-03-19 11:10:50,754 [WARN] PackLoader:240 - Cannot read IP mode file for STMicroelectronics.X-CUBE-BLE1.7.0.0
2025-03-19 11:10:50,771 [WARN] PackLoader:240 - Cannot read IP mode file for STMicroelectronics.X-CUBE-NFC10.1.0.0
2025-03-19 11:10:50,798 [WARN] PackLoader:240 - Cannot read IP mode file for STMicroelectronics.X-CUBE-BLEMGR.4.0.0
2025-03-19 11:10:50,816 [WARN] PackLoader:240 - Cannot read IP mode file for emotas.I-CUBE-CANOPEN.1.3.0
2025-03-19 11:10:50,832 [WARN] PackLoader:240 - Cannot read IP mode file for STMicroelectronics.X-CUBE-BLEMGR.3.1.0
2025-03-19 11:10:50,853 [WARN] PackLoader:240 - Cannot read IP mode file for STMicroelectronics.FP-SNS-SMARTAG2.1.2.0
2025-03-19 11:10:50,915 [WARN] PackLoader:240 - Cannot read IP mode file for STMicroelectronics.X-CUBE-MEMS1.11.1.0
2025-03-19 11:10:51,016 [INFO] LogOutputStream:77 - [STDOUT_REDIRECT] 1 : Invalid condition id : UX_CORESTACK_Condition cause : null
2025-03-19 11:10:51,016 [INFO] LogOutputStream:77 - [STDOUT_REDIRECT] 1 : Invalid condition id : UX_CORESTACK_Condition cause : null
2025-03-19 11:10:51,018 [INFO] LogOutputStream:77 - [STDOUT_REDIRECT] 1 : Invalid condition id : UX_CORESTACK_Condition cause : null
2025-03-19 11:10:51,020 [INFO] LogOutputStream:77 - [STDOUT_REDIRECT] 1 : Invalid condition id : UX_CORESTACK_Condition cause : null
2025-03-19 11:10:51,021 [INFO] LogOutputStream:77 - [STDOUT_REDIRECT] 1 : Invalid condition id : UX_CORESTACK_Condition cause : null
2025-03-19 11:10:51,024 [WARN] PackLoader:240 - Cannot read IP mode file for STMicroelectronics.X-CUBE-AZRTOS-WL.2.0.0
2025-03-19 11:10:51,045 [WARN] PackLoader:240 - Cannot read IP mode file for STMicroelectronics.FP-SNS-MOTENV1.5.0.0
2025-03-19 11:10:51,065 [WARN] PackLoader:240 - Cannot read IP mode file for wolfSSL.I-CUBE-wolfMQTT.1.19.0
2025-03-19 11:10:51,084 [WARN] PackLoader:240 - Cannot read IP mode file for WES.I-CUBE-Cesium.1.3.0
2025-03-19 11:10:51,105 [WARN] PackLoader:240 - Cannot read IP mode file for STMicroelectronics.X-CUBE-BLE2.3.3.0
2025-03-19 11:10:51,127 [WARN] PackLoader:240 - Cannot read IP mode file for STMicroelectronics.X-CUBE-NFC9.1.0.0
2025-03-19 11:10:51,146 [WARN] PackLoader:240 - Cannot read IP mode file for STMicroelectronics.X-CUBE-TCPP.4.1.0
2025-03-19 11:10:51,187 [WARN] PackLoader:240 - Cannot read IP mode file for STMicroelectronics.X-CUBE-AZRTOS-G0.1.1.0
2025-03-19 11:10:51,206 [WARN] PackLoader:240 - Cannot read IP mode file for STMicroelectronics.X-CUBE-SAFEA1.1.2.2
2025-03-19 11:10:51,223 [WARN] PackLoader:240 - Cannot read IP mode file for STMicroelectronics.X-CUBE-NFC4.3.0.0
2025-03-19 11:10:51,251 [WARN] PackLoader:240 - Cannot read IP mode file for EmbeddedOffice.I-CUBE-FS-RTOS.1.0.1
2025-03-19 11:10:51,252 [ERROR] ConditionMgr:805 - Attr not supported : Dmpu
2025-03-19 11:10:51,253 [ERROR] ConditionMgr:805 - Attr not supported : Dmpu
2025-03-19 11:10:51,253 [ERROR] ConditionMgr:805 - Attr not supported : Dmpu
2025-03-19 11:10:51,253 [ERROR] ConditionMgr:805 - Attr not supported : Dmpu
2025-03-19 11:10:51,253 [ERROR] ConditionMgr:805 - Attr not supported : Dmpu
2025-03-19 11:10:51,253 [ERROR] ConditionMgr:805 - Attr not supported : Dmpu
2025-03-19 11:10:51,253 [ERROR] ConditionMgr:805 - Attr not supported : Dmpu
2025-03-19 11:10:51,253 [ERROR] ConditionMgr:805 - Attr not supported : Dmpu
2025-03-19 11:10:51,254 [ERROR] ConditionMgr:805 - Attr not supported : Dmpu
2025-03-19 11:10:51,254 [ERROR] ConditionMgr:805 - Attr not supported : Dmpu
2025-03-19 11:10:51,254 [ERROR] ConditionMgr:805 - Attr not supported : Dmpu
2025-03-19 11:10:51,254 [ERROR] ConditionMgr:805 - Attr not supported : Dmpu
2025-03-19 11:10:51,254 [ERROR] ConditionMgr:805 - Attr not supported : Dmpu
2025-03-19 11:10:51,254 [ERROR] ConditionMgr:805 - Attr not supported : Dmpu
2025-03-19 11:10:51,254 [ERROR] ConditionMgr:805 - Attr not supported : Dmpu
2025-03-19 11:10:51,254 [ERROR] ConditionMgr:805 - Attr not supported : Dmpu
2025-03-19 11:10:51,255 [ERROR] ConditionMgr:805 - Attr not supported : Dmpu
2025-03-19 11:10:51,255 [ERROR] ConditionMgr:805 - Attr not supported : Dmpu
2025-03-19 11:10:51,255 [ERROR] ConditionMgr:805 - Attr not supported : Dmpu
2025-03-19 11:10:51,255 [ERROR] ConditionMgr:805 - Attr not supported : Dmpu
2025-03-19 11:10:51,255 [ERROR] ConditionMgr:805 - Attr not supported : Dmpu
2025-03-19 11:10:51,255 [ERROR] ConditionMgr:805 - Attr not supported : Dmpu
2025-03-19 11:10:51,255 [ERROR] ConditionMgr:805 - Attr not supported : Dmpu
2025-03-19 11:10:51,255 [ERROR] ConditionMgr:805 - Attr not supported : Dmpu
2025-03-19 11:10:51,256 [ERROR] ConditionMgr:805 - Attr not supported : Dmpu
2025-03-19 11:10:51,256 [ERROR] ConditionMgr:805 - Attr not supported : Dmpu
2025-03-19 11:10:51,256 [ERROR] ConditionMgr:805 - Attr not supported : Dmpu
2025-03-19 11:10:51,256 [ERROR] ConditionMgr:805 - Attr not supported : Dmpu
2025-03-19 11:10:51,256 [ERROR] ConditionMgr:805 - Attr not supported : Dmpu
2025-03-19 11:10:51,256 [ERROR] ConditionMgr:805 - Attr not supported : Dmpu
2025-03-19 11:10:51,256 [ERROR] ConditionMgr:805 - Attr not supported : Dmpu
2025-03-19 11:10:51,256 [ERROR] ConditionMgr:805 - Attr not supported : Dmpu
2025-03-19 11:10:51,256 [ERROR] ConditionMgr:805 - Attr not supported : Dmpu
2025-03-19 11:10:51,256 [ERROR] ConditionMgr:805 - Attr not supported : Dmpu
2025-03-19 11:10:51,257 [ERROR] ConditionMgr:805 - Attr not supported : Dmpu
2025-03-19 11:10:51,257 [ERROR] ConditionMgr:805 - Attr not supported : Dmpu
2025-03-19 11:10:51,257 [ERROR] ConditionMgr:805 - Attr not supported : Dmpu
2025-03-19 11:10:51,257 [ERROR] ConditionMgr:805 - Attr not supported : Dmpu
2025-03-19 11:10:51,257 [ERROR] ConditionMgr:805 - Attr not supported : Dmpu
2025-03-19 11:10:51,257 [ERROR] ConditionMgr:805 - Attr not supported : Dmpu
2025-03-19 11:10:51,257 [ERROR] ConditionMgr:805 - Attr not supported : Dmpu
2025-03-19 11:10:51,257 [ERROR] ConditionMgr:805 - Attr not supported : Dmpu
2025-03-19 11:10:51,257 [ERROR] ConditionMgr:805 - Attr not supported : Dmpu
2025-03-19 11:10:51,258 [ERROR] ConditionMgr:805 - Attr not supported : Dmpu
2025-03-19 11:10:51,258 [ERROR] ConditionMgr:805 - Attr not supported : Dmpu
2025-03-19 11:10:51,258 [ERROR] ConditionMgr:805 - Attr not supported : Dmpu
2025-03-19 11:10:51,258 [ERROR] ConditionMgr:805 - Attr not supported : Dmpu
2025-03-19 11:10:51,258 [ERROR] ConditionMgr:805 - Attr not supported : Dmpu
2025-03-19 11:10:51,258 [ERROR] ConditionMgr:805 - Attr not supported : Dmpu
2025-03-19 11:10:51,258 [ERROR] ConditionMgr:805 - Attr not supported : Dmpu
2025-03-19 11:10:51,258 [ERROR] ConditionMgr:805 - Attr not supported : Dmpu
2025-03-19 11:10:51,258 [ERROR] ConditionMgr:805 - Attr not supported : Dmpu
2025-03-19 11:10:51,258 [ERROR] ConditionMgr:805 - Attr not supported : Dmpu
2025-03-19 11:10:51,259 [ERROR] ConditionMgr:805 - Attr not supported : Dmpu
2025-03-19 11:10:51,259 [ERROR] ConditionMgr:805 - Attr not supported : Dmpu
2025-03-19 11:10:51,259 [ERROR] ConditionMgr:805 - Attr not supported : Dmpu
2025-03-19 11:10:51,259 [ERROR] ConditionMgr:805 - Attr not supported : Dmpu
2025-03-19 11:10:51,259 [ERROR] ConditionMgr:805 - Attr not supported : Dmpu
2025-03-19 11:10:51,259 [ERROR] ConditionMgr:805 - Attr not supported : Dmpu
2025-03-19 11:10:51,259 [ERROR] ConditionMgr:805 - Attr not supported : Dmpu
2025-03-19 11:10:51,259 [ERROR] ConditionMgr:805 - Attr not supported : Dmpu
2025-03-19 11:10:51,259 [ERROR] ConditionMgr:805 - Attr not supported : Dmpu
2025-03-19 11:10:51,259 [ERROR] ConditionMgr:805 - Attr not supported : Dmpu
2025-03-19 11:10:51,259 [ERROR] ConditionMgr:805 - Attr not supported : Dmpu
2025-03-19 11:10:51,278 [ERROR] Engine:466 - C:\Users\Banuka\.stm32cubemx\thirdparties\pdsc\STMicroelectronics.X-CUBE-TCPP.4.2.0.pdsc: PDSC version is not supported
2025-03-19 11:10:51,302 [WARN] PackLoader:240 - Cannot read IP mode file for RealThread.X-CUBE-RT-Thread_Nano.4.1.1
2025-03-19 11:10:51,323 [WARN] PackLoader:240 - Cannot read IP mode file for STMicroelectronics.FP-ATR-SIGFOX1.3.2.0
2025-03-19 11:10:51,341 [WARN] PackLoader:240 - Cannot read IP mode file for wolfSSL.I-CUBE-wolfSSL.5.7.2
2025-03-19 11:10:51,357 [WARN] ConditionMgr:438 - getConditionDescription Invalid condition id : Cortex-A Device cause : null
2025-03-19 11:10:51,385 [WARN] ConditionMgr:1039 - genDependencies : Invalid condition id : Cortex-A Device cause : null
2025-03-19 11:10:51,386 [WARN] ConditionMgr:1039 - genDependencies : Invalid condition id : Cortex-A Device cause : null
2025-03-19 11:10:51,386 [WARN] ConditionMgr:1039 - genDependencies : Invalid condition id : Cortex-A Device cause : null
2025-03-19 11:10:51,401 [WARN] PackLoader:240 - Cannot read IP mode file for STMicroelectronics.X-CUBE-EEPRMA1.5.1.0
2025-03-19 11:10:51,419 [WARN] PackLoader:240 - Cannot read IP mode file for ITTIA_DB.I-CUBE-ITTIADB.8.9.0
2025-03-19 11:10:51,454 [WARN] PackLoader:240 - Cannot read IP mode file for SEGGER.I-CUBE-embOS.1.3.1
2025-03-19 11:10:51,492 [WARN] PackLoader:240 - Cannot read IP mode file for STMicroelectronics.X-CUBE-ALGOBUILD.1.4.0
2025-03-19 11:10:51,508 [WARN] PackLoader:240 - Cannot read IP mode file for STMicroelectronics.X-CUBE-AI.9.1.0
2025-03-19 11:10:51,525 [WARN] PackLoader:240 - Cannot read IP mode file for STMicroelectronics.X-CUBE-GNSS1.6.0.0
2025-03-19 11:10:51,555 [WARN] PackLoader:240 - Cannot read IP mode file for STMicroelectronics.X-CUBE-AZRTOS-F4.1.1.0
2025-03-19 11:10:51,573 [WARN] PackLoader:240 - Cannot read IP mode file for STMicroelectronics.X-CUBE-ISPU.2.1.0
2025-03-19 11:10:51,589 [WARN] PackLoader:240 - Cannot read IP mode file for STMicroelectronics.X-CUBE-FREERTOS.1.2.0
2025-03-19 11:10:51,626 [WARN] PackLoader:240 - Cannot read IP mode file for STMicroelectronics.X-CUBE-AZRTOS-L5.2.0.0
2025-03-19 11:10:51,646 [WARN] PackLoader:240 - Cannot read IP mode file for STMicroelectronics.X-CUBE-NFC6.3.1.0
2025-03-19 11:10:51,662 [WARN] PackLoader:240 - Cannot read IP mode file for STMicroelectronics.X-CUBE-DPower.1.2.0
2025-03-19 11:10:51,678 [WARN] PackLoader:240 - Cannot read IP mode file for STMicroelectronics.X-CUBE-AI.9.0.0
2025-03-19 11:10:51,692 [WARN] PackLoader:240 - Cannot read IP mode file for STMicroelectronics.X-CUBE-FREERTOS.1.3.0
2025-03-19 11:10:51,711 [WARN] PackLoader:240 - Cannot read IP mode file for STMicroelectronics.X-CUBE-NFC7.1.0.1
2025-03-19 11:10:51,727 [WARN] PackLoader:240 - Cannot read IP mode file for wolfSSL.I-CUBE-wolfTPM.3.2.0
2025-03-19 11:10:51,761 [WARN] ConditionMgr:438 - getConditionDescription Invalid condition id : LAN8742 Phy interface Condition cause : null
2025-03-19 11:10:51,761 [WARN] PackLoader:240 - Cannot read IP mode file for STMicroelectronics.X-CUBE-AZRTOS-L4.2.0.0
2025-03-19 11:10:51,762 [WARN] ConditionMgr:1039 - genDependencies : Invalid condition id : LAN8742 Phy interface Condition cause : null
2025-03-19 11:10:51,762 [WARN] ConditionMgr:1039 - genDependencies : Invalid condition id : LAN8742 Phy interface Condition cause : null
2025-03-19 11:10:51,762 [WARN] ConditionMgr:1039 - genDependencies : Invalid condition id : LAN8742 Phy interface Condition cause : null
2025-03-19 11:10:51,783 [WARN] PackLoader:240 - Cannot read IP mode file for STMicroelectronics.X-CUBE-SFXS2LP1.4.0.0
2025-03-19 11:10:51,818 [WARN] PackLoader:240 - Cannot read IP mode file for STMicroelectronics.X-CUBE-AZRTOS-H7.3.3.0
2025-03-19 11:10:51,837 [WARN] PackLoader:240 - Cannot read IP mode file for STMicroelectronics.X-CUBE-IPS.3.0.0
2025-03-19 11:10:51,956 [WARN] ConditionMgr:438 - getConditionDescription Invalid condition id : UX DEVICE CLASS RTOS Condition cause : null
2025-03-19 11:10:51,956 [WARN] ConditionMgr:438 - getConditionDescription Invalid condition id : UX DEVICE CLASS RTOS Condition cause : null
2025-03-19 11:10:51,957 [WARN] PackLoader:240 - Cannot read IP mode file for STMicroelectronics.X-CUBE-AZRTOS-WB.2.0.0
2025-03-19 11:10:51,957 [WARN] ConditionMgr:1039 - genDependencies : Invalid condition id : UX DEVICE CLASS RTOS Condition cause : null
2025-03-19 11:10:51,957 [WARN] ConditionMgr:1039 - genDependencies : Invalid condition id : UX DEVICE CLASS RTOS Condition cause : null
2025-03-19 11:10:51,957 [WARN] ConditionMgr:1039 - genDependencies : Invalid condition id : UX DEVICE CLASS RTOS Condition cause : null
2025-03-19 11:10:51,957 [WARN] ConditionMgr:1039 - genDependencies : Invalid condition id : UX DEVICE CLASS RTOS Condition cause : null
2025-03-19 11:10:51,957 [WARN] ConditionMgr:1039 - genDependencies : Invalid condition id : UX DEVICE CLASS RTOS Condition cause : null
2025-03-19 11:10:51,973 [WARN] PackLoader:240 - Cannot read IP mode file for STMicroelectronics.X-CUBE-GNSS1.7.0.0
2025-03-19 11:10:51,991 [WARN] PackLoader:240 - Cannot read IP mode file for STMicroelectronics.X-CUBE-GNSS1.7.0.1
2025-03-19 11:10:52,009 [WARN] PackLoader:240 - Cannot read IP mode file for STMicroelectronics.FP-SNS-STBOX1.2.0.0
2025-03-19 11:10:52,029 [WARN] PackLoader:240 - Cannot read IP mode file for STMicroelectronics.X-CUBE-SUBG2.5.0.0
2025-03-19 11:10:52,051 [WARN] PackLoader:240 - Cannot read IP mode file for Cesanta.I-CUBE-Mongoose.7.13.0
2025-03-19 11:10:52,093 [WARN] PackLoader:240 - Cannot read IP mode file for STMicroelectronics.X-CUBE-AZRTOS-G4.2.0.0
2025-03-19 11:10:52,219 [WARN] PackLoader:240 - Cannot read IP mode file for STMicroelectronics.X-CUBE-ISPU.2.0.0
2025-03-19 11:10:52,233 [ERROR] Engine:466 - C:\Users\Banuka\.stm32cubemx\thirdparties\pdsc\STMicroelectronics.X-CUBE-IPS.3.1.0.pdsc: PDSC version is not supported
2025-03-19 11:10:52,248 [WARN] PackLoader:240 - Cannot read IP mode file for STMicroelectronics.X-CUBE-ALS.1.0.2
2025-03-19 11:10:52,301 [WARN] PackLoader:240 - Cannot read IP mode file for STMicroelectronics.X-CUBE-MEMS1.10.0.0
2025-03-19 11:10:52,392 [WARN] PackLoader:240 - Cannot read IP mode file for STMicroelectronics.X-CUBE-TOUCHGFX.4.24.0
2025-03-19 11:10:52,406 [WARN] PackLoader:240 - Cannot read IP mode file for STMicroelectronics.X-CUBE-TOUCHGFX.4.24.2
2025-03-19 11:10:52,424 [WARN] PackLoader:240 - Cannot read IP mode file for STMicroelectronics.X-CUBE-TOUCHGFX.4.24.1
2025-03-19 11:10:52,444 [WARN] PackLoader:240 - Cannot read IP mode file for wolfSSL.I-CUBE-wolfTPM.3.4.0
2025-03-19 11:10:52,470 [WARN] PackLoader:240 - Cannot read IP mode file for portGmbH.I-Cube-SoM-uGOAL.1.1.0
2025-03-19 11:10:52,524 [WARN] PackLoader:240 - Cannot read IP mode file for STMicroelectronics.X-CUBE-AZRTOS-H7RS.1.0.0
2025-03-19 11:10:52,554 [WARN] PackLoader:240 - Cannot read IP mode file for STMicroelectronics.FP-ATR-ASTRA1.2.0.0
2025-03-19 11:10:52,587 [WARN] PackLoader:240 - Cannot read IP mode file for STMicroelectronics.X-CUBE-TOF1.3.4.2
2025-03-19 11:10:52,644 [WARN] PackLoader:240 - Cannot read IP mode file for Infineon.AIROC-Wi-Fi-Bluetooth-STM32.1.6.1
2025-03-19 11:10:52,693 [WARN] PackLoader:240 - Cannot read IP mode file for STMicroelectronics.X-CUBE-AZRTOS-H7.3.2.0
2025-03-19 11:10:52,729 [WARN] PackLoader:240 - Cannot read IP mode file for Infineon.AIROC-Wi-Fi-Bluetooth-STM32.1.6.0
2025-03-19 11:10:52,762 [WARN] PackLoader:240 - Cannot read IP mode file for wolfSSL.I-CUBE-wolfSSH.1.4.17
2025-03-19 11:10:52,763 [INFO] ThirdParty:978 - Integrity check success = true
2025-03-19 11:10:52,763 [INFO] IntegrityCheckThread:100 - exiting critical section [integrity check]
2025-03-19 11:10:52,764 [INFO] IntegrityCheckThread:103 - End integrity checks thread
2025-03-19 11:10:52,964 [INFO] WebApp:167 - Instantiating new browser for Auth
2025-03-19 11:10:54,003 [INFO] WebApp:448 - Apply proxy settings
2025-03-19 11:10:54,003 [INFO] WebApp:533 - Chromium requires no authentication
2025-03-19 11:10:54,019 [INFO] WebApp:476 - Direct internet connection detected
2025-03-19 11:10:54,052 [INFO] WebApp:869 - Register for checkConnection events
2025-03-19 11:10:54,052 [INFO] WebApp:448 - Apply proxy settings
2025-03-19 11:10:54,052 [INFO] WebApp:533 - Chromium requires no authentication
2025-03-19 11:10:54,053 [INFO] WebApp:476 - Direct internet connection detected
2025-03-19 11:10:54,241 [INFO] WebApp:220 - Starting web application
2025-03-19 11:10:54,241 [INFO] WebApp:578 - Web application path used C:\ST\STM32CubeIDE_1.16.0\STM32CubeIDE\plugins\com.st.stm32cube.common.mx_6.12.0.202406281431\db\plugins\mcufinder\reactClient1\index.html
2025-03-19 11:10:54,420 [INFO] UserAuth:417 - Internet connection configuration mode: 1
2025-03-19 11:10:54,607 [INFO] WebApp:186 - Connection restablished
2025-03-19 11:40:09,858 [ERROR] LogOutputStream:75 - [STDERR_REDIRECT] 
2025-03-19 11:40:09,865 [ERROR] LogOutputStream:75 - [STDERR_REDIRECT] 
2025-03-19 11:41:36,302 [INFO] Activator:176 - 


2025-03-19 11:41:36,305 [INFO] Activator:177 - !SESSION log4j initialized
2025-03-19 11:41:41,573 [INFO] LogOutputStream:77 - [STDOUT_REDIRECT] 
2025-03-19 11:41:44,844 [INFO] ApplicationProperties:184 - Using Application install path: C:\ST\STM32CubeIDE_1.16.0\STM32CubeIDE\plugins\com.st.stm32cube.common.mx_6.14.0.202502271554
2025-03-19 11:41:44,865 [INFO] DbMcusXml:78 - Set database path to: C:\ST\STM32CubeIDE_1.16.0\STM32CubeIDE\plugins\com.st.stm32cube.common.mx_6.14.0.202502271554\\db\/mcu/
2025-03-19 11:41:44,865 [INFO] ApiDb:274 - Set plugin database path to: C:\ST\STM32CubeIDE_1.16.0\STM32CubeIDE\plugins\com.st.stm32cube.common.mx_6.14.0.202502271554\\db\/plugins/boardmanager/
2025-03-19 11:41:44,866 [WARN] ApiDb:259 - Overriding images path with different value:  => C:\ST\STM32CubeIDE_1.16.0\STM32CubeIDE\plugins\com.st.stm32cube.common.mx_6.14.0.202502271554\\db\/plugins/mcufinder/images/
2025-03-19 11:41:47,054 [INFO] ApiDb:250 - Set database path to: C:\Users\Banuka\.stmcufinder\plugins\mcufinder//mcu/
2025-03-19 11:41:47,056 [INFO] DbMcusAds:125 - Set database path to: C:\Users\Banuka\.stmcufinder\plugins\mcufinder//mcu/
2025-03-19 11:41:47,059 [INFO] CrossReferenceDbSqlite:203 - Set database path to: C:\Users\Banuka\.stmcufinder\plugins\mcufinder//mcu/cs/
2025-03-19 11:41:47,186 [INFO] RulesReader:64 - Compatibility file has been processed (301 Rules)
2025-03-19 11:41:47,325 [INFO] DbMcusXml:78 - Set database path to: C:\ST\STM32CubeIDE_1.16.0\STM32CubeIDE\plugins\com.st.stm32cube.common.mx_6.14.0.202502271554\\db\/mcu/
2025-03-19 11:41:47,325 [INFO] ApiDb:274 - Set plugin database path to: C:\ST\STM32CubeIDE_1.16.0\STM32CubeIDE\plugins\com.st.stm32cube.common.mx_6.14.0.202502271554\\db\/plugins/boardmanager/
2025-03-19 11:41:47,326 [INFO] ApiDb:261 - Set plugin images path to: C:\ST\STM32CubeIDE_1.16.0\STM32CubeIDE\plugins\com.st.stm32cube.common.mx_6.14.0.202502271554\\db\/plugins/mcufinder/images/
2025-03-19 11:41:47,326 [WARN] DbFile:41 - Overriding database path with different value: C:\Users\Banuka\.stmcufinder\plugins\mcufinder/ => C:\Users\Banuka\.stmcufinder\plugins\mcufinder
2025-03-19 11:41:47,326 [INFO] ApiDb:250 - Set database path to: C:\Users\Banuka\.stmcufinder\plugins\mcufinder//mcu/
2025-03-19 11:41:47,326 [WARN] DbFile:41 - Overriding database path with different value: C:\Users\Banuka\.stmcufinder\plugins\mcufinder/ => C:\Users\Banuka\.stmcufinder\plugins\mcufinder
2025-03-19 11:41:47,326 [INFO] DbMcusAds:125 - Set database path to: C:\Users\Banuka\.stmcufinder\plugins\mcufinder//mcu/
2025-03-19 11:41:47,326 [WARN] DbFile:41 - Overriding database path with different value: C:\Users\Banuka\.stmcufinder\plugins\mcufinder/ => C:\Users\Banuka\.stmcufinder\plugins\mcufinder
2025-03-19 11:41:47,326 [WARN] DbFile:41 - Overriding database path with different value: C:\Users\Banuka\.stmcufinder\plugins\mcufinder/ => C:\Users\Banuka\.stmcufinder\plugins\mcufinder
2025-03-19 11:41:47,326 [INFO] CrossReferenceDbSqlite:203 - Set database path to: C:\Users\Banuka\.stmcufinder\plugins\mcufinder//mcu/cs/
2025-03-19 11:41:47,449 [INFO] MainPanel:272 - HeapMemory: 268435456
2025-03-19 11:41:47,551 [INFO] DbMcusXml:78 - Set database path to: C:\ST\STM32CubeIDE_1.16.0\STM32CubeIDE\plugins\com.st.stm32cube.common.mx_6.14.0.202502271554\\db\/mcu/
2025-03-19 11:41:47,551 [INFO] ApiDb:274 - Set plugin database path to: C:\ST\STM32CubeIDE_1.16.0\STM32CubeIDE\plugins\com.st.stm32cube.common.mx_6.14.0.202502271554\\db\/plugins/boardmanager/
2025-03-19 11:41:47,551 [INFO] ApiDb:261 - Set plugin images path to: C:\ST\STM32CubeIDE_1.16.0\STM32CubeIDE\plugins\com.st.stm32cube.common.mx_6.14.0.202502271554\\db\/plugins/mcufinder/images/
2025-03-19 11:41:47,551 [WARN] DbFile:41 - Overriding database path with different value: C:\Users\Banuka\.stmcufinder\plugins\mcufinder/ => C:\Users\Banuka\.stmcufinder\plugins\mcufinder
2025-03-19 11:41:47,551 [INFO] ApiDb:250 - Set database path to: C:\Users\Banuka\.stmcufinder\plugins\mcufinder//mcu/
2025-03-19 11:41:47,551 [WARN] DbFile:41 - Overriding database path with different value: C:\Users\Banuka\.stmcufinder\plugins\mcufinder/ => C:\Users\Banuka\.stmcufinder\plugins\mcufinder
2025-03-19 11:41:47,551 [INFO] DbMcusAds:125 - Set database path to: C:\Users\Banuka\.stmcufinder\plugins\mcufinder//mcu/
2025-03-19 11:41:47,551 [WARN] DbFile:41 - Overriding database path with different value: C:\Users\Banuka\.stmcufinder\plugins\mcufinder/ => C:\Users\Banuka\.stmcufinder\plugins\mcufinder
2025-03-19 11:41:47,551 [WARN] DbFile:41 - Overriding database path with different value: C:\Users\Banuka\.stmcufinder\plugins\mcufinder/ => C:\Users\Banuka\.stmcufinder\plugins\mcufinder
2025-03-19 11:41:47,552 [INFO] CrossReferenceDbSqlite:203 - Set database path to: C:\Users\Banuka\.stmcufinder\plugins\mcufinder//mcu/cs/
2025-03-19 11:41:47,573 [INFO] ApplicationProperties:184 - Using Application install path: C:\ST\STM32CubeIDE_1.16.0\STM32CubeIDE\plugins\com.st.stm32cube.common.mx_6.14.0.202502271554
2025-03-19 11:41:47,574 [INFO] PluginManage:196 - Search for loadable plugins [exclusion list=, ]
2025-03-19 11:41:47,576 [INFO] PluginManage:310 - Check plugin analytics
2025-03-19 11:41:47,885 [INFO] AnalyticsPlugin:253 - Accepted Software Licenses: 
2025-03-19 11:41:47,885 [INFO] AnalyticsPlugin:255 - Accepted CMSIS Pack Licenses: 
2025-03-19 11:41:47,885 [INFO] AnalyticsPlugin:257 - Accepted Firmware Licenses: FW.F4.1.28.0
2025-03-19 11:41:47,896 [INFO] PluginManage:359 - Loaded plugin analytics (category:tool,tabindex:-1)
2025-03-19 11:41:47,897 [INFO] PluginManage:310 - Check plugin cadmodel
2025-03-19 11:41:47,907 [INFO] CADModel:105 - Init CAD model plugin
2025-03-19 11:41:47,909 [INFO] PluginManage:359 - Loaded plugin cadmodel (category:power,tabindex:5)
2025-03-19 11:41:47,910 [INFO] PluginManage:310 - Check plugin clock
2025-03-19 11:41:47,943 [INFO] PluginManage:359 - Loaded plugin clock (category:base,tabindex:2)
2025-03-19 11:41:47,943 [INFO] PluginManage:310 - Check plugin ddr
2025-03-19 11:41:47,952 [INFO] PluginManage:359 - Loaded plugin ddr (category:tool,tabindex:6)
2025-03-19 11:41:47,953 [INFO] PluginManage:310 - Check plugin filemanager
2025-03-19 11:41:48,140 [INFO] PluginManage:359 - Loaded plugin filemanager (category:base,tabindex:10)
2025-03-19 11:41:48,140 [INFO] PluginManage:310 - Check plugin ipmanager
2025-03-19 11:41:48,152 [INFO] PluginManage:359 - Loaded plugin ipmanager (category:base,tabindex:5)
2025-03-19 11:41:48,152 [INFO] PluginManage:310 - Check plugin lpbam
2025-03-19 11:41:48,185 [INFO] PluginManage:359 - Loaded plugin lpbam (category:base,tabindex:0)
2025-03-19 11:41:48,185 [INFO] PluginManage:310 - Check plugin memorymap
2025-03-19 11:41:48,210 [INFO] PluginManage:359 - Loaded plugin memorymap (category:base,tabindex:4)
2025-03-19 11:41:48,210 [INFO] PluginManage:310 - Check plugin pinoutandconfiguration
2025-03-19 11:41:48,233 [INFO] PluginManage:359 - Loaded plugin pinoutandconfiguration (category:base,tabindex:1)
2025-03-19 11:41:48,233 [INFO] PluginManage:310 - Check plugin pinoutconfig
2025-03-19 11:41:48,421 [WARN] SupportedApi:132 - Cannot load RTOS API schema: s4s-elt-must-match.1: The content of 'definitions' must match (annotation?, (simpleType | complexType)?, (unique | key | keyref)*)). A problem was found starting at: attribute.
2025-03-19 11:41:48,529 [INFO] PluginManage:359 - Loaded plugin pinoutconfig (category:base,tabindex:0)
2025-03-19 11:41:48,530 [INFO] PluginManage:310 - Check plugin power
2025-03-19 11:41:48,544 [INFO] PluginManage:359 - Loaded plugin power (category:power,tabindex:4)
2025-03-19 11:41:48,544 [INFO] PluginManage:310 - Check plugin projectmanager
2025-03-19 11:41:48,558 [INFO] PluginManage:359 - Loaded plugin projectmanager (category:projectmanager,tabindex:4)
2025-03-19 11:41:48,559 [INFO] PluginManage:310 - Check plugin rif
2025-03-19 11:41:48,565 [INFO] PluginManage:359 - Loaded plugin rif (category:base,tabindex:3)
2025-03-19 11:41:48,565 [INFO] PluginManage:310 - Check plugin thirdparty
2025-03-19 11:41:48,728 [WARN] IntegrityCheckThread:84 - waiting for thirdparty lock release [integrity check]
2025-03-19 11:41:48,729 [INFO] IntegrityCheckThread:86 - entering critical section [integrity check]
2025-03-19 11:41:48,729 [INFO] ThirdPartyUpdaterWithRetryManager:70 - Updater plugin not ready yet. [1/15]
2025-03-19 11:41:48,731 [INFO] PluginManage:359 - Loaded plugin thirdparty (category:base,tabindex:-1)
2025-03-19 11:41:48,731 [INFO] PluginManage:310 - Check plugin tools
2025-03-19 11:41:48,740 [INFO] PluginManage:359 - Loaded plugin tools (category:base,tabindex:7)
2025-03-19 11:41:48,740 [INFO] PluginManage:310 - Check plugin tutovideos
2025-03-19 11:41:48,893 [INFO] PluginManage:359 - Loaded plugin tutovideos (category:base,tabindex:-1)
2025-03-19 11:41:48,893 [INFO] PluginManage:310 - Check plugin updater
2025-03-19 11:41:48,921 [INFO] PluginManage:359 - Loaded plugin updater (category:base,tabindex:12)
2025-03-19 11:41:48,921 [INFO] PluginManage:310 - Check plugin userauth
2025-03-19 11:41:48,931 [INFO] UserAuth:118 - Init User Auth plugin
2025-03-19 11:41:48,933 [INFO] PluginManage:359 - Loaded plugin userauth (category:base,tabindex:14)
2025-03-19 11:41:48,935 [INFO] PluginManage:283 - PluginManage : Loaded plugins [18]
2025-03-19 11:41:49,185 [INFO] PinOutPanel:1589 - setPackage(No Configuration,No Configuration)
2025-03-19 11:41:49,300 [INFO] CADModel:165 - CPN selected for project level
2025-03-19 11:41:49,300 [INFO] CADModel:114 - Register for checkConnection events
2025-03-19 11:41:49,330 [INFO] IPUIPlugin:80 - create IPUIPlugin
2025-03-19 11:41:49,331 [INFO] PluginManager:220 - loadIPPluginJar : add adc
2025-03-19 11:41:49,334 [INFO] IPUIPlugin:80 - create IPUIPlugin
2025-03-19 11:41:49,335 [INFO] PluginManager:220 - loadIPPluginJar : add aes
2025-03-19 11:41:49,338 [INFO] IPUIPlugin:80 - create IPUIPlugin
2025-03-19 11:41:49,339 [INFO] PluginManager:220 - loadIPPluginJar : add can
2025-03-19 11:41:49,341 [INFO] IPUIPlugin:80 - create IPUIPlugin
2025-03-19 11:41:49,341 [INFO] PluginManager:220 - loadIPPluginJar : add comp
2025-03-19 11:41:49,343 [INFO] IPUIPlugin:80 - create IPUIPlugin
2025-03-19 11:41:49,343 [INFO] PluginManager:220 - loadIPPluginJar : add cryp
2025-03-19 11:41:49,348 [INFO] IPUIPlugin:80 - create IPUIPlugin
2025-03-19 11:41:49,349 [INFO] PluginManager:220 - loadIPPluginJar : add ddr_ctrl_phy
2025-03-19 11:41:49,354 [INFO] IPUIPlugin:80 - create IPUIPlugin
2025-03-19 11:41:49,354 [INFO] PluginManager:220 - loadIPPluginJar : add dfsdm
2025-03-19 11:41:49,360 [INFO] IPUIPlugin:80 - create IPUIPlugin
2025-03-19 11:41:49,361 [INFO] PluginManager:220 - loadIPPluginJar : add dma
2025-03-19 11:41:49,364 [INFO] IPUIPlugin:80 - create IPUIPlugin
2025-03-19 11:41:49,365 [INFO] PluginManager:220 - loadIPPluginJar : add dma3
2025-03-19 11:41:49,369 [INFO] IPUIPlugin:80 - create IPUIPlugin
2025-03-19 11:41:49,369 [INFO] PluginManager:220 - loadIPPluginJar : add extmemmanager
2025-03-19 11:41:49,372 [INFO] IPUIPlugin:80 - create IPUIPlugin
2025-03-19 11:41:49,372 [INFO] PluginManager:220 - loadIPPluginJar : add fatfs
2025-03-19 11:41:49,376 [INFO] IPUIPlugin:80 - create IPUIPlugin
2025-03-19 11:41:49,376 [INFO] PluginManager:220 - loadIPPluginJar : add fmc
2025-03-19 11:41:49,382 [INFO] IPUIPlugin:80 - create IPUIPlugin
2025-03-19 11:41:49,382 [INFO] PluginManager:220 - loadIPPluginJar : add freertos
2025-03-19 11:41:49,384 [INFO] IPUIPlugin:80 - create IPUIPlugin
2025-03-19 11:41:49,385 [INFO] PluginManager:220 - loadIPPluginJar : add genericplugin
2025-03-19 11:41:49,389 [INFO] IPUIPlugin:80 - create IPUIPlugin
2025-03-19 11:41:49,389 [INFO] PluginManager:220 - loadIPPluginJar : add gfxmmu
2025-03-19 11:41:49,396 [INFO] IPUIPlugin:80 - create IPUIPlugin
2025-03-19 11:41:49,396 [INFO] PluginManager:220 - loadIPPluginJar : add gic
2025-03-19 11:41:49,401 [INFO] IPUIPlugin:80 - create IPUIPlugin
2025-03-19 11:41:49,401 [INFO] PluginManager:220 - loadIPPluginJar : add gpio
2025-03-19 11:41:49,407 [INFO] IPUIPlugin:80 - create IPUIPlugin
2025-03-19 11:41:49,407 [INFO] PluginManager:220 - loadIPPluginJar : add gtzc
2025-03-19 11:41:49,410 [INFO] IPUIPlugin:80 - create IPUIPlugin
2025-03-19 11:41:49,411 [INFO] PluginManager:220 - loadIPPluginJar : add hash
2025-03-19 11:41:49,415 [INFO] IPUIPlugin:80 - create IPUIPlugin
2025-03-19 11:41:49,415 [INFO] PluginManager:220 - loadIPPluginJar : add i2c
2025-03-19 11:41:49,418 [INFO] IPUIPlugin:80 - create IPUIPlugin
2025-03-19 11:41:49,418 [INFO] PluginManager:220 - loadIPPluginJar : add i2s
2025-03-19 11:41:49,425 [INFO] IPUIPlugin:80 - create IPUIPlugin
2025-03-19 11:41:49,425 [INFO] PluginManager:220 - loadIPPluginJar : add i3c
2025-03-19 11:41:49,431 [INFO] IPUIPlugin:80 - create IPUIPlugin
2025-03-19 11:41:49,431 [INFO] PluginManager:220 - loadIPPluginJar : add ipddr
2025-03-19 11:41:49,443 [INFO] IPUIPlugin:80 - create IPUIPlugin
2025-03-19 11:41:49,443 [INFO] PluginManager:220 - loadIPPluginJar : add linkedlist
2025-03-19 11:41:49,451 [INFO] IPUIPlugin:80 - create IPUIPlugin
2025-03-19 11:41:49,451 [INFO] PluginManager:220 - loadIPPluginJar : add lorawan
2025-03-19 11:41:49,458 [INFO] IPUIPlugin:80 - create IPUIPlugin
2025-03-19 11:41:49,458 [INFO] PluginManager:220 - loadIPPluginJar : add ltdc
2025-03-19 11:41:49,467 [INFO] IPUIPlugin:80 - create IPUIPlugin
2025-03-19 11:41:49,468 [INFO] PluginManager:220 - loadIPPluginJar : add mdma
2025-03-19 11:41:49,477 [INFO] IPUIPlugin:80 - create IPUIPlugin
2025-03-19 11:41:49,477 [INFO] PluginManager:220 - loadIPPluginJar : add nvic
2025-03-19 11:41:49,484 [INFO] IPUIPlugin:80 - create IPUIPlugin
2025-03-19 11:41:49,484 [INFO] PluginManager:220 - loadIPPluginJar : add opamp
2025-03-19 11:41:49,496 [INFO] IPUIPlugin:80 - create IPUIPlugin
2025-03-19 11:41:49,496 [INFO] PluginManager:220 - loadIPPluginJar : add openamp
2025-03-19 11:41:49,503 [INFO] IPUIPlugin:80 - create IPUIPlugin
2025-03-19 11:41:49,503 [INFO] PluginManager:220 - loadIPPluginJar : add pdm2pcm
2025-03-19 11:41:49,515 [INFO] IPUIPlugin:80 - create IPUIPlugin
2025-03-19 11:41:49,528 [INFO] PluginManager:220 - loadIPPluginJar : add plateformsettings
2025-03-19 11:41:49,532 [INFO] IPUIPlugin:80 - create IPUIPlugin
2025-03-19 11:41:49,532 [INFO] PluginManager:220 - loadIPPluginJar : add quadspi
2025-03-19 11:41:49,535 [INFO] IPUIPlugin:80 - create IPUIPlugin
2025-03-19 11:41:49,540 [INFO] PluginManager:220 - loadIPPluginJar : add radio
2025-03-19 11:41:49,548 [INFO] IPUIPlugin:80 - create IPUIPlugin
2025-03-19 11:41:49,548 [INFO] PluginManager:220 - loadIPPluginJar : add resmgrutility
2025-03-19 11:41:49,563 [INFO] IPUIPlugin:80 - create IPUIPlugin
2025-03-19 11:41:49,564 [INFO] PluginManager:220 - loadIPPluginJar : add sai
2025-03-19 11:41:49,570 [INFO] IPUIPlugin:80 - create IPUIPlugin
2025-03-19 11:41:49,571 [INFO] PluginManager:220 - loadIPPluginJar : add spi
2025-03-19 11:41:49,582 [INFO] IPUIPlugin:80 - create IPUIPlugin
2025-03-19 11:41:49,582 [INFO] PluginManager:220 - loadIPPluginJar : add stm32_wpan
2025-03-19 11:41:49,586 [INFO] IPUIPlugin:80 - create IPUIPlugin
2025-03-19 11:41:49,586 [INFO] PluginManager:220 - loadIPPluginJar : add tim
2025-03-19 11:41:49,599 [INFO] IPUIPlugin:80 - create IPUIPlugin
2025-03-19 11:41:49,599 [INFO] PluginManager:220 - loadIPPluginJar : add touchsensing
2025-03-19 11:41:49,607 [INFO] IPUIPlugin:80 - create IPUIPlugin
2025-03-19 11:41:49,607 [INFO] PluginManager:220 - loadIPPluginJar : add tracer_emb
2025-03-19 11:41:49,609 [INFO] IPUIPlugin:80 - create IPUIPlugin
2025-03-19 11:41:49,610 [INFO] PluginManager:220 - loadIPPluginJar : add ts
2025-03-19 11:41:49,613 [INFO] IPUIPlugin:80 - create IPUIPlugin
2025-03-19 11:41:49,613 [INFO] PluginManager:220 - loadIPPluginJar : add tsc
2025-03-19 11:41:49,618 [INFO] IPUIPlugin:80 - create IPUIPlugin
2025-03-19 11:41:49,618 [INFO] PluginManager:220 - loadIPPluginJar : add ucpd
2025-03-19 11:41:49,626 [INFO] IPUIPlugin:80 - create IPUIPlugin
2025-03-19 11:41:49,626 [INFO] PluginManager:220 - loadIPPluginJar : add usart
2025-03-19 11:41:49,633 [INFO] IPUIPlugin:80 - create IPUIPlugin
2025-03-19 11:41:49,633 [INFO] PluginManager:220 - loadIPPluginJar : add usbx
2025-03-19 11:41:49,790 [FATAL] Updater:351 - Updater called before beeing initialized
2025-03-19 11:41:49,863 [INFO] RulesReader:64 - Compatibility file has been processed (301 Rules)
2025-03-19 11:41:49,878 [INFO] RulesReader:64 - Compatibility file has been processed (301 Rules)
2025-03-19 11:41:49,904 [INFO] CADModel:165 - CPN selected for project level
2025-03-19 11:41:49,905 [INFO] CADModel:114 - Register for checkConnection events
2025-03-19 11:41:49,906 [FATAL] Updater:351 - Updater called before beeing initialized
2025-03-19 11:41:49,907 [ERROR] CADModel:125 - Updater not yet initialized, retry later 
2025-03-19 11:41:50,191 [FATAL] Updater:351 - Updater called before beeing initialized
2025-03-19 11:41:50,193 [INFO] CADModel:165 - CPN selected for project level
2025-03-19 11:41:50,193 [INFO] CADModel:114 - Register for checkConnection events
2025-03-19 11:41:50,193 [FATAL] Updater:351 - Updater called before beeing initialized
2025-03-19 11:41:50,193 [ERROR] CADModel:125 - Updater not yet initialized, retry later 
2025-03-19 11:41:50,200 [FATAL] Updater:351 - Updater called before beeing initialized
2025-03-19 11:41:50,381 [FATAL] Updater:351 - Updater called before beeing initialized
2025-03-19 11:41:50,384 [INFO] DbMcusAds:53 - JSON generation date=Thu Sep 30 12:25:09 IST 2021 (1632984909247)
2025-03-19 11:41:50,385 [FATAL] Updater:351 - Updater called before beeing initialized
2025-03-19 11:41:50,425 [WARN] DetailPanel:346 - Failed to get advertising image, set to default
2025-03-19 11:41:50,633 [FATAL] Updater:351 - Updater called before beeing initialized
2025-03-19 11:41:50,634 [FATAL] Updater:351 - Updater called before beeing initialized
2025-03-19 11:41:50,634 [FATAL] Updater:351 - Updater called before beeing initialized
2025-03-19 11:41:50,634 [WARN] DetailPanel:346 - Failed to get advertising image, set to default
2025-03-19 11:41:50,635 [FATAL] Updater:351 - Updater called before beeing initialized
2025-03-19 11:41:50,766 [ERROR] Updater:1198 - MainUpdater not yet initialized. External WinMGr cannot be set.
2025-03-19 11:41:50,780 [INFO] Updater:1134 - Updater Version found : 6.14.0
2025-03-19 11:41:50,799 [INFO] ApplicationProperties:184 - Using Application install path: C:\ST\STM32CubeIDE_1.16.0\STM32CubeIDE\plugins\com.st.stm32cube.common.mx_6.14.0.202502271554
2025-03-19 11:41:51,736 [INFO] ThirdPartyUpdaterWithRetryManager:70 - Updater plugin not ready yet. [2/15]
2025-03-19 11:41:52,448 [ERROR] LogOutputStream:75 - [STDERR_REDIRECT] Mar 19, 2025 11:41:52 AM java.util.prefs.WindowsPreferences <init>
2025-03-19 11:41:52,450 [ERROR] LogOutputStream:75 - [STDERR_REDIRECT] WARNING: Could not open/create prefs root node Software\JavaSoft\Prefs at root 0xffffffff80000002. Windows RegCreateKeyEx(...) returned error code 5.
2025-03-19 11:41:52,450 [ERROR] LogOutputStream:75 - [STDERR_REDIRECT] 
2025-03-19 11:41:52,517 [INFO] MainUpdater:525 - Copy updater definitions from MX database
2025-03-19 11:41:54,604 [INFO] MainUpdater:2872 - connection check result : 10
2025-03-19 11:41:54,605 [INFO] MainUpdater:3566 - Updater definition file requires update
2025-03-19 11:41:54,610 [INFO] MainUpdater:289 - Updater Check For Update Now.
2025-03-19 11:41:54,611 [INFO] MicroXplorer:498 - Change Database Version : DB.6.0.140
2025-03-19 11:41:54,649 [INFO] McuFinderGlobals:63 - Set McuFinder mode to 2 (CubeIDE integrated)
2025-03-19 11:41:54,674 [INFO] UserAuth:486 - Internet connection configuration mode: 1
2025-03-19 11:41:54,696 [INFO] JxBrowserEngine:152 - Initiate JxBrowser Engine with user profile folder
2025-03-19 11:41:54,744 [WARN] MainUpdater:1193 - Updater busy. Cannot search thirdparties
2025-03-19 11:41:54,744 [INFO] ThirdPartyUpdaterWithRetryManager:96 - Updater plugin is busy. [1/15]
2025-03-19 11:41:55,430 [INFO] ServerAccessManage:473 - Download File updaters.zip
2025-03-19 11:41:57,760 [WARN] MainUpdater:1193 - Updater busy. Cannot search thirdparties
2025-03-19 11:41:57,760 [INFO] ThirdPartyUpdaterWithRetryManager:96 - Updater plugin is busy. [2/15]
2025-03-19 11:41:59,360 [INFO] FileExtend:242 - Unzip File : updaters.zip
2025-03-19 11:41:59,360 [INFO] FileExtend:257 - Standard Zip Deflate
2025-03-19 11:42:00,761 [WARN] MainUpdater:1193 - Updater busy. Cannot search thirdparties
2025-03-19 11:42:00,761 [INFO] ThirdPartyUpdaterWithRetryManager:96 - Updater plugin is busy. [3/15]
2025-03-19 11:42:00,804 [INFO] ServerAccessManage:473 - Download File PacksControlFlags.xml
2025-03-19 11:42:01,677 [INFO] ServerAccessManage:473 - Download File cubemx.pidx
2025-03-19 11:42:01,855 [INFO] LoadServerUpdatesThread:375 - End of LoadServerUpdate Thread
2025-03-19 11:42:02,057 [INFO] CheckServerUpdateThread:120 - End of CheckServer Thread
2025-03-19 11:42:04,240 [INFO] WebApp:169 - Instantiating new browser for Auth
2025-03-19 11:42:04,260 [WARN] PackLoader:240 - Cannot read IP mode file for STMicroelectronics.FP-SNS-MOTENVWB1.1.4.0
2025-03-19 11:42:04,306 [WARN] PackLoader:240 - Cannot read IP mode file for STMicroelectronics.FP-ATR-ASTRA1.2.0.1
2025-03-19 11:42:04,338 [WARN] PackLoader:240 - Cannot read IP mode file for STMicroelectronics.X-CUBE-SMBUS.2.1.0
2025-03-19 11:42:04,364 [WARN] PackLoader:240 - Cannot read IP mode file for STMicroelectronics.X-CUBE-WB05N.1.1.0
2025-03-19 11:42:04,426 [WARN] PackLoader:240 - Cannot read IP mode file for STMicroelectronics.X-CUBE-AZRTOS-F7.1.1.0
2025-03-19 11:42:04,516 [WARN] PackLoader:240 - Cannot read IP mode file for STMicroelectronics.X-CUBE-MEMS1.11.0.0
2025-03-19 11:42:04,685 [WARN] PackLoader:240 - Cannot read IP mode file for STMicroelectronics.FP-SNS-FLIGHT1.5.0.2
2025-03-19 11:42:04,699 [WARN] PackLoader:240 - Cannot read IP mode file for STMicroelectronics.X-CUBE-DISPLAY.3.0.0
2025-03-19 11:42:04,711 [WARN] PackLoader:240 - Cannot read IP mode file for STMicroelectronics.X-CUBE-BLE1.7.0.0
2025-03-19 11:42:04,718 [WARN] PackLoader:240 - Cannot read IP mode file for STMicroelectronics.X-CUBE-NFC10.1.0.0
2025-03-19 11:42:04,733 [WARN] PackLoader:240 - Cannot read IP mode file for STMicroelectronics.X-CUBE-BLEMGR.4.0.0
2025-03-19 11:42:04,745 [WARN] PackLoader:240 - Cannot read IP mode file for emotas.I-CUBE-CANOPEN.1.3.0
2025-03-19 11:42:04,756 [WARN] PackLoader:240 - Cannot read IP mode file for STMicroelectronics.X-CUBE-BLEMGR.3.1.0
2025-03-19 11:42:04,768 [WARN] PackLoader:240 - Cannot read IP mode file for STMicroelectronics.FP-SNS-SMARTAG2.1.2.0
2025-03-19 11:42:04,824 [WARN] PackLoader:240 - Cannot read IP mode file for STMicroelectronics.X-CUBE-MEMS1.11.1.0
2025-03-19 11:42:04,924 [INFO] LogOutputStream:77 - [STDOUT_REDIRECT] 1 : Invalid condition id : UX_CORESTACK_Condition cause : null
2025-03-19 11:42:04,927 [INFO] LogOutputStream:77 - [STDOUT_REDIRECT] 1 : Invalid condition id : UX_CORESTACK_Condition cause : null
2025-03-19 11:42:04,929 [INFO] LogOutputStream:77 - [STDOUT_REDIRECT] 1 : Invalid condition id : UX_CORESTACK_Condition cause : null
2025-03-19 11:42:04,932 [INFO] LogOutputStream:77 - [STDOUT_REDIRECT] 1 : Invalid condition id : UX_CORESTACK_Condition cause : null
2025-03-19 11:42:04,935 [INFO] LogOutputStream:77 - [STDOUT_REDIRECT] 1 : Invalid condition id : UX_CORESTACK_Condition cause : null
2025-03-19 11:42:04,937 [WARN] PackLoader:240 - Cannot read IP mode file for STMicroelectronics.X-CUBE-AZRTOS-WL.2.0.0
2025-03-19 11:42:04,944 [WARN] PackLoader:240 - Cannot read IP mode file for STMicroelectronics.FP-SNS-MOTENV1.5.0.0
2025-03-19 11:42:04,950 [WARN] PackLoader:240 - Cannot read IP mode file for wolfSSL.I-CUBE-wolfMQTT.1.19.0
2025-03-19 11:42:04,962 [WARN] PackLoader:240 - Cannot read IP mode file for WES.I-CUBE-Cesium.1.3.0
2025-03-19 11:42:04,968 [WARN] PackLoader:240 - Cannot read IP mode file for STMicroelectronics.X-CUBE-BLE2.3.3.0
2025-03-19 11:42:04,976 [WARN] PackLoader:240 - Cannot read IP mode file for STMicroelectronics.X-CUBE-NFC9.1.0.0
2025-03-19 11:42:04,983 [WARN] PackLoader:240 - Cannot read IP mode file for STMicroelectronics.X-CUBE-TCPP.4.1.0
2025-03-19 11:42:04,997 [WARN] PackLoader:240 - Cannot read IP mode file for STMicroelectronics.X-CUBE-AZRTOS-G0.1.1.0
2025-03-19 11:42:05,008 [WARN] PackLoader:240 - Cannot read IP mode file for STMicroelectronics.X-CUBE-SAFEA1.1.2.2
2025-03-19 11:42:05,015 [WARN] PackLoader:240 - Cannot read IP mode file for STMicroelectronics.X-CUBE-NFC4.3.0.0
2025-03-19 11:42:05,029 [WARN] PackLoader:240 - Cannot read IP mode file for EmbeddedOffice.I-CUBE-FS-RTOS.1.0.1
2025-03-19 11:42:05,034 [WARN] PackLoader:240 - Cannot read IP mode file for STMicroelectronics.X-CUBE-TCPP.4.2.0
2025-03-19 11:42:05,042 [WARN] PackLoader:240 - Cannot read IP mode file for RealThread.X-CUBE-RT-Thread_Nano.4.1.1
2025-03-19 11:42:05,048 [WARN] PackLoader:240 - Cannot read IP mode file for STMicroelectronics.FP-ATR-SIGFOX1.3.2.0
2025-03-19 11:42:05,055 [WARN] PackLoader:240 - Cannot read IP mode file for wolfSSL.I-CUBE-wolfSSL.5.7.2
2025-03-19 11:42:05,062 [WARN] ConditionMgr:438 - getConditionDescription Invalid condition id : Cortex-A Device cause : null
2025-03-19 11:42:05,080 [WARN] ConditionMgr:1044 - genDependencies : Invalid condition id : Cortex-A Device cause : null
2025-03-19 11:42:05,081 [WARN] ConditionMgr:1044 - genDependencies : Invalid condition id : Cortex-A Device cause : null
2025-03-19 11:42:05,081 [WARN] ConditionMgr:1044 - genDependencies : Invalid condition id : Cortex-A Device cause : null
2025-03-19 11:42:05,088 [WARN] PackLoader:240 - Cannot read IP mode file for STMicroelectronics.X-CUBE-EEPRMA1.5.1.0
2025-03-19 11:42:05,097 [WARN] PackLoader:240 - Cannot read IP mode file for ITTIA_DB.I-CUBE-ITTIADB.8.9.0
2025-03-19 11:42:05,131 [WARN] PackLoader:240 - Cannot read IP mode file for SEGGER.I-CUBE-embOS.1.3.1
2025-03-19 11:42:05,166 [WARN] PackLoader:240 - Cannot read IP mode file for STMicroelectronics.X-CUBE-ALGOBUILD.1.4.0
2025-03-19 11:42:05,173 [WARN] PackLoader:240 - Cannot read IP mode file for STMicroelectronics.X-CUBE-AI.9.1.0
2025-03-19 11:42:05,178 [WARN] PackLoader:240 - Cannot read IP mode file for STMicroelectronics.X-CUBE-GNSS1.6.0.0
2025-03-19 11:42:05,195 [WARN] PackLoader:240 - Cannot read IP mode file for STMicroelectronics.X-CUBE-AZRTOS-F4.1.1.0
2025-03-19 11:42:05,202 [WARN] PackLoader:240 - Cannot read IP mode file for STMicroelectronics.X-CUBE-ISPU.2.1.0
2025-03-19 11:42:05,211 [WARN] PackLoader:240 - Cannot read IP mode file for STMicroelectronics.X-CUBE-FREERTOS.1.2.0
2025-03-19 11:42:05,226 [WARN] PackLoader:240 - Cannot read IP mode file for STMicroelectronics.X-CUBE-AZRTOS-L5.2.0.0
2025-03-19 11:42:05,239 [WARN] PackLoader:240 - Cannot read IP mode file for STMicroelectronics.X-CUBE-NFC6.3.1.0
2025-03-19 11:42:05,248 [WARN] PackLoader:240 - Cannot read IP mode file for STMicroelectronics.X-CUBE-DPower.1.2.0
2025-03-19 11:42:05,253 [WARN] PackLoader:240 - Cannot read IP mode file for STMicroelectronics.X-CUBE-AI.9.0.0
2025-03-19 11:42:05,258 [WARN] PackLoader:240 - Cannot read IP mode file for STMicroelectronics.X-CUBE-FREERTOS.1.3.0
2025-03-19 11:42:05,264 [WARN] PackLoader:240 - Cannot read IP mode file for STMicroelectronics.X-CUBE-NFC7.1.0.1
2025-03-19 11:42:05,269 [WARN] PackLoader:240 - Cannot read IP mode file for wolfSSL.I-CUBE-wolfTPM.3.2.0
2025-03-19 11:42:05,282 [WARN] ConditionMgr:438 - getConditionDescription Invalid condition id : LAN8742 Phy interface Condition cause : null
2025-03-19 11:42:05,282 [WARN] PackLoader:240 - Cannot read IP mode file for STMicroelectronics.X-CUBE-AZRTOS-L4.2.0.0
2025-03-19 11:42:05,283 [WARN] ConditionMgr:1044 - genDependencies : Invalid condition id : LAN8742 Phy interface Condition cause : null
2025-03-19 11:42:05,283 [WARN] ConditionMgr:1044 - genDependencies : Invalid condition id : LAN8742 Phy interface Condition cause : null
2025-03-19 11:42:05,283 [WARN] ConditionMgr:1044 - genDependencies : Invalid condition id : LAN8742 Phy interface Condition cause : null
2025-03-19 11:42:05,291 [WARN] PackLoader:240 - Cannot read IP mode file for STMicroelectronics.X-CUBE-SFXS2LP1.4.0.0
2025-03-19 11:42:05,307 [WARN] PackLoader:240 - Cannot read IP mode file for STMicroelectronics.X-CUBE-AZRTOS-H7.3.3.0
2025-03-19 11:42:05,317 [WARN] PackLoader:240 - Cannot read IP mode file for STMicroelectronics.X-CUBE-IPS.3.0.0
2025-03-19 11:42:05,351 [WARN] ConditionMgr:438 - getConditionDescription Invalid condition id : UX DEVICE CLASS RTOS Condition cause : null
2025-03-19 11:42:05,351 [WARN] ConditionMgr:438 - getConditionDescription Invalid condition id : UX DEVICE CLASS RTOS Condition cause : null
2025-03-19 11:42:05,354 [WARN] PackLoader:240 - Cannot read IP mode file for STMicroelectronics.X-CUBE-AZRTOS-WB.2.0.0
2025-03-19 11:42:05,366 [WARN] ConditionMgr:1044 - genDependencies : Invalid condition id : UX DEVICE CLASS RTOS Condition cause : null
2025-03-19 11:42:05,366 [WARN] ConditionMgr:1044 - genDependencies : Invalid condition id : UX DEVICE CLASS RTOS Condition cause : null
2025-03-19 11:42:05,367 [WARN] ConditionMgr:1044 - genDependencies : Invalid condition id : UX DEVICE CLASS RTOS Condition cause : null
2025-03-19 11:42:05,367 [WARN] ConditionMgr:1044 - genDependencies : Invalid condition id : UX DEVICE CLASS RTOS Condition cause : null
2025-03-19 11:42:05,367 [WARN] ConditionMgr:1044 - genDependencies : Invalid condition id : UX DEVICE CLASS RTOS Condition cause : null
2025-03-19 11:42:05,374 [WARN] PackLoader:240 - Cannot read IP mode file for STMicroelectronics.X-CUBE-GNSS1.7.0.0
2025-03-19 11:42:05,381 [WARN] PackLoader:240 - Cannot read IP mode file for STMicroelectronics.X-CUBE-GNSS1.7.0.1
2025-03-19 11:42:05,391 [WARN] PackLoader:240 - Cannot read IP mode file for STMicroelectronics.FP-SNS-STBOX1.2.0.0
2025-03-19 11:42:05,400 [WARN] PackLoader:240 - Cannot read IP mode file for STMicroelectronics.X-CUBE-SUBG2.5.0.0
2025-03-19 11:42:05,413 [WARN] PackLoader:240 - Cannot read IP mode file for Cesanta.I-CUBE-Mongoose.7.13.0
2025-03-19 11:42:05,423 [WARN] PackLoader:240 - Cannot read IP mode file for STMicroelectronics.X-CUBE-AZRTOS-G4.2.0.0
2025-03-19 11:42:05,430 [WARN] PackLoader:240 - Cannot read IP mode file for STMicroelectronics.X-CUBE-ISPU.2.0.0
2025-03-19 11:42:05,447 [WARN] PackLoader:240 - Cannot read IP mode file for STMicroelectronics.X-CUBE-IPS.3.1.0
2025-03-19 11:42:05,458 [WARN] PackLoader:240 - Cannot read IP mode file for STMicroelectronics.X-CUBE-ALS.1.0.2
2025-03-19 11:42:05,482 [WARN] PackLoader:240 - Cannot read IP mode file for STMicroelectronics.X-CUBE-MEMS1.10.0.0
2025-03-19 11:42:05,575 [WARN] PackLoader:240 - Cannot read IP mode file for STMicroelectronics.X-CUBE-TOUCHGFX.4.24.0
2025-03-19 11:42:05,579 [WARN] PackLoader:240 - Cannot read IP mode file for STMicroelectronics.X-CUBE-TOUCHGFX.4.24.2
2025-03-19 11:42:05,584 [WARN] PackLoader:240 - Cannot read IP mode file for STMicroelectronics.X-CUBE-TOUCHGFX.4.24.1
2025-03-19 11:42:05,591 [WARN] PackLoader:240 - Cannot read IP mode file for wolfSSL.I-CUBE-wolfTPM.3.4.0
2025-03-19 11:42:05,600 [WARN] PackLoader:240 - Cannot read IP mode file for portGmbH.I-Cube-SoM-uGOAL.1.1.0
2025-03-19 11:42:05,624 [WARN] PackLoader:240 - Cannot read IP mode file for STMicroelectronics.X-CUBE-AZRTOS-H7RS.1.0.0
2025-03-19 11:42:05,632 [WARN] PackLoader:240 - Cannot read IP mode file for STMicroelectronics.FP-ATR-ASTRA1.2.0.0
2025-03-19 11:42:05,646 [WARN] PackLoader:240 - Cannot read IP mode file for STMicroelectronics.X-CUBE-TOF1.3.4.2
2025-03-19 11:42:05,688 [WARN] PackLoader:240 - Cannot read IP mode file for Infineon.AIROC-Wi-Fi-Bluetooth-STM32.1.6.1
2025-03-19 11:42:05,704 [WARN] PackLoader:240 - Cannot read IP mode file for STMicroelectronics.X-CUBE-AZRTOS-H7.3.2.0
2025-03-19 11:42:05,716 [WARN] PackLoader:240 - Cannot read IP mode file for Infineon.AIROC-Wi-Fi-Bluetooth-STM32.1.6.0
2025-03-19 11:42:05,722 [WARN] PackLoader:240 - Cannot read IP mode file for wolfSSL.I-CUBE-wolfSSH.1.4.17
2025-03-19 11:42:05,723 [INFO] ThirdParty:978 - Integrity check success = true
2025-03-19 11:42:05,723 [INFO] IntegrityCheckThread:100 - exiting critical section [integrity check]
2025-03-19 11:42:05,723 [INFO] IntegrityCheckThread:103 - End integrity checks thread
2025-03-19 11:42:06,260 [INFO] WebApp:463 - Apply proxy settings
2025-03-19 11:42:06,260 [INFO] WebApp:548 - Chromium requires no authentication
2025-03-19 11:42:06,269 [INFO] WebApp:491 - Direct internet connection detected
2025-03-19 11:42:06,309 [INFO] WebApp:894 - Register for checkConnection events
2025-03-19 11:42:06,310 [INFO] WebApp:463 - Apply proxy settings
2025-03-19 11:42:06,310 [INFO] WebApp:548 - Chromium requires no authentication
2025-03-19 11:42:06,310 [INFO] WebApp:491 - Direct internet connection detected
2025-03-19 11:42:06,545 [INFO] WebApp:225 - Starting web application
2025-03-19 11:42:06,545 [INFO] WebApp:593 - Web application path used C:\ST\STM32CubeIDE_1.16.0\STM32CubeIDE\plugins\com.st.stm32cube.common.mx_6.14.0.202502271554\db\plugins\mcufinder\reactClient1\index.html
2025-03-19 11:42:06,649 [INFO] UserAuth:486 - Internet connection configuration mode: 1
2025-03-19 11:42:06,966 [INFO] WebApp:191 - Connection restablished
2025-03-19 11:43:28,774 [ERROR] LogOutputStream:75 - [STDERR_REDIRECT] 
2025-03-19 11:43:28,777 [ERROR] LogOutputStream:75 - [STDERR_REDIRECT] 
