2025-03-18 21:11:51,415 [INFO] Activator:176 - 


2025-03-18 21:11:51,418 [INFO] Activator:177 - !SESSION log4j initialized
2025-03-18 21:11:54,484 [INFO] LogOutputStream:77 - [STDOUT_REDIRECT] 
2025-03-18 21:11:56,242 [INFO] ApplicationProperties:184 - Using Application install path: C:\ST\STM32CubeIDE_1.16.0\STM32CubeIDE\plugins\com.st.stm32cube.common.mx_6.12.0.202406281431
2025-03-18 21:11:56,264 [INFO] DbMcusXml:78 - Set database path to: C:\ST\STM32CubeIDE_1.16.0\STM32CubeIDE\plugins\com.st.stm32cube.common.mx_6.12.0.202406281431\\db\/mcu/
2025-03-18 21:11:56,265 [INFO] ApiDb:274 - Set plugin database path to: C:\ST\STM32CubeIDE_1.16.0\STM32CubeIDE\plugins\com.st.stm32cube.common.mx_6.12.0.202406281431\\db\/plugins/boardmanager/
2025-03-18 21:11:56,294 [WARN] ApiDb:259 - Overriding images path with different value:  => C:\ST\STM32CubeIDE_1.16.0\STM32CubeIDE\plugins\com.st.stm32cube.common.mx_6.12.0.202406281431\\db\/plugins/mcufinder/images/
2025-03-18 21:11:56,298 [INFO] ApiDb:250 - Set database path to: C:\Users\Banuka\.stmcufinder\plugins\mcufinder//mcu/
2025-03-18 21:11:56,299 [INFO] DbMcusAds:125 - Set database path to: C:\Users\Banuka\.stmcufinder\plugins\mcufinder//mcu/
2025-03-18 21:11:56,300 [INFO] CrossReferenceDbSqlite:203 - Set database path to: C:\Users\Banuka\.stmcufinder\plugins\mcufinder//mcu/cs/
2025-03-18 21:11:56,386 [INFO] RulesReader:64 - Compatibility file has been processed (297 Rules)
2025-03-18 21:11:56,513 [INFO] DbMcusXml:78 - Set database path to: C:\ST\STM32CubeIDE_1.16.0\STM32CubeIDE\plugins\com.st.stm32cube.common.mx_6.12.0.202406281431\\db\/mcu/
2025-03-18 21:11:56,513 [INFO] ApiDb:274 - Set plugin database path to: C:\ST\STM32CubeIDE_1.16.0\STM32CubeIDE\plugins\com.st.stm32cube.common.mx_6.12.0.202406281431\\db\/plugins/boardmanager/
2025-03-18 21:11:56,513 [INFO] ApiDb:261 - Set plugin images path to: C:\ST\STM32CubeIDE_1.16.0\STM32CubeIDE\plugins\com.st.stm32cube.common.mx_6.12.0.202406281431\\db\/plugins/mcufinder/images/
2025-03-18 21:11:56,514 [WARN] DbFile:41 - Overriding database path with different value: C:\Users\Banuka\.stmcufinder\plugins\mcufinder/ => C:\Users\Banuka\.stmcufinder\plugins\mcufinder
2025-03-18 21:11:56,514 [INFO] ApiDb:250 - Set database path to: C:\Users\Banuka\.stmcufinder\plugins\mcufinder//mcu/
2025-03-18 21:11:56,514 [WARN] DbFile:41 - Overriding database path with different value: C:\Users\Banuka\.stmcufinder\plugins\mcufinder/ => C:\Users\Banuka\.stmcufinder\plugins\mcufinder
2025-03-18 21:11:56,514 [INFO] DbMcusAds:125 - Set database path to: C:\Users\Banuka\.stmcufinder\plugins\mcufinder//mcu/
2025-03-18 21:11:56,514 [WARN] DbFile:41 - Overriding database path with different value: C:\Users\Banuka\.stmcufinder\plugins\mcufinder/ => C:\Users\Banuka\.stmcufinder\plugins\mcufinder
2025-03-18 21:11:56,514 [WARN] DbFile:41 - Overriding database path with different value: C:\Users\Banuka\.stmcufinder\plugins\mcufinder/ => C:\Users\Banuka\.stmcufinder\plugins\mcufinder
2025-03-18 21:11:56,514 [INFO] CrossReferenceDbSqlite:203 - Set database path to: C:\Users\Banuka\.stmcufinder\plugins\mcufinder//mcu/cs/
2025-03-18 21:11:56,610 [INFO] MainPanel:268 - HeapMemory: 268435456
2025-03-18 21:11:56,672 [INFO] DbMcusXml:78 - Set database path to: C:\ST\STM32CubeIDE_1.16.0\STM32CubeIDE\plugins\com.st.stm32cube.common.mx_6.12.0.202406281431\\db\/mcu/
2025-03-18 21:11:56,672 [INFO] ApiDb:274 - Set plugin database path to: C:\ST\STM32CubeIDE_1.16.0\STM32CubeIDE\plugins\com.st.stm32cube.common.mx_6.12.0.202406281431\\db\/plugins/boardmanager/
2025-03-18 21:11:56,672 [INFO] ApiDb:261 - Set plugin images path to: C:\ST\STM32CubeIDE_1.16.0\STM32CubeIDE\plugins\com.st.stm32cube.common.mx_6.12.0.202406281431\\db\/plugins/mcufinder/images/
2025-03-18 21:11:56,672 [WARN] DbFile:41 - Overriding database path with different value: C:\Users\Banuka\.stmcufinder\plugins\mcufinder/ => C:\Users\Banuka\.stmcufinder\plugins\mcufinder
2025-03-18 21:11:56,672 [INFO] ApiDb:250 - Set database path to: C:\Users\Banuka\.stmcufinder\plugins\mcufinder//mcu/
2025-03-18 21:11:56,672 [WARN] DbFile:41 - Overriding database path with different value: C:\Users\Banuka\.stmcufinder\plugins\mcufinder/ => C:\Users\Banuka\.stmcufinder\plugins\mcufinder
2025-03-18 21:11:56,672 [INFO] DbMcusAds:125 - Set database path to: C:\Users\Banuka\.stmcufinder\plugins\mcufinder//mcu/
2025-03-18 21:11:56,672 [WARN] DbFile:41 - Overriding database path with different value: C:\Users\Banuka\.stmcufinder\plugins\mcufinder/ => C:\Users\Banuka\.stmcufinder\plugins\mcufinder
2025-03-18 21:11:56,673 [WARN] DbFile:41 - Overriding database path with different value: C:\Users\Banuka\.stmcufinder\plugins\mcufinder/ => C:\Users\Banuka\.stmcufinder\plugins\mcufinder
2025-03-18 21:11:56,673 [INFO] CrossReferenceDbSqlite:203 - Set database path to: C:\Users\Banuka\.stmcufinder\plugins\mcufinder//mcu/cs/
2025-03-18 21:11:56,695 [INFO] ApplicationProperties:184 - Using Application install path: C:\ST\STM32CubeIDE_1.16.0\STM32CubeIDE\plugins\com.st.stm32cube.common.mx_6.12.0.202406281431
2025-03-18 21:11:56,696 [INFO] PluginManage:196 - Search for loadable plugins [exclusion list=, ]
2025-03-18 21:11:56,698 [INFO] PluginManage:310 - Check plugin analytics
2025-03-18 21:11:56,965 [INFO] AnalyticsPlugin:253 - Accepted Software Licenses: 
2025-03-18 21:11:56,965 [INFO] AnalyticsPlugin:255 - Accepted CMSIS Pack Licenses: 
2025-03-18 21:11:56,966 [INFO] AnalyticsPlugin:257 - Accepted Firmware Licenses: FW.F4.1.28.0
2025-03-18 21:11:56,971 [INFO] PluginManage:359 - Loaded plugin analytics (category:tool,tabindex:-1)
2025-03-18 21:11:56,971 [INFO] PluginManage:310 - Check plugin cadmodel
2025-03-18 21:11:56,976 [INFO] CADModel:105 - Init CAD model plugin
2025-03-18 21:11:56,976 [INFO] PluginManage:359 - Loaded plugin cadmodel (category:power,tabindex:5)
2025-03-18 21:11:56,976 [INFO] PluginManage:310 - Check plugin clock
2025-03-18 21:11:56,986 [INFO] PluginManage:359 - Loaded plugin clock (category:base,tabindex:2)
2025-03-18 21:11:56,986 [INFO] PluginManage:310 - Check plugin ddr
2025-03-18 21:11:56,989 [INFO] PluginManage:359 - Loaded plugin ddr (category:tool,tabindex:6)
2025-03-18 21:11:56,989 [INFO] PluginManage:310 - Check plugin filemanager
2025-03-18 21:11:57,165 [INFO] PluginManage:359 - Loaded plugin filemanager (category:base,tabindex:10)
2025-03-18 21:11:57,165 [INFO] PluginManage:310 - Check plugin ipmanager
2025-03-18 21:11:57,175 [INFO] PluginManage:359 - Loaded plugin ipmanager (category:base,tabindex:5)
2025-03-18 21:11:57,175 [INFO] PluginManage:310 - Check plugin lpbam
2025-03-18 21:11:57,185 [INFO] PluginManage:359 - Loaded plugin lpbam (category:base,tabindex:0)
2025-03-18 21:11:57,185 [INFO] PluginManage:310 - Check plugin memorymap
2025-03-18 21:11:57,198 [INFO] PluginManage:359 - Loaded plugin memorymap (category:base,tabindex:4)
2025-03-18 21:11:57,199 [INFO] PluginManage:310 - Check plugin pinoutandconfiguration
2025-03-18 21:11:57,206 [INFO] PluginManage:359 - Loaded plugin pinoutandconfiguration (category:base,tabindex:1)
2025-03-18 21:11:57,206 [INFO] PluginManage:310 - Check plugin pinoutconfig
2025-03-18 21:11:57,308 [WARN] SupportedApi:132 - Cannot load RTOS API schema: s4s-elt-must-match.1: The content of 'definitions' must match (annotation?, (simpleType | complexType)?, (unique | key | keyref)*)). A problem was found starting at: attribute.
2025-03-18 21:11:57,414 [INFO] PluginManage:359 - Loaded plugin pinoutconfig (category:base,tabindex:0)
2025-03-18 21:11:57,414 [INFO] PluginManage:310 - Check plugin power
2025-03-18 21:11:57,422 [INFO] PluginManage:359 - Loaded plugin power (category:power,tabindex:4)
2025-03-18 21:11:57,422 [INFO] PluginManage:310 - Check plugin projectmanager
2025-03-18 21:11:57,438 [INFO] PluginManage:359 - Loaded plugin projectmanager (category:projectmanager,tabindex:4)
2025-03-18 21:11:57,438 [INFO] PluginManage:310 - Check plugin rif
2025-03-18 21:11:57,442 [INFO] PluginManage:359 - Loaded plugin rif (category:base,tabindex:3)
2025-03-18 21:11:57,442 [INFO] PluginManage:310 - Check plugin thirdparty
2025-03-18 21:11:57,550 [WARN] IntegrityCheckThread:84 - waiting for thirdparty lock release [integrity check]
2025-03-18 21:11:57,551 [INFO] IntegrityCheckThread:86 - entering critical section [integrity check]
2025-03-18 21:11:57,552 [INFO] PluginManage:359 - Loaded plugin thirdparty (category:base,tabindex:-1)
2025-03-18 21:11:57,552 [INFO] ThirdPartyUpdaterWithRetryManager:70 - Updater plugin not ready yet. [1/15]
2025-03-18 21:11:57,552 [INFO] PluginManage:310 - Check plugin tools
2025-03-18 21:11:57,554 [INFO] PluginManage:359 - Loaded plugin tools (category:base,tabindex:7)
2025-03-18 21:11:57,554 [INFO] PluginManage:310 - Check plugin tutovideos
2025-03-18 21:11:57,673 [INFO] PluginManage:359 - Loaded plugin tutovideos (category:base,tabindex:-1)
2025-03-18 21:11:57,673 [INFO] PluginManage:310 - Check plugin updater
2025-03-18 21:11:57,689 [INFO] PluginManage:359 - Loaded plugin updater (category:base,tabindex:12)
2025-03-18 21:11:57,689 [INFO] PluginManage:310 - Check plugin userauth
2025-03-18 21:11:57,695 [INFO] UserAuth:113 - Init User Auth plugin
2025-03-18 21:11:57,695 [INFO] PluginManage:359 - Loaded plugin userauth (category:base,tabindex:14)
2025-03-18 21:11:57,696 [INFO] PluginManage:283 - PluginManage : Loaded plugins [18]
2025-03-18 21:11:57,948 [INFO] PinOutPanel:1561 - setPackage(No Configuration,No Configuration)
2025-03-18 21:11:58,032 [INFO] CADModel:165 - CPN selected for project level
2025-03-18 21:11:58,032 [INFO] CADModel:114 - Register for checkConnection events
2025-03-18 21:11:58,044 [INFO] IPUIPlugin:80 - create IPUIPlugin
2025-03-18 21:11:58,044 [INFO] PluginManager:220 - loadIPPluginJar : add adc
2025-03-18 21:11:58,046 [INFO] IPUIPlugin:80 - create IPUIPlugin
2025-03-18 21:11:58,046 [INFO] PluginManager:220 - loadIPPluginJar : add aes
2025-03-18 21:11:58,047 [INFO] IPUIPlugin:80 - create IPUIPlugin
2025-03-18 21:11:58,047 [INFO] PluginManager:220 - loadIPPluginJar : add can
2025-03-18 21:11:58,048 [INFO] IPUIPlugin:80 - create IPUIPlugin
2025-03-18 21:11:58,048 [INFO] PluginManager:220 - loadIPPluginJar : add comp
2025-03-18 21:11:58,050 [INFO] IPUIPlugin:80 - create IPUIPlugin
2025-03-18 21:11:58,050 [INFO] PluginManager:220 - loadIPPluginJar : add cryp
2025-03-18 21:11:58,054 [INFO] IPUIPlugin:80 - create IPUIPlugin
2025-03-18 21:11:58,054 [INFO] PluginManager:220 - loadIPPluginJar : add ddr_ctrl_phy
2025-03-18 21:11:58,056 [INFO] IPUIPlugin:80 - create IPUIPlugin
2025-03-18 21:11:58,056 [INFO] PluginManager:220 - loadIPPluginJar : add dfsdm
2025-03-18 21:11:58,060 [INFO] IPUIPlugin:80 - create IPUIPlugin
2025-03-18 21:11:58,060 [INFO] PluginManager:220 - loadIPPluginJar : add dma
2025-03-18 21:11:58,062 [INFO] IPUIPlugin:80 - create IPUIPlugin
2025-03-18 21:11:58,062 [INFO] PluginManager:220 - loadIPPluginJar : add dma3
2025-03-18 21:11:58,065 [INFO] IPUIPlugin:80 - create IPUIPlugin
2025-03-18 21:11:58,065 [INFO] PluginManager:220 - loadIPPluginJar : add extmemmanager
2025-03-18 21:11:58,066 [INFO] IPUIPlugin:80 - create IPUIPlugin
2025-03-18 21:11:58,066 [INFO] PluginManager:220 - loadIPPluginJar : add fatfs
2025-03-18 21:11:58,069 [INFO] IPUIPlugin:80 - create IPUIPlugin
2025-03-18 21:11:58,069 [INFO] PluginManager:220 - loadIPPluginJar : add fmc
2025-03-18 21:11:58,073 [INFO] IPUIPlugin:80 - create IPUIPlugin
2025-03-18 21:11:58,074 [INFO] PluginManager:220 - loadIPPluginJar : add freertos
2025-03-18 21:11:58,075 [INFO] IPUIPlugin:80 - create IPUIPlugin
2025-03-18 21:11:58,075 [INFO] PluginManager:220 - loadIPPluginJar : add genericplugin
2025-03-18 21:11:58,076 [INFO] IPUIPlugin:80 - create IPUIPlugin
2025-03-18 21:11:58,076 [INFO] PluginManager:220 - loadIPPluginJar : add gfxmmu
2025-03-18 21:11:58,080 [INFO] IPUIPlugin:80 - create IPUIPlugin
2025-03-18 21:11:58,080 [INFO] PluginManager:220 - loadIPPluginJar : add gic
2025-03-18 21:11:58,083 [INFO] IPUIPlugin:80 - create IPUIPlugin
2025-03-18 21:11:58,083 [INFO] PluginManager:220 - loadIPPluginJar : add gpio
2025-03-18 21:11:58,086 [INFO] IPUIPlugin:80 - create IPUIPlugin
2025-03-18 21:11:58,086 [INFO] PluginManager:220 - loadIPPluginJar : add gtzc
2025-03-18 21:11:58,088 [INFO] IPUIPlugin:80 - create IPUIPlugin
2025-03-18 21:11:58,088 [INFO] PluginManager:220 - loadIPPluginJar : add hash
2025-03-18 21:11:58,090 [INFO] IPUIPlugin:80 - create IPUIPlugin
2025-03-18 21:11:58,090 [INFO] PluginManager:220 - loadIPPluginJar : add i2c
2025-03-18 21:11:58,092 [INFO] IPUIPlugin:80 - create IPUIPlugin
2025-03-18 21:11:58,093 [INFO] PluginManager:220 - loadIPPluginJar : add i2s
2025-03-18 21:11:58,094 [INFO] IPUIPlugin:80 - create IPUIPlugin
2025-03-18 21:11:58,095 [INFO] PluginManager:220 - loadIPPluginJar : add i3c
2025-03-18 21:11:58,097 [INFO] IPUIPlugin:80 - create IPUIPlugin
2025-03-18 21:11:58,098 [INFO] PluginManager:220 - loadIPPluginJar : add ipddr
2025-03-18 21:11:58,104 [INFO] IPUIPlugin:80 - create IPUIPlugin
2025-03-18 21:11:58,105 [INFO] PluginManager:220 - loadIPPluginJar : add linkedlist
2025-03-18 21:11:58,108 [INFO] IPUIPlugin:80 - create IPUIPlugin
2025-03-18 21:11:58,108 [INFO] PluginManager:220 - loadIPPluginJar : add lorawan
2025-03-18 21:11:58,110 [INFO] IPUIPlugin:80 - create IPUIPlugin
2025-03-18 21:11:58,110 [INFO] PluginManager:220 - loadIPPluginJar : add ltdc
2025-03-18 21:11:58,116 [INFO] IPUIPlugin:80 - create IPUIPlugin
2025-03-18 21:11:58,116 [INFO] PluginManager:220 - loadIPPluginJar : add mdma
2025-03-18 21:11:58,119 [INFO] IPUIPlugin:80 - create IPUIPlugin
2025-03-18 21:11:58,119 [INFO] PluginManager:220 - loadIPPluginJar : add nvic
2025-03-18 21:11:58,121 [INFO] IPUIPlugin:80 - create IPUIPlugin
2025-03-18 21:11:58,121 [INFO] PluginManager:220 - loadIPPluginJar : add opamp
2025-03-18 21:11:58,125 [INFO] IPUIPlugin:80 - create IPUIPlugin
2025-03-18 21:11:58,125 [INFO] PluginManager:220 - loadIPPluginJar : add openamp
2025-03-18 21:11:58,128 [INFO] IPUIPlugin:80 - create IPUIPlugin
2025-03-18 21:11:58,128 [INFO] PluginManager:220 - loadIPPluginJar : add pdm2pcm
2025-03-18 21:11:58,134 [INFO] IPUIPlugin:80 - create IPUIPlugin
2025-03-18 21:11:58,136 [INFO] PluginManager:220 - loadIPPluginJar : add plateformsettings
2025-03-18 21:11:58,138 [INFO] IPUIPlugin:80 - create IPUIPlugin
2025-03-18 21:11:58,138 [INFO] PluginManager:220 - loadIPPluginJar : add quadspi
2025-03-18 21:11:58,140 [INFO] IPUIPlugin:80 - create IPUIPlugin
2025-03-18 21:11:58,141 [INFO] PluginManager:220 - loadIPPluginJar : add radio
2025-03-18 21:11:58,144 [INFO] IPUIPlugin:80 - create IPUIPlugin
2025-03-18 21:11:58,144 [INFO] PluginManager:220 - loadIPPluginJar : add resmgrutility
2025-03-18 21:11:58,146 [INFO] IPUIPlugin:80 - create IPUIPlugin
2025-03-18 21:11:58,146 [INFO] PluginManager:220 - loadIPPluginJar : add sai
2025-03-18 21:11:58,148 [INFO] IPUIPlugin:80 - create IPUIPlugin
2025-03-18 21:11:58,148 [INFO] PluginManager:220 - loadIPPluginJar : add spi
2025-03-18 21:11:58,154 [INFO] IPUIPlugin:80 - create IPUIPlugin
2025-03-18 21:11:58,154 [INFO] PluginManager:220 - loadIPPluginJar : add stm32_wpan
2025-03-18 21:11:58,155 [INFO] IPUIPlugin:80 - create IPUIPlugin
2025-03-18 21:11:58,155 [INFO] PluginManager:220 - loadIPPluginJar : add tim
2025-03-18 21:11:58,161 [INFO] IPUIPlugin:80 - create IPUIPlugin
2025-03-18 21:11:58,161 [INFO] PluginManager:220 - loadIPPluginJar : add touchsensing
2025-03-18 21:11:58,163 [INFO] IPUIPlugin:80 - create IPUIPlugin
2025-03-18 21:11:58,163 [INFO] PluginManager:220 - loadIPPluginJar : add tracer_emb
2025-03-18 21:11:58,166 [INFO] IPUIPlugin:80 - create IPUIPlugin
2025-03-18 21:11:58,166 [INFO] PluginManager:220 - loadIPPluginJar : add ts
2025-03-18 21:11:58,168 [INFO] IPUIPlugin:80 - create IPUIPlugin
2025-03-18 21:11:58,168 [INFO] PluginManager:220 - loadIPPluginJar : add tsc
2025-03-18 21:11:58,170 [INFO] IPUIPlugin:80 - create IPUIPlugin
2025-03-18 21:11:58,171 [INFO] PluginManager:220 - loadIPPluginJar : add ucpd
2025-03-18 21:11:58,174 [INFO] IPUIPlugin:80 - create IPUIPlugin
2025-03-18 21:11:58,174 [INFO] PluginManager:220 - loadIPPluginJar : add usart
2025-03-18 21:11:58,177 [INFO] IPUIPlugin:80 - create IPUIPlugin
2025-03-18 21:11:58,178 [INFO] PluginManager:220 - loadIPPluginJar : add usbx
2025-03-18 21:11:58,405 [INFO] CADModel:165 - CPN selected for project level
2025-03-18 21:11:58,405 [INFO] CADModel:114 - Register for checkConnection events
2025-03-18 21:11:58,405 [FATAL] Updater:334 - Updater called before beeing initialized
2025-03-18 21:11:58,405 [ERROR] CADModel:125 - Updater not yet initialized, retry later 
2025-03-18 21:11:58,543 [INFO] CADModel:165 - CPN selected for project level
2025-03-18 21:11:58,543 [INFO] CADModel:114 - Register for checkConnection events
2025-03-18 21:11:58,543 [FATAL] Updater:334 - Updater called before beeing initialized
2025-03-18 21:11:58,543 [ERROR] CADModel:125 - Updater not yet initialized, retry later 
2025-03-18 21:11:58,546 [FATAL] Updater:334 - Updater called before beeing initialized
2025-03-18 21:11:58,662 [FATAL] Updater:334 - Updater called before beeing initialized
2025-03-18 21:11:58,665 [INFO] DbMcusAds:53 - JSON generation date=Tue Dec 17 21:31:15 IST 2024 (1734451275222)
2025-03-18 21:11:58,665 [FATAL] Updater:334 - Updater called before beeing initialized
2025-03-18 21:11:58,690 [WARN] DetailPanel:346 - Failed to get advertising image, set to default
2025-03-18 21:11:58,764 [FATAL] Updater:334 - Updater called before beeing initialized
2025-03-18 21:11:58,765 [FATAL] Updater:334 - Updater called before beeing initialized
2025-03-18 21:11:58,765 [FATAL] Updater:334 - Updater called before beeing initialized
2025-03-18 21:11:58,766 [WARN] DetailPanel:346 - Failed to get advertising image, set to default
2025-03-18 21:11:58,766 [FATAL] Updater:334 - Updater called before beeing initialized
2025-03-18 21:11:58,815 [ERROR] Updater:1164 - MainUpdater not yet initialized. External WinMGr cannot be set.
2025-03-18 21:11:58,817 [INFO] Updater:1100 - Updater Version found : 6.12.0
2025-03-18 21:11:58,835 [INFO] ApplicationProperties:184 - Using Application install path: C:\ST\STM32CubeIDE_1.16.0\STM32CubeIDE\plugins\com.st.stm32cube.common.mx_6.12.0.202406281431
2025-03-18 21:12:00,429 [ERROR] LogOutputStream:75 - [STDERR_REDIRECT] Mar 18, 2025 9:12:00 PM java.util.prefs.WindowsPreferences <init>
2025-03-18 21:12:00,433 [ERROR] LogOutputStream:75 - [STDERR_REDIRECT] WARNING: Could not open/create prefs root node Software\JavaSoft\Prefs at root 0xffffffff80000002. Windows RegCreateKeyEx(...) returned error code 5.
2025-03-18 21:12:00,433 [ERROR] LogOutputStream:75 - [STDERR_REDIRECT] 
2025-03-18 21:12:00,553 [INFO] ThirdPartyUpdaterWithRetryManager:70 - Updater plugin not ready yet. [2/15]
2025-03-18 21:12:00,943 [INFO] MainUpdater:2873 - connection check result : 10
2025-03-18 21:12:00,946 [INFO] MainUpdater:290 - Updater Check For Update Now.
2025-03-18 21:12:00,946 [INFO] MicroXplorer:498 - Change Database Version : DB.6.0.120
2025-03-18 21:12:00,972 [INFO] McuFinderGlobals:63 - Set McuFinder mode to 2 (CubeIDE integrated)
2025-03-18 21:12:00,975 [INFO] UserAuth:417 - Internet connection configuration mode: 1
2025-03-18 21:12:01,026 [INFO] JxBrowserEngine:152 - Initiate JxBrowser Engine with user profile folder
2025-03-18 21:12:01,142 [INFO] CheckServerUpdateThread:120 - End of CheckServer Thread
2025-03-18 21:12:01,991 [INFO] WebApp:167 - Instantiating new browser for Auth
2025-03-18 21:12:02,964 [INFO] WebApp:448 - Apply proxy settings
2025-03-18 21:12:02,964 [INFO] WebApp:533 - Chromium requires no authentication
2025-03-18 21:12:02,973 [INFO] WebApp:476 - Direct internet connection detected
2025-03-18 21:12:02,995 [INFO] WebApp:869 - Register for checkConnection events
2025-03-18 21:12:02,995 [INFO] WebApp:448 - Apply proxy settings
2025-03-18 21:12:02,995 [INFO] WebApp:533 - Chromium requires no authentication
2025-03-18 21:12:02,996 [INFO] WebApp:476 - Direct internet connection detected
2025-03-18 21:12:03,123 [INFO] WebApp:220 - Starting web application
2025-03-18 21:12:03,123 [INFO] WebApp:578 - Web application path used C:\ST\STM32CubeIDE_1.16.0\STM32CubeIDE\plugins\com.st.stm32cube.common.mx_6.12.0.202406281431\db\plugins\mcufinder\reactClient1\index.html
2025-03-18 21:12:03,207 [INFO] UserAuth:417 - Internet connection configuration mode: 1
2025-03-18 21:12:03,817 [INFO] WebApp:186 - Connection restablished
2025-03-18 21:12:04,014 [WARN] PackLoader:240 - Cannot read IP mode file for STMicroelectronics.FP-SNS-MOTENVWB1.1.4.0
2025-03-18 21:12:04,033 [WARN] PackLoader:240 - Cannot read IP mode file for STMicroelectronics.FP-ATR-ASTRA1.2.0.1
2025-03-18 21:12:04,051 [WARN] PackLoader:240 - Cannot read IP mode file for STMicroelectronics.X-CUBE-SMBUS.2.1.0
2025-03-18 21:12:04,070 [WARN] PackLoader:240 - Cannot read IP mode file for STMicroelectronics.X-CUBE-WB05N.1.1.0
2025-03-18 21:12:04,117 [WARN] PackLoader:240 - Cannot read IP mode file for STMicroelectronics.X-CUBE-AZRTOS-F7.1.1.0
2025-03-18 21:12:04,196 [WARN] PackLoader:240 - Cannot read IP mode file for STMicroelectronics.X-CUBE-MEMS1.11.0.0
2025-03-18 21:12:04,388 [WARN] PackLoader:240 - Cannot read IP mode file for STMicroelectronics.FP-SNS-FLIGHT1.5.0.2
2025-03-18 21:12:04,402 [WARN] PackLoader:240 - Cannot read IP mode file for STMicroelectronics.X-CUBE-DISPLAY.3.0.0
2025-03-18 21:12:04,412 [WARN] PackLoader:240 - Cannot read IP mode file for STMicroelectronics.X-CUBE-BLE1.7.0.0
2025-03-18 21:12:04,422 [WARN] PackLoader:240 - Cannot read IP mode file for STMicroelectronics.X-CUBE-NFC10.1.0.0
2025-03-18 21:12:04,438 [WARN] PackLoader:240 - Cannot read IP mode file for STMicroelectronics.X-CUBE-BLEMGR.4.0.0
2025-03-18 21:12:04,447 [WARN] PackLoader:240 - Cannot read IP mode file for emotas.I-CUBE-CANOPEN.1.3.0
2025-03-18 21:12:04,459 [WARN] PackLoader:240 - Cannot read IP mode file for STMicroelectronics.X-CUBE-BLEMGR.3.1.0
2025-03-18 21:12:04,468 [WARN] PackLoader:240 - Cannot read IP mode file for STMicroelectronics.FP-SNS-SMARTAG2.1.2.0
2025-03-18 21:12:04,511 [WARN] PackLoader:240 - Cannot read IP mode file for STMicroelectronics.X-CUBE-MEMS1.11.1.0
2025-03-18 21:12:04,632 [INFO] LogOutputStream:77 - [STDOUT_REDIRECT] 1 : Invalid condition id : UX_CORESTACK_Condition cause : null
2025-03-18 21:12:04,633 [INFO] LogOutputStream:77 - [STDOUT_REDIRECT] 1 : Invalid condition id : UX_CORESTACK_Condition cause : null
2025-03-18 21:12:04,634 [INFO] LogOutputStream:77 - [STDOUT_REDIRECT] 1 : Invalid condition id : UX_CORESTACK_Condition cause : null
2025-03-18 21:12:04,637 [INFO] LogOutputStream:77 - [STDOUT_REDIRECT] 1 : Invalid condition id : UX_CORESTACK_Condition cause : null
2025-03-18 21:12:04,638 [INFO] LogOutputStream:77 - [STDOUT_REDIRECT] 1 : Invalid condition id : UX_CORESTACK_Condition cause : null
2025-03-18 21:12:04,640 [WARN] PackLoader:240 - Cannot read IP mode file for STMicroelectronics.X-CUBE-AZRTOS-WL.2.0.0
2025-03-18 21:12:04,645 [WARN] PackLoader:240 - Cannot read IP mode file for STMicroelectronics.FP-SNS-MOTENV1.5.0.0
2025-03-18 21:12:04,651 [WARN] PackLoader:240 - Cannot read IP mode file for wolfSSL.I-CUBE-wolfMQTT.1.19.0
2025-03-18 21:12:04,662 [WARN] PackLoader:240 - Cannot read IP mode file for WES.I-CUBE-Cesium.1.3.0
2025-03-18 21:12:04,670 [WARN] PackLoader:240 - Cannot read IP mode file for STMicroelectronics.X-CUBE-BLE2.3.3.0
2025-03-18 21:12:04,679 [WARN] PackLoader:240 - Cannot read IP mode file for STMicroelectronics.X-CUBE-NFC9.1.0.0
2025-03-18 21:12:04,685 [WARN] PackLoader:240 - Cannot read IP mode file for STMicroelectronics.X-CUBE-TCPP.4.1.0
2025-03-18 21:12:04,699 [WARN] PackLoader:240 - Cannot read IP mode file for STMicroelectronics.X-CUBE-AZRTOS-G0.1.1.0
2025-03-18 21:12:04,709 [WARN] PackLoader:240 - Cannot read IP mode file for STMicroelectronics.X-CUBE-SAFEA1.1.2.2
2025-03-18 21:12:04,716 [WARN] PackLoader:240 - Cannot read IP mode file for STMicroelectronics.X-CUBE-NFC4.3.0.0
2025-03-18 21:12:04,727 [WARN] PackLoader:240 - Cannot read IP mode file for EmbeddedOffice.I-CUBE-FS-RTOS.1.0.1
2025-03-18 21:12:04,727 [ERROR] ConditionMgr:805 - Attr not supported : Dmpu
2025-03-18 21:12:04,727 [ERROR] ConditionMgr:805 - Attr not supported : Dmpu
2025-03-18 21:12:04,728 [ERROR] ConditionMgr:805 - Attr not supported : Dmpu
2025-03-18 21:12:04,728 [ERROR] ConditionMgr:805 - Attr not supported : Dmpu
2025-03-18 21:12:04,728 [ERROR] ConditionMgr:805 - Attr not supported : Dmpu
2025-03-18 21:12:04,728 [ERROR] ConditionMgr:805 - Attr not supported : Dmpu
2025-03-18 21:12:04,728 [ERROR] ConditionMgr:805 - Attr not supported : Dmpu
2025-03-18 21:12:04,728 [ERROR] ConditionMgr:805 - Attr not supported : Dmpu
2025-03-18 21:12:04,728 [ERROR] ConditionMgr:805 - Attr not supported : Dmpu
2025-03-18 21:12:04,728 [ERROR] ConditionMgr:805 - Attr not supported : Dmpu
2025-03-18 21:12:04,728 [ERROR] ConditionMgr:805 - Attr not supported : Dmpu
2025-03-18 21:12:04,728 [ERROR] ConditionMgr:805 - Attr not supported : Dmpu
2025-03-18 21:12:04,728 [ERROR] ConditionMgr:805 - Attr not supported : Dmpu
2025-03-18 21:12:04,728 [ERROR] ConditionMgr:805 - Attr not supported : Dmpu
2025-03-18 21:12:04,728 [ERROR] ConditionMgr:805 - Attr not supported : Dmpu
2025-03-18 21:12:04,728 [ERROR] ConditionMgr:805 - Attr not supported : Dmpu
2025-03-18 21:12:04,728 [ERROR] ConditionMgr:805 - Attr not supported : Dmpu
2025-03-18 21:12:04,728 [ERROR] ConditionMgr:805 - Attr not supported : Dmpu
2025-03-18 21:12:04,728 [ERROR] ConditionMgr:805 - Attr not supported : Dmpu
2025-03-18 21:12:04,728 [ERROR] ConditionMgr:805 - Attr not supported : Dmpu
2025-03-18 21:12:04,728 [ERROR] ConditionMgr:805 - Attr not supported : Dmpu
2025-03-18 21:12:04,729 [ERROR] ConditionMgr:805 - Attr not supported : Dmpu
2025-03-18 21:12:04,729 [ERROR] ConditionMgr:805 - Attr not supported : Dmpu
2025-03-18 21:12:04,729 [ERROR] ConditionMgr:805 - Attr not supported : Dmpu
2025-03-18 21:12:04,729 [ERROR] ConditionMgr:805 - Attr not supported : Dmpu
2025-03-18 21:12:04,729 [ERROR] ConditionMgr:805 - Attr not supported : Dmpu
2025-03-18 21:12:04,729 [ERROR] ConditionMgr:805 - Attr not supported : Dmpu
2025-03-18 21:12:04,729 [ERROR] ConditionMgr:805 - Attr not supported : Dmpu
2025-03-18 21:12:04,729 [ERROR] ConditionMgr:805 - Attr not supported : Dmpu
2025-03-18 21:12:04,729 [ERROR] ConditionMgr:805 - Attr not supported : Dmpu
2025-03-18 21:12:04,729 [ERROR] ConditionMgr:805 - Attr not supported : Dmpu
2025-03-18 21:12:04,729 [ERROR] ConditionMgr:805 - Attr not supported : Dmpu
2025-03-18 21:12:04,729 [ERROR] ConditionMgr:805 - Attr not supported : Dmpu
2025-03-18 21:12:04,729 [ERROR] ConditionMgr:805 - Attr not supported : Dmpu
2025-03-18 21:12:04,729 [ERROR] ConditionMgr:805 - Attr not supported : Dmpu
2025-03-18 21:12:04,729 [ERROR] ConditionMgr:805 - Attr not supported : Dmpu
2025-03-18 21:12:04,729 [ERROR] ConditionMgr:805 - Attr not supported : Dmpu
2025-03-18 21:12:04,730 [ERROR] ConditionMgr:805 - Attr not supported : Dmpu
2025-03-18 21:12:04,730 [ERROR] ConditionMgr:805 - Attr not supported : Dmpu
2025-03-18 21:12:04,730 [ERROR] ConditionMgr:805 - Attr not supported : Dmpu
2025-03-18 21:12:04,730 [ERROR] ConditionMgr:805 - Attr not supported : Dmpu
2025-03-18 21:12:04,730 [ERROR] ConditionMgr:805 - Attr not supported : Dmpu
2025-03-18 21:12:04,730 [ERROR] ConditionMgr:805 - Attr not supported : Dmpu
2025-03-18 21:12:04,730 [ERROR] ConditionMgr:805 - Attr not supported : Dmpu
2025-03-18 21:12:04,730 [ERROR] ConditionMgr:805 - Attr not supported : Dmpu
2025-03-18 21:12:04,730 [ERROR] ConditionMgr:805 - Attr not supported : Dmpu
2025-03-18 21:12:04,730 [ERROR] ConditionMgr:805 - Attr not supported : Dmpu
2025-03-18 21:12:04,730 [ERROR] ConditionMgr:805 - Attr not supported : Dmpu
2025-03-18 21:12:04,730 [ERROR] ConditionMgr:805 - Attr not supported : Dmpu
2025-03-18 21:12:04,730 [ERROR] ConditionMgr:805 - Attr not supported : Dmpu
2025-03-18 21:12:04,730 [ERROR] ConditionMgr:805 - Attr not supported : Dmpu
2025-03-18 21:12:04,730 [ERROR] ConditionMgr:805 - Attr not supported : Dmpu
2025-03-18 21:12:04,730 [ERROR] ConditionMgr:805 - Attr not supported : Dmpu
2025-03-18 21:12:04,730 [ERROR] ConditionMgr:805 - Attr not supported : Dmpu
2025-03-18 21:12:04,730 [ERROR] ConditionMgr:805 - Attr not supported : Dmpu
2025-03-18 21:12:04,730 [ERROR] ConditionMgr:805 - Attr not supported : Dmpu
2025-03-18 21:12:04,730 [ERROR] ConditionMgr:805 - Attr not supported : Dmpu
2025-03-18 21:12:04,730 [ERROR] ConditionMgr:805 - Attr not supported : Dmpu
2025-03-18 21:12:04,730 [ERROR] ConditionMgr:805 - Attr not supported : Dmpu
2025-03-18 21:12:04,730 [ERROR] ConditionMgr:805 - Attr not supported : Dmpu
2025-03-18 21:12:04,730 [ERROR] ConditionMgr:805 - Attr not supported : Dmpu
2025-03-18 21:12:04,730 [ERROR] ConditionMgr:805 - Attr not supported : Dmpu
2025-03-18 21:12:04,731 [ERROR] ConditionMgr:805 - Attr not supported : Dmpu
2025-03-18 21:12:04,731 [ERROR] ConditionMgr:805 - Attr not supported : Dmpu
2025-03-18 21:12:04,734 [ERROR] Engine:466 - C:\Users\Banuka\.stm32cubemx\thirdparties\pdsc\STMicroelectronics.X-CUBE-TCPP.4.2.0.pdsc: PDSC version is not supported
2025-03-18 21:12:04,740 [WARN] PackLoader:240 - Cannot read IP mode file for RealThread.X-CUBE-RT-Thread_Nano.4.1.1
2025-03-18 21:12:04,744 [WARN] PackLoader:240 - Cannot read IP mode file for STMicroelectronics.FP-ATR-SIGFOX1.3.2.0
2025-03-18 21:12:04,748 [WARN] PackLoader:240 - Cannot read IP mode file for wolfSSL.I-CUBE-wolfSSL.5.7.2
2025-03-18 21:12:04,754 [WARN] ConditionMgr:438 - getConditionDescription Invalid condition id : Cortex-A Device cause : null
2025-03-18 21:12:04,770 [WARN] ConditionMgr:1039 - genDependencies : Invalid condition id : Cortex-A Device cause : null
2025-03-18 21:12:04,770 [WARN] ConditionMgr:1039 - genDependencies : Invalid condition id : Cortex-A Device cause : null
2025-03-18 21:12:04,770 [WARN] ConditionMgr:1039 - genDependencies : Invalid condition id : Cortex-A Device cause : null
2025-03-18 21:12:04,775 [WARN] PackLoader:240 - Cannot read IP mode file for STMicroelectronics.X-CUBE-EEPRMA1.5.1.0
2025-03-18 21:12:04,781 [WARN] PackLoader:240 - Cannot read IP mode file for ITTIA_DB.I-CUBE-ITTIADB.8.9.0
2025-03-18 21:12:04,816 [WARN] PackLoader:240 - Cannot read IP mode file for SEGGER.I-CUBE-embOS.1.3.1
2025-03-18 21:12:04,843 [WARN] PackLoader:240 - Cannot read IP mode file for STMicroelectronics.X-CUBE-ALGOBUILD.1.4.0
2025-03-18 21:12:04,847 [WARN] PackLoader:240 - Cannot read IP mode file for STMicroelectronics.X-CUBE-AI.9.1.0
2025-03-18 21:12:04,853 [WARN] PackLoader:240 - Cannot read IP mode file for STMicroelectronics.X-CUBE-GNSS1.6.0.0
2025-03-18 21:12:04,862 [WARN] PackLoader:240 - Cannot read IP mode file for STMicroelectronics.X-CUBE-AZRTOS-F4.1.1.0
2025-03-18 21:12:04,868 [WARN] PackLoader:240 - Cannot read IP mode file for STMicroelectronics.X-CUBE-ISPU.2.1.0
2025-03-18 21:12:04,873 [WARN] PackLoader:240 - Cannot read IP mode file for STMicroelectronics.X-CUBE-FREERTOS.1.2.0
2025-03-18 21:12:04,887 [WARN] PackLoader:240 - Cannot read IP mode file for STMicroelectronics.X-CUBE-AZRTOS-L5.2.0.0
2025-03-18 21:12:04,897 [WARN] PackLoader:240 - Cannot read IP mode file for STMicroelectronics.X-CUBE-NFC6.3.1.0
2025-03-18 21:12:04,906 [WARN] PackLoader:240 - Cannot read IP mode file for STMicroelectronics.X-CUBE-DPower.1.2.0
2025-03-18 21:12:04,909 [WARN] PackLoader:240 - Cannot read IP mode file for STMicroelectronics.X-CUBE-AI.9.0.0
2025-03-18 21:12:04,913 [WARN] PackLoader:240 - Cannot read IP mode file for STMicroelectronics.X-CUBE-FREERTOS.1.3.0
2025-03-18 21:12:04,918 [WARN] PackLoader:240 - Cannot read IP mode file for STMicroelectronics.X-CUBE-NFC7.1.0.1
2025-03-18 21:12:04,924 [WARN] PackLoader:240 - Cannot read IP mode file for wolfSSL.I-CUBE-wolfTPM.3.2.0
2025-03-18 21:12:04,944 [WARN] ConditionMgr:438 - getConditionDescription Invalid condition id : LAN8742 Phy interface Condition cause : null
2025-03-18 21:12:04,945 [WARN] PackLoader:240 - Cannot read IP mode file for STMicroelectronics.X-CUBE-AZRTOS-L4.2.0.0
2025-03-18 21:12:04,946 [WARN] ConditionMgr:1039 - genDependencies : Invalid condition id : LAN8742 Phy interface Condition cause : null
2025-03-18 21:12:04,947 [WARN] ConditionMgr:1039 - genDependencies : Invalid condition id : LAN8742 Phy interface Condition cause : null
2025-03-18 21:12:04,947 [WARN] ConditionMgr:1039 - genDependencies : Invalid condition id : LAN8742 Phy interface Condition cause : null
2025-03-18 21:12:04,956 [WARN] PackLoader:240 - Cannot read IP mode file for STMicroelectronics.X-CUBE-SFXS2LP1.4.0.0
2025-03-18 21:12:04,967 [WARN] PackLoader:240 - Cannot read IP mode file for STMicroelectronics.X-CUBE-AZRTOS-H7.3.3.0
2025-03-18 21:12:04,977 [WARN] PackLoader:240 - Cannot read IP mode file for STMicroelectronics.X-CUBE-IPS.3.0.0
2025-03-18 21:12:04,987 [WARN] ConditionMgr:438 - getConditionDescription Invalid condition id : UX DEVICE CLASS RTOS Condition cause : null
2025-03-18 21:12:04,988 [WARN] ConditionMgr:438 - getConditionDescription Invalid condition id : UX DEVICE CLASS RTOS Condition cause : null
2025-03-18 21:12:04,989 [WARN] PackLoader:240 - Cannot read IP mode file for STMicroelectronics.X-CUBE-AZRTOS-WB.2.0.0
2025-03-18 21:12:04,989 [WARN] ConditionMgr:1039 - genDependencies : Invalid condition id : UX DEVICE CLASS RTOS Condition cause : null
2025-03-18 21:12:04,989 [WARN] ConditionMgr:1039 - genDependencies : Invalid condition id : UX DEVICE CLASS RTOS Condition cause : null
2025-03-18 21:12:04,989 [WARN] ConditionMgr:1039 - genDependencies : Invalid condition id : UX DEVICE CLASS RTOS Condition cause : null
2025-03-18 21:12:04,989 [WARN] ConditionMgr:1039 - genDependencies : Invalid condition id : UX DEVICE CLASS RTOS Condition cause : null
2025-03-18 21:12:04,989 [WARN] ConditionMgr:1039 - genDependencies : Invalid condition id : UX DEVICE CLASS RTOS Condition cause : null
2025-03-18 21:12:04,993 [WARN] PackLoader:240 - Cannot read IP mode file for STMicroelectronics.X-CUBE-GNSS1.7.0.0
2025-03-18 21:12:04,998 [WARN] PackLoader:240 - Cannot read IP mode file for STMicroelectronics.X-CUBE-GNSS1.7.0.1
2025-03-18 21:12:05,004 [WARN] PackLoader:240 - Cannot read IP mode file for STMicroelectronics.FP-SNS-STBOX1.2.0.0
2025-03-18 21:12:05,013 [WARN] PackLoader:240 - Cannot read IP mode file for STMicroelectronics.X-CUBE-SUBG2.5.0.0
2025-03-18 21:12:05,021 [WARN] PackLoader:240 - Cannot read IP mode file for Cesanta.I-CUBE-Mongoose.7.13.0
2025-03-18 21:12:05,029 [WARN] PackLoader:240 - Cannot read IP mode file for STMicroelectronics.X-CUBE-AZRTOS-G4.2.0.0
2025-03-18 21:12:05,032 [WARN] PackLoader:240 - Cannot read IP mode file for STMicroelectronics.X-CUBE-ISPU.2.0.0
2025-03-18 21:12:05,037 [ERROR] Engine:466 - C:\Users\Banuka\.stm32cubemx\thirdparties\pdsc\STMicroelectronics.X-CUBE-IPS.3.1.0.pdsc: PDSC version is not supported
2025-03-18 21:12:05,041 [WARN] PackLoader:240 - Cannot read IP mode file for STMicroelectronics.X-CUBE-ALS.1.0.2
2025-03-18 21:12:05,062 [WARN] PackLoader:240 - Cannot read IP mode file for STMicroelectronics.X-CUBE-MEMS1.10.0.0
2025-03-18 21:12:05,123 [WARN] PackLoader:240 - Cannot read IP mode file for STMicroelectronics.X-CUBE-TOUCHGFX.4.24.0
2025-03-18 21:12:05,126 [WARN] PackLoader:240 - Cannot read IP mode file for STMicroelectronics.X-CUBE-TOUCHGFX.4.24.2
2025-03-18 21:12:05,129 [WARN] PackLoader:240 - Cannot read IP mode file for STMicroelectronics.X-CUBE-TOUCHGFX.4.24.1
2025-03-18 21:12:05,131 [WARN] PackLoader:240 - Cannot read IP mode file for wolfSSL.I-CUBE-wolfTPM.3.4.0
2025-03-18 21:12:05,138 [WARN] PackLoader:240 - Cannot read IP mode file for portGmbH.I-Cube-SoM-uGOAL.1.1.0
2025-03-18 21:12:05,153 [WARN] PackLoader:240 - Cannot read IP mode file for STMicroelectronics.X-CUBE-AZRTOS-H7RS.1.0.0
2025-03-18 21:12:05,157 [WARN] PackLoader:240 - Cannot read IP mode file for STMicroelectronics.FP-ATR-ASTRA1.2.0.0
2025-03-18 21:12:05,165 [WARN] PackLoader:240 - Cannot read IP mode file for STMicroelectronics.X-CUBE-TOF1.3.4.2
2025-03-18 21:12:05,193 [WARN] PackLoader:240 - Cannot read IP mode file for Infineon.AIROC-Wi-Fi-Bluetooth-STM32.1.6.1
2025-03-18 21:12:05,212 [WARN] PackLoader:240 - Cannot read IP mode file for STMicroelectronics.X-CUBE-AZRTOS-H7.3.2.0
2025-03-18 21:12:05,223 [WARN] PackLoader:240 - Cannot read IP mode file for Infineon.AIROC-Wi-Fi-Bluetooth-STM32.1.6.0
2025-03-18 21:12:05,233 [WARN] PackLoader:240 - Cannot read IP mode file for wolfSSL.I-CUBE-wolfSSH.1.4.17
2025-03-18 21:12:05,234 [INFO] ThirdParty:978 - Integrity check success = true
2025-03-18 21:12:05,234 [INFO] IntegrityCheckThread:100 - exiting critical section [integrity check]
2025-03-18 21:12:05,234 [INFO] IntegrityCheckThread:103 - End integrity checks thread
2025-03-18 21:13:55,043 [ERROR] LogOutputStream:75 - [STDERR_REDIRECT] 
2025-03-18 21:13:55,045 [ERROR] LogOutputStream:75 - [STDERR_REDIRECT] 
