2025-03-03 19:49:13,896 [INFO] Activator:176 - 


2025-03-03 19:49:13,901 [INFO] Activator:177 - !SESSION log4j initialized
2025-03-03 19:49:19,329 [INFO] LogOutputStream:77 - [STDOUT_REDIRECT] 
2025-03-03 19:49:20,843 [INFO] ApplicationProperties:184 - Using Application install path: C:\ST\STM32CubeIDE_1.15.1\STM32CubeIDE\plugins\com.st.stm32cube.common.mx_6.13.0.202411220809
2025-03-03 19:49:20,856 [INFO] DbMcusXml:78 - Set database path to: C:\ST\STM32CubeIDE_1.15.1\STM32CubeIDE\plugins\com.st.stm32cube.common.mx_6.13.0.202411220809\\db\/mcu/
2025-03-03 19:49:20,857 [INFO] ApiDb:274 - Set plugin database path to: C:\ST\STM32CubeIDE_1.15.1\STM32CubeIDE\plugins\com.st.stm32cube.common.mx_6.13.0.202411220809\\db\/plugins/boardmanager/
2025-03-03 19:49:20,857 [WARN] ApiDb:259 - Overriding images path with different value:  => C:\ST\STM32CubeIDE_1.15.1\STM32CubeIDE\plugins\com.st.stm32cube.common.mx_6.13.0.202411220809\\db\/plugins/mcufinder/images/
2025-03-03 19:49:20,868 [INFO] ApiDb:250 - Set database path to: C:\Users\PANKAJA\.stmcufinder\plugins\mcufinder//mcu/
2025-03-03 19:49:20,869 [INFO] DbMcusAds:125 - Set database path to: C:\Users\PANKAJA\.stmcufinder\plugins\mcufinder//mcu/
2025-03-03 19:49:20,871 [INFO] CrossReferenceDbSqlite:203 - Set database path to: C:\Users\PANKAJA\.stmcufinder\plugins\mcufinder//mcu/cs/
2025-03-03 19:49:20,958 [INFO] RulesReader:64 - Compatibility file has been processed (297 Rules)
2025-03-03 19:49:21,028 [INFO] DbMcusXml:78 - Set database path to: C:\ST\STM32CubeIDE_1.15.1\STM32CubeIDE\plugins\com.st.stm32cube.common.mx_6.13.0.202411220809\\db\/mcu/
2025-03-03 19:49:21,028 [INFO] ApiDb:274 - Set plugin database path to: C:\ST\STM32CubeIDE_1.15.1\STM32CubeIDE\plugins\com.st.stm32cube.common.mx_6.13.0.202411220809\\db\/plugins/boardmanager/
2025-03-03 19:49:21,028 [INFO] ApiDb:261 - Set plugin images path to: C:\ST\STM32CubeIDE_1.15.1\STM32CubeIDE\plugins\com.st.stm32cube.common.mx_6.13.0.202411220809\\db\/plugins/mcufinder/images/
2025-03-03 19:49:21,029 [WARN] DbFile:41 - Overriding database path with different value: C:\Users\PANKAJA\.stmcufinder\plugins\mcufinder/ => C:\Users\PANKAJA\.stmcufinder\plugins\mcufinder
2025-03-03 19:49:21,029 [INFO] ApiDb:250 - Set database path to: C:\Users\PANKAJA\.stmcufinder\plugins\mcufinder//mcu/
2025-03-03 19:49:21,029 [WARN] DbFile:41 - Overriding database path with different value: C:\Users\PANKAJA\.stmcufinder\plugins\mcufinder/ => C:\Users\PANKAJA\.stmcufinder\plugins\mcufinder
2025-03-03 19:49:21,029 [INFO] DbMcusAds:125 - Set database path to: C:\Users\PANKAJA\.stmcufinder\plugins\mcufinder//mcu/
2025-03-03 19:49:21,029 [WARN] DbFile:41 - Overriding database path with different value: C:\Users\PANKAJA\.stmcufinder\plugins\mcufinder/ => C:\Users\PANKAJA\.stmcufinder\plugins\mcufinder
2025-03-03 19:49:21,029 [WARN] DbFile:41 - Overriding database path with different value: C:\Users\PANKAJA\.stmcufinder\plugins\mcufinder/ => C:\Users\PANKAJA\.stmcufinder\plugins\mcufinder
2025-03-03 19:49:21,029 [INFO] CrossReferenceDbSqlite:203 - Set database path to: C:\Users\PANKAJA\.stmcufinder\plugins\mcufinder//mcu/cs/
2025-03-03 19:49:21,096 [INFO] MainPanel:272 - HeapMemory: 268435456
2025-03-03 19:49:21,190 [INFO] DbMcusXml:78 - Set database path to: C:\ST\STM32CubeIDE_1.15.1\STM32CubeIDE\plugins\com.st.stm32cube.common.mx_6.13.0.202411220809\\db\/mcu/
2025-03-03 19:49:21,190 [INFO] ApiDb:274 - Set plugin database path to: C:\ST\STM32CubeIDE_1.15.1\STM32CubeIDE\plugins\com.st.stm32cube.common.mx_6.13.0.202411220809\\db\/plugins/boardmanager/
2025-03-03 19:49:21,190 [INFO] ApiDb:261 - Set plugin images path to: C:\ST\STM32CubeIDE_1.15.1\STM32CubeIDE\plugins\com.st.stm32cube.common.mx_6.13.0.202411220809\\db\/plugins/mcufinder/images/
2025-03-03 19:49:21,190 [WARN] DbFile:41 - Overriding database path with different value: C:\Users\PANKAJA\.stmcufinder\plugins\mcufinder/ => C:\Users\PANKAJA\.stmcufinder\plugins\mcufinder
2025-03-03 19:49:21,190 [INFO] ApiDb:250 - Set database path to: C:\Users\PANKAJA\.stmcufinder\plugins\mcufinder//mcu/
2025-03-03 19:49:21,190 [WARN] DbFile:41 - Overriding database path with different value: C:\Users\PANKAJA\.stmcufinder\plugins\mcufinder/ => C:\Users\PANKAJA\.stmcufinder\plugins\mcufinder
2025-03-03 19:49:21,190 [INFO] DbMcusAds:125 - Set database path to: C:\Users\PANKAJA\.stmcufinder\plugins\mcufinder//mcu/
2025-03-03 19:49:21,190 [WARN] DbFile:41 - Overriding database path with different value: C:\Users\PANKAJA\.stmcufinder\plugins\mcufinder/ => C:\Users\PANKAJA\.stmcufinder\plugins\mcufinder
2025-03-03 19:49:21,191 [WARN] DbFile:41 - Overriding database path with different value: C:\Users\PANKAJA\.stmcufinder\plugins\mcufinder/ => C:\Users\PANKAJA\.stmcufinder\plugins\mcufinder
2025-03-03 19:49:21,191 [INFO] CrossReferenceDbSqlite:203 - Set database path to: C:\Users\PANKAJA\.stmcufinder\plugins\mcufinder//mcu/cs/
2025-03-03 19:49:21,205 [INFO] ApplicationProperties:184 - Using Application install path: C:\ST\STM32CubeIDE_1.15.1\STM32CubeIDE\plugins\com.st.stm32cube.common.mx_6.13.0.202411220809
2025-03-03 19:49:21,206 [INFO] PluginManage:196 - Search for loadable plugins [exclusion list=, ]
2025-03-03 19:49:21,207 [INFO] PluginManage:310 - Check plugin analytics
2025-03-03 19:49:21,340 [INFO] AnalyticsPlugin:253 - Accepted Software Licenses: STM32CubeMX.6.11.1
2025-03-03 19:49:21,340 [INFO] AnalyticsPlugin:255 - Accepted CMSIS Pack Licenses: STMicroelectronics.X-CUBE-AI.9.0.0,STMicroelectronics.X-CUBE-AI.8.1.0
2025-03-03 19:49:21,341 [INFO] AnalyticsPlugin:257 - Accepted Firmware Licenses: FW.F4.1.28.0
2025-03-03 19:49:21,342 [INFO] PluginManage:359 - Loaded plugin analytics (category:tool,tabindex:-1)
2025-03-03 19:49:21,343 [INFO] PluginManage:310 - Check plugin cadmodel
2025-03-03 19:49:21,357 [INFO] CADModel:105 - Init CAD model plugin
2025-03-03 19:49:21,358 [INFO] PluginManage:359 - Loaded plugin cadmodel (category:power,tabindex:5)
2025-03-03 19:49:21,358 [INFO] PluginManage:310 - Check plugin clock
2025-03-03 19:49:21,373 [INFO] PluginManage:359 - Loaded plugin clock (category:base,tabindex:2)
2025-03-03 19:49:21,374 [INFO] PluginManage:310 - Check plugin ddr
2025-03-03 19:49:21,376 [INFO] PluginManage:359 - Loaded plugin ddr (category:tool,tabindex:6)
2025-03-03 19:49:21,376 [INFO] PluginManage:310 - Check plugin filemanager
2025-03-03 19:49:21,488 [INFO] PluginManage:359 - Loaded plugin filemanager (category:base,tabindex:10)
2025-03-03 19:49:21,488 [INFO] PluginManage:310 - Check plugin ipmanager
2025-03-03 19:49:21,493 [INFO] PluginManage:359 - Loaded plugin ipmanager (category:base,tabindex:5)
2025-03-03 19:49:21,494 [INFO] PluginManage:310 - Check plugin lpbam
2025-03-03 19:49:21,508 [INFO] PluginManage:359 - Loaded plugin lpbam (category:base,tabindex:0)
2025-03-03 19:49:21,508 [INFO] PluginManage:310 - Check plugin memorymap
2025-03-03 19:49:21,529 [INFO] PluginManage:359 - Loaded plugin memorymap (category:base,tabindex:4)
2025-03-03 19:49:21,530 [INFO] PluginManage:310 - Check plugin pinoutandconfiguration
2025-03-03 19:49:21,545 [INFO] PluginManage:359 - Loaded plugin pinoutandconfiguration (category:base,tabindex:1)
2025-03-03 19:49:21,545 [INFO] PluginManage:310 - Check plugin pinoutconfig
2025-03-03 19:49:21,625 [WARN] SupportedApi:132 - Cannot load RTOS API schema: s4s-elt-must-match.1: The content of 'definitions' must match (annotation?, (simpleType | complexType)?, (unique | key | keyref)*)). A problem was found starting at: attribute.
2025-03-03 19:49:21,744 [INFO] PluginManage:359 - Loaded plugin pinoutconfig (category:base,tabindex:0)
2025-03-03 19:49:21,744 [INFO] PluginManage:310 - Check plugin power
2025-03-03 19:49:21,764 [INFO] PluginManage:359 - Loaded plugin power (category:power,tabindex:4)
2025-03-03 19:49:21,765 [INFO] PluginManage:310 - Check plugin projectmanager
2025-03-03 19:49:21,778 [INFO] PluginManage:359 - Loaded plugin projectmanager (category:projectmanager,tabindex:4)
2025-03-03 19:49:21,778 [INFO] PluginManage:310 - Check plugin rif
2025-03-03 19:49:21,792 [INFO] PluginManage:359 - Loaded plugin rif (category:base,tabindex:3)
2025-03-03 19:49:21,793 [INFO] PluginManage:310 - Check plugin thirdparty
2025-03-03 19:49:22,032 [WARN] IntegrityCheckThread:84 - waiting for thirdparty lock release [integrity check]
2025-03-03 19:49:22,032 [INFO] PluginManage:359 - Loaded plugin thirdparty (category:base,tabindex:-1)
2025-03-03 19:49:22,032 [INFO] IntegrityCheckThread:86 - entering critical section [integrity check]
2025-03-03 19:49:22,032 [INFO] PluginManage:310 - Check plugin tools
2025-03-03 19:49:22,033 [INFO] ThirdPartyUpdaterWithRetryManager:70 - Updater plugin not ready yet. [1/15]
2025-03-03 19:49:22,063 [INFO] PluginManage:359 - Loaded plugin tools (category:base,tabindex:7)
2025-03-03 19:49:22,063 [INFO] PluginManage:310 - Check plugin tutovideos
2025-03-03 19:49:22,228 [INFO] PluginManage:359 - Loaded plugin tutovideos (category:base,tabindex:-1)
2025-03-03 19:49:22,228 [INFO] PluginManage:310 - Check plugin updater
2025-03-03 19:49:22,246 [INFO] PluginManage:359 - Loaded plugin updater (category:base,tabindex:12)
2025-03-03 19:49:22,246 [INFO] PluginManage:310 - Check plugin userauth
2025-03-03 19:49:22,250 [INFO] UserAuth:118 - Init User Auth plugin
2025-03-03 19:49:22,250 [INFO] PluginManage:359 - Loaded plugin userauth (category:base,tabindex:14)
2025-03-03 19:49:22,251 [INFO] PluginManage:283 - PluginManage : Loaded plugins [18]
2025-03-03 19:49:22,426 [INFO] PinOutPanel:1589 - setPackage(No Configuration,No Configuration)
2025-03-03 19:49:22,497 [INFO] CADModel:165 - CPN selected for project level
2025-03-03 19:49:22,498 [INFO] CADModel:114 - Register for checkConnection events
2025-03-03 19:49:22,526 [INFO] IPUIPlugin:80 - create IPUIPlugin
2025-03-03 19:49:22,526 [INFO] PluginManager:220 - loadIPPluginJar : add adc
2025-03-03 19:49:22,566 [INFO] IPUIPlugin:80 - create IPUIPlugin
2025-03-03 19:49:22,566 [INFO] PluginManager:220 - loadIPPluginJar : add aes
2025-03-03 19:49:22,603 [INFO] IPUIPlugin:80 - create IPUIPlugin
2025-03-03 19:49:22,603 [INFO] PluginManager:220 - loadIPPluginJar : add can
2025-03-03 19:49:22,626 [INFO] IPUIPlugin:80 - create IPUIPlugin
2025-03-03 19:49:22,626 [INFO] PluginManager:220 - loadIPPluginJar : add comp
2025-03-03 19:49:22,655 [INFO] IPUIPlugin:80 - create IPUIPlugin
2025-03-03 19:49:22,655 [INFO] PluginManager:220 - loadIPPluginJar : add cryp
2025-03-03 19:49:22,666 [INFO] IPUIPlugin:80 - create IPUIPlugin
2025-03-03 19:49:22,666 [INFO] PluginManager:220 - loadIPPluginJar : add ddr_ctrl_phy
2025-03-03 19:49:22,695 [INFO] IPUIPlugin:80 - create IPUIPlugin
2025-03-03 19:49:22,695 [INFO] PluginManager:220 - loadIPPluginJar : add dfsdm
2025-03-03 19:49:22,711 [INFO] IPUIPlugin:80 - create IPUIPlugin
2025-03-03 19:49:22,711 [INFO] PluginManager:220 - loadIPPluginJar : add dma
2025-03-03 19:49:22,746 [INFO] IPUIPlugin:80 - create IPUIPlugin
2025-03-03 19:49:22,746 [INFO] PluginManager:220 - loadIPPluginJar : add dma3
2025-03-03 19:49:22,782 [INFO] IPUIPlugin:80 - create IPUIPlugin
2025-03-03 19:49:22,782 [INFO] PluginManager:220 - loadIPPluginJar : add extmemmanager
2025-03-03 19:49:22,799 [INFO] IPUIPlugin:80 - create IPUIPlugin
2025-03-03 19:49:22,799 [INFO] PluginManager:220 - loadIPPluginJar : add fatfs
2025-03-03 19:49:22,842 [INFO] IPUIPlugin:80 - create IPUIPlugin
2025-03-03 19:49:22,843 [INFO] PluginManager:220 - loadIPPluginJar : add fmc
2025-03-03 19:49:22,856 [INFO] IPUIPlugin:80 - create IPUIPlugin
2025-03-03 19:49:22,857 [INFO] PluginManager:220 - loadIPPluginJar : add freertos
2025-03-03 19:49:22,874 [INFO] IPUIPlugin:80 - create IPUIPlugin
2025-03-03 19:49:22,874 [INFO] PluginManager:220 - loadIPPluginJar : add genericplugin
2025-03-03 19:49:22,940 [INFO] IPUIPlugin:80 - create IPUIPlugin
2025-03-03 19:49:22,940 [INFO] PluginManager:220 - loadIPPluginJar : add gfxmmu
2025-03-03 19:49:23,037 [INFO] IPUIPlugin:80 - create IPUIPlugin
2025-03-03 19:49:23,037 [INFO] PluginManager:220 - loadIPPluginJar : add gic
2025-03-03 19:49:23,047 [INFO] IPUIPlugin:80 - create IPUIPlugin
2025-03-03 19:49:23,047 [INFO] PluginManager:220 - loadIPPluginJar : add gpio
2025-03-03 19:49:23,117 [INFO] IPUIPlugin:80 - create IPUIPlugin
2025-03-03 19:49:23,117 [INFO] PluginManager:220 - loadIPPluginJar : add gtzc
2025-03-03 19:49:23,144 [INFO] IPUIPlugin:80 - create IPUIPlugin
2025-03-03 19:49:23,145 [INFO] PluginManager:220 - loadIPPluginJar : add hash
2025-03-03 19:49:23,207 [INFO] IPUIPlugin:80 - create IPUIPlugin
2025-03-03 19:49:23,207 [INFO] PluginManager:220 - loadIPPluginJar : add i2c
2025-03-03 19:49:23,257 [INFO] IPUIPlugin:80 - create IPUIPlugin
2025-03-03 19:49:23,257 [INFO] PluginManager:220 - loadIPPluginJar : add i2s
2025-03-03 19:49:23,299 [INFO] IPUIPlugin:80 - create IPUIPlugin
2025-03-03 19:49:23,299 [INFO] PluginManager:220 - loadIPPluginJar : add i3c
2025-03-03 19:49:23,379 [INFO] IPUIPlugin:80 - create IPUIPlugin
2025-03-03 19:49:23,380 [INFO] PluginManager:220 - loadIPPluginJar : add ipddr
2025-03-03 19:49:23,467 [INFO] IPUIPlugin:80 - create IPUIPlugin
2025-03-03 19:49:23,467 [INFO] PluginManager:220 - loadIPPluginJar : add linkedlist
2025-03-03 19:49:23,497 [INFO] IPUIPlugin:80 - create IPUIPlugin
2025-03-03 19:49:23,497 [INFO] PluginManager:220 - loadIPPluginJar : add lorawan
2025-03-03 19:49:23,526 [INFO] IPUIPlugin:80 - create IPUIPlugin
2025-03-03 19:49:23,526 [INFO] PluginManager:220 - loadIPPluginJar : add ltdc
2025-03-03 19:49:23,540 [INFO] IPUIPlugin:80 - create IPUIPlugin
2025-03-03 19:49:23,540 [INFO] PluginManager:220 - loadIPPluginJar : add mdma
2025-03-03 19:49:23,551 [INFO] IPUIPlugin:80 - create IPUIPlugin
2025-03-03 19:49:23,551 [INFO] PluginManager:220 - loadIPPluginJar : add nvic
2025-03-03 19:49:23,583 [INFO] IPUIPlugin:80 - create IPUIPlugin
2025-03-03 19:49:23,583 [INFO] PluginManager:220 - loadIPPluginJar : add opamp
2025-03-03 19:49:23,630 [INFO] IPUIPlugin:80 - create IPUIPlugin
2025-03-03 19:49:23,630 [INFO] PluginManager:220 - loadIPPluginJar : add openamp
2025-03-03 19:49:23,663 [INFO] IPUIPlugin:80 - create IPUIPlugin
2025-03-03 19:49:23,664 [INFO] PluginManager:220 - loadIPPluginJar : add pdm2pcm
2025-03-03 19:49:23,677 [INFO] IPUIPlugin:80 - create IPUIPlugin
2025-03-03 19:49:23,680 [INFO] PluginManager:220 - loadIPPluginJar : add plateformsettings
2025-03-03 19:49:23,700 [INFO] IPUIPlugin:80 - create IPUIPlugin
2025-03-03 19:49:23,700 [INFO] PluginManager:220 - loadIPPluginJar : add quadspi
2025-03-03 19:49:23,723 [INFO] IPUIPlugin:80 - create IPUIPlugin
2025-03-03 19:49:23,723 [INFO] PluginManager:220 - loadIPPluginJar : add radio
2025-03-03 19:49:23,734 [INFO] IPUIPlugin:80 - create IPUIPlugin
2025-03-03 19:49:23,734 [INFO] PluginManager:220 - loadIPPluginJar : add resmgrutility
2025-03-03 19:49:23,773 [INFO] IPUIPlugin:80 - create IPUIPlugin
2025-03-03 19:49:23,773 [INFO] PluginManager:220 - loadIPPluginJar : add sai
2025-03-03 19:49:23,804 [INFO] IPUIPlugin:80 - create IPUIPlugin
2025-03-03 19:49:23,804 [INFO] PluginManager:220 - loadIPPluginJar : add spi
2025-03-03 19:49:23,859 [INFO] IPUIPlugin:80 - create IPUIPlugin
2025-03-03 19:49:23,859 [INFO] PluginManager:220 - loadIPPluginJar : add stm32_wpan
2025-03-03 19:49:23,880 [INFO] IPUIPlugin:80 - create IPUIPlugin
2025-03-03 19:49:23,880 [INFO] PluginManager:220 - loadIPPluginJar : add tim
2025-03-03 19:49:23,927 [INFO] IPUIPlugin:80 - create IPUIPlugin
2025-03-03 19:49:23,927 [INFO] PluginManager:220 - loadIPPluginJar : add touchsensing
2025-03-03 19:49:23,945 [INFO] IPUIPlugin:80 - create IPUIPlugin
2025-03-03 19:49:23,945 [INFO] PluginManager:220 - loadIPPluginJar : add tracer_emb
2025-03-03 19:49:23,964 [INFO] IPUIPlugin:80 - create IPUIPlugin
2025-03-03 19:49:23,964 [INFO] PluginManager:220 - loadIPPluginJar : add ts
2025-03-03 19:49:23,982 [INFO] IPUIPlugin:80 - create IPUIPlugin
2025-03-03 19:49:23,982 [INFO] PluginManager:220 - loadIPPluginJar : add tsc
2025-03-03 19:49:24,001 [INFO] IPUIPlugin:80 - create IPUIPlugin
2025-03-03 19:49:24,001 [INFO] PluginManager:220 - loadIPPluginJar : add ucpd
2025-03-03 19:49:24,039 [INFO] IPUIPlugin:80 - create IPUIPlugin
2025-03-03 19:49:24,039 [INFO] PluginManager:220 - loadIPPluginJar : add usart
2025-03-03 19:49:24,072 [INFO] IPUIPlugin:80 - create IPUIPlugin
2025-03-03 19:49:24,073 [INFO] PluginManager:220 - loadIPPluginJar : add usbx
2025-03-03 19:49:24,179 [FATAL] Updater:351 - Updater called before beeing initialized
2025-03-03 19:49:24,200 [INFO] RulesReader:64 - Compatibility file has been processed (297 Rules)
2025-03-03 19:49:24,211 [INFO] RulesReader:64 - Compatibility file has been processed (297 Rules)
2025-03-03 19:49:24,223 [INFO] CADModel:165 - CPN selected for project level
2025-03-03 19:49:24,223 [INFO] CADModel:114 - Register for checkConnection events
2025-03-03 19:49:24,223 [FATAL] Updater:351 - Updater called before beeing initialized
2025-03-03 19:49:24,223 [ERROR] CADModel:125 - Updater not yet initialized, retry later 
2025-03-03 19:49:24,335 [FATAL] Updater:351 - Updater called before beeing initialized
2025-03-03 19:49:24,337 [INFO] CADModel:165 - CPN selected for project level
2025-03-03 19:49:24,337 [INFO] CADModel:114 - Register for checkConnection events
2025-03-03 19:49:24,337 [FATAL] Updater:351 - Updater called before beeing initialized
2025-03-03 19:49:24,337 [ERROR] CADModel:125 - Updater not yet initialized, retry later 
2025-03-03 19:49:24,339 [FATAL] Updater:351 - Updater called before beeing initialized
2025-03-03 19:49:24,411 [FATAL] Updater:351 - Updater called before beeing initialized
2025-03-03 19:49:24,420 [INFO] DbMcusAds:53 - JSON generation date=Tue Dec 17 21:31:15 IST 2024 (1734451275111)
2025-03-03 19:49:24,420 [FATAL] Updater:351 - Updater called before beeing initialized
2025-03-03 19:49:24,451 [WARN] DetailPanel:346 - Failed to get advertising image, set to default
2025-03-03 19:49:24,630 [FATAL] Updater:351 - Updater called before beeing initialized
2025-03-03 19:49:24,632 [FATAL] Updater:351 - Updater called before beeing initialized
2025-03-03 19:49:24,632 [FATAL] Updater:351 - Updater called before beeing initialized
2025-03-03 19:49:24,632 [WARN] DetailPanel:346 - Failed to get advertising image, set to default
2025-03-03 19:49:24,633 [FATAL] Updater:351 - Updater called before beeing initialized
2025-03-03 19:49:24,675 [ERROR] Updater:1198 - MainUpdater not yet initialized. External WinMGr cannot be set.
2025-03-03 19:49:24,682 [INFO] Updater:1134 - Updater Version found : 6.13.0
2025-03-03 19:49:24,698 [INFO] ApplicationProperties:184 - Using Application install path: C:\ST\STM32CubeIDE_1.15.1\STM32CubeIDE\plugins\com.st.stm32cube.common.mx_6.13.0.202411220809
2025-03-03 19:49:25,034 [INFO] ThirdPartyUpdaterWithRetryManager:70 - Updater plugin not ready yet. [2/15]
2025-03-03 19:49:25,726 [INFO] MainUpdater:2872 - connection check result : 10
2025-03-03 19:49:25,726 [INFO] MainUpdater:3566 - Updater definition file requires update
2025-03-03 19:49:25,727 [INFO] MainUpdater:289 - Updater Check For Update Now.
2025-03-03 19:49:25,727 [INFO] MicroXplorer:498 - Change Database Version : DB.6.0.130
2025-03-03 19:49:25,752 [INFO] McuFinderGlobals:63 - Set McuFinder mode to 2 (CubeIDE integrated)
2025-03-03 19:49:25,760 [INFO] UserAuth:486 - Internet connection configuration mode: 1
2025-03-03 19:49:25,790 [INFO] JxBrowserEngine:152 - Initiate JxBrowser Engine with user profile folder
2025-03-03 19:49:26,277 [INFO] ServerAccessManage:473 - Download File updaters.zip
2025-03-03 19:49:26,623 [INFO] FileExtend:240 - Unzip File : updaters.zip
2025-03-03 19:49:26,623 [INFO] FileExtend:255 - Standard Zip Deflate
2025-03-03 19:49:26,873 [INFO] WebApp:168 - Instantiating new browser for Auth
2025-03-03 19:49:27,262 [INFO] ServerAccessManage:473 - Download File PacksControlFlags.xml
2025-03-03 19:49:27,448 [INFO] ServerAccessManage:473 - Download File cubemx.pidx
2025-03-03 19:49:27,933 [INFO] WebApp:449 - Apply proxy settings
2025-03-03 19:49:27,933 [INFO] WebApp:534 - Chromium requires no authentication
2025-03-03 19:49:27,962 [INFO] WebApp:477 - Direct internet connection detected
2025-03-03 19:49:27,999 [INFO] WebApp:880 - Register for checkConnection events
2025-03-03 19:49:27,999 [INFO] WebApp:449 - Apply proxy settings
2025-03-03 19:49:27,999 [INFO] WebApp:534 - Chromium requires no authentication
2025-03-03 19:49:28,000 [INFO] WebApp:477 - Direct internet connection detected
2025-03-03 19:49:28,035 [WARN] MainUpdater:1193 - Updater busy. Cannot search thirdparties
2025-03-03 19:49:28,035 [INFO] ThirdPartyUpdaterWithRetryManager:96 - Updater plugin is busy. [1/15]
2025-03-03 19:49:28,183 [INFO] WebApp:221 - Starting web application
2025-03-03 19:49:28,183 [INFO] WebApp:579 - Web application path used C:\ST\STM32CubeIDE_1.15.1\STM32CubeIDE\plugins\com.st.stm32cube.common.mx_6.13.0.202411220809\db\plugins\mcufinder\reactClient1\index.html
2025-03-03 19:49:28,206 [INFO] ServerAccessManage:473 - Download File STMicroelectronics.X-CUBE-BLE1.pdsc
2025-03-03 19:49:28,450 [INFO] UserAuth:486 - Internet connection configuration mode: 1
2025-03-03 19:49:29,636 [INFO] WebApp:187 - Connection restablished
2025-03-03 19:49:31,036 [WARN] MainUpdater:1193 - Updater busy. Cannot search thirdparties
2025-03-03 19:49:31,036 [INFO] ThirdPartyUpdaterWithRetryManager:96 - Updater plugin is busy. [2/15]
2025-03-03 19:49:32,931 [ERROR] ServerAccessManage:1089 - Problem, file not found on Server
2025-03-03 19:49:34,037 [WARN] MainUpdater:1193 - Updater busy. Cannot search thirdparties
2025-03-03 19:49:34,037 [INFO] ThirdPartyUpdaterWithRetryManager:96 - Updater plugin is busy. [3/15]
2025-03-03 19:49:34,042 [WARN] PackLoader:240 - Cannot read IP mode file for STMicroelectronics.X-CUBE-BLE1.7.1.0
2025-03-03 19:49:34,044 [INFO] PopulateThirdPartyThread:66 - Ending populate Thread
2025-03-03 19:49:34,046 [INFO] ThirdParty:1030 - CMSIS Pack Vendor :STMicroelectronics X-CUBE-BLE1 7.1.0
2025-03-03 19:49:34,046 [INFO] LoadServerUpdatesThread:375 - End of LoadServerUpdate Thread
2025-03-03 19:49:34,080 [INFO] CheckServerUpdateThread:120 - End of CheckServer Thread
2025-03-03 19:49:37,174 [WARN] PackLoader:240 - Cannot read IP mode file for STMicroelectronics.FP-SNS-MOTENVWB1.1.4.0
2025-03-03 19:49:37,178 [WARN] PackLoader:240 - Cannot read IP mode file for STMicroelectronics.FP-ATR-ASTRA1.2.0.2
2025-03-03 19:49:37,189 [WARN] PackLoader:240 - Cannot read IP mode file for STMicroelectronics.FP-ATR-ASTRA1.2.0.1
2025-03-03 19:49:37,203 [WARN] PackLoader:240 - Cannot read IP mode file for STMicroelectronics.X-CUBE-SMBUS.2.1.0
2025-03-03 19:49:37,215 [WARN] PackLoader:240 - Cannot read IP mode file for STMicroelectronics.X-CUBE-WB05N.1.1.0
2025-03-03 19:49:37,228 [WARN] PackLoader:240 - Cannot read IP mode file for STMicroelectronics.X-CUBE-TOUCHGFX.4.23.2
2025-03-03 19:49:37,262 [WARN] PackLoader:240 - Cannot read IP mode file for STMicroelectronics.X-CUBE-AZRTOS-F7.1.1.0
2025-03-03 19:49:37,337 [WARN] PackLoader:240 - Cannot read IP mode file for STMicroelectronics.X-CUBE-MEMS1.11.0.0
2025-03-03 19:49:37,425 [WARN] PackLoader:240 - Cannot read IP mode file for STMicroelectronics.FP-SNS-FLIGHT1.5.0.2
2025-03-03 19:49:37,442 [WARN] PackLoader:240 - Cannot read IP mode file for STMicroelectronics.X-CUBE-DISPLAY.3.0.0
2025-03-03 19:49:37,458 [WARN] PackLoader:240 - Cannot read IP mode file for STMicroelectronics.X-CUBE-BLE1.7.0.0
2025-03-03 19:49:37,471 [WARN] PackLoader:240 - Cannot read IP mode file for STMicroelectronics.X-CUBE-NFC10.1.0.0
2025-03-03 19:49:37,487 [WARN] PackLoader:240 - Cannot read IP mode file for STMicroelectronics.X-CUBE-BLEMGR.4.0.0
2025-03-03 19:49:37,501 [WARN] PackLoader:240 - Cannot read IP mode file for emotas.I-CUBE-CANOPEN.1.3.0
2025-03-03 19:49:37,514 [WARN] PackLoader:240 - Cannot read IP mode file for STMicroelectronics.X-CUBE-BLEMGR.3.1.0
2025-03-03 19:49:37,526 [WARN] PackLoader:240 - Cannot read IP mode file for STMicroelectronics.X-CUBE-AI.10.0.0
2025-03-03 19:49:37,538 [WARN] PackLoader:240 - Cannot read IP mode file for STMicroelectronics.FP-SNS-SMARTAG2.1.2.0
2025-03-03 19:49:37,572 [WARN] PackLoader:240 - Cannot read IP mode file for STMicroelectronics.X-CUBE-MEMS1.11.1.0
2025-03-03 19:49:37,668 [INFO] LogOutputStream:77 - [STDOUT_REDIRECT] 1 : Invalid condition id : UX_CORESTACK_Condition cause : null
2025-03-03 19:49:37,668 [INFO] LogOutputStream:77 - [STDOUT_REDIRECT] 1 : Invalid condition id : UX_CORESTACK_Condition cause : null
2025-03-03 19:49:37,670 [INFO] LogOutputStream:77 - [STDOUT_REDIRECT] 1 : Invalid condition id : UX_CORESTACK_Condition cause : null
2025-03-03 19:49:37,671 [INFO] LogOutputStream:77 - [STDOUT_REDIRECT] 1 : Invalid condition id : UX_CORESTACK_Condition cause : null
2025-03-03 19:49:37,672 [INFO] LogOutputStream:77 - [STDOUT_REDIRECT] 1 : Invalid condition id : UX_CORESTACK_Condition cause : null
2025-03-03 19:49:37,673 [WARN] PackLoader:240 - Cannot read IP mode file for STMicroelectronics.X-CUBE-AZRTOS-WL.2.0.0
2025-03-03 19:49:37,687 [WARN] PackLoader:240 - Cannot read IP mode file for STMicroelectronics.FP-SNS-MOTENV1.5.0.0
2025-03-03 19:49:37,692 [WARN] PackLoader:240 - Cannot read IP mode file for wolfSSL.I-CUBE-wolfMQTT.1.19.0
2025-03-03 19:49:37,708 [WARN] PackLoader:240 - Cannot read IP mode file for WES.I-CUBE-Cesium.1.3.0
2025-03-03 19:49:37,720 [WARN] PackLoader:240 - Cannot read IP mode file for STMicroelectronics.X-CUBE-BLE2.3.3.0
2025-03-03 19:49:37,734 [WARN] PackLoader:240 - Cannot read IP mode file for STMicroelectronics.X-CUBE-NFC9.1.0.0
2025-03-03 19:49:37,738 [WARN] PackLoader:240 - Cannot read IP mode file for STMicroelectronics.X-CUBE-BLE1.7.1.0
2025-03-03 19:49:37,755 [WARN] PackLoader:240 - Cannot read IP mode file for STMicroelectronics.X-CUBE-TCPP.4.1.0
2025-03-03 19:49:37,779 [WARN] PackLoader:240 - Cannot read IP mode file for STMicroelectronics.X-CUBE-AZRTOS-G0.1.1.0
2025-03-03 19:49:37,793 [WARN] PackLoader:240 - Cannot read IP mode file for STMicroelectronics.X-CUBE-SAFEA1.1.2.2
2025-03-03 19:49:37,806 [WARN] PackLoader:240 - Cannot read IP mode file for STMicroelectronics.X-CUBE-NFC4.3.0.0
2025-03-03 19:49:37,821 [WARN] PackLoader:240 - Cannot read IP mode file for EmbeddedOffice.I-CUBE-FS-RTOS.1.0.1
2025-03-03 19:49:37,835 [WARN] PackLoader:240 - Cannot read IP mode file for STMicroelectronics.X-CUBE-TCPP.4.2.0
2025-03-03 19:49:37,846 [WARN] PackLoader:240 - Cannot read IP mode file for RealThread.X-CUBE-RT-Thread_Nano.4.1.1
2025-03-03 19:49:37,858 [WARN] PackLoader:240 - Cannot read IP mode file for wolfSSL.I-CUBE-wolfSSL.5.7.0
2025-03-03 19:49:37,861 [WARN] PackLoader:240 - Cannot read IP mode file for STMicroelectronics.FP-ATR-SIGFOX1.3.2.0
2025-03-03 19:49:37,866 [WARN] ConditionMgr:438 - getConditionDescription Invalid condition id : Cortex-A Device cause : null
2025-03-03 19:49:37,885 [WARN] ConditionMgr:1044 - genDependencies : Invalid condition id : Cortex-A Device cause : null
2025-03-03 19:49:37,886 [WARN] ConditionMgr:1044 - genDependencies : Invalid condition id : Cortex-A Device cause : null
2025-03-03 19:49:37,886 [WARN] ConditionMgr:1044 - genDependencies : Invalid condition id : Cortex-A Device cause : null
2025-03-03 19:49:37,898 [WARN] PackLoader:240 - Cannot read IP mode file for STMicroelectronics.X-CUBE-EEPRMA1.5.1.0
2025-03-03 19:49:37,912 [WARN] PackLoader:240 - Cannot read IP mode file for ITTIA_DB.I-CUBE-ITTIADB.8.9.0
2025-03-03 19:49:37,936 [WARN] PackLoader:240 - Cannot read IP mode file for SEGGER.I-CUBE-embOS.1.3.1
2025-03-03 19:49:37,969 [WARN] PackLoader:240 - Cannot read IP mode file for STMicroelectronics.X-CUBE-ALGOBUILD.1.4.0
2025-03-03 19:49:37,980 [WARN] PackLoader:240 - Cannot read IP mode file for STMicroelectronics.X-CUBE-AI.9.1.0
2025-03-03 19:49:37,993 [WARN] PackLoader:240 - Cannot read IP mode file for STMicroelectronics.X-CUBE-GNSS1.6.0.0
2025-03-03 19:49:38,106 [WARN] PackLoader:240 - Cannot read IP mode file for STMicroelectronics.X-CUBE-AZRTOS-F4.1.1.0
2025-03-03 19:49:38,119 [WARN] PackLoader:240 - Cannot read IP mode file for STMicroelectronics.X-CUBE-ISPU.2.1.0
2025-03-03 19:49:38,131 [WARN] PackLoader:240 - Cannot read IP mode file for STMicroelectronics.X-CUBE-FREERTOS.1.2.0
2025-03-03 19:49:38,156 [WARN] PackLoader:240 - Cannot read IP mode file for STMicroelectronics.X-CUBE-AZRTOS-L5.2.0.0
2025-03-03 19:49:38,173 [WARN] PackLoader:240 - Cannot read IP mode file for STMicroelectronics.X-CUBE-NFC6.3.1.0
2025-03-03 19:49:38,186 [WARN] PackLoader:240 - Cannot read IP mode file for STMicroelectronics.X-CUBE-DPower.1.2.0
2025-03-03 19:49:38,201 [WARN] PackLoader:240 - Cannot read IP mode file for STMicroelectronics.X-CUBE-AI.9.0.0
2025-03-03 19:49:38,280 [WARN] PackLoader:240 - Cannot read IP mode file for STMicroelectronics.X-CUBE-FREERTOS.1.3.0
2025-03-03 19:49:38,292 [WARN] PackLoader:240 - Cannot read IP mode file for STMicroelectronics.X-CUBE-NFC7.1.0.1
2025-03-03 19:49:38,296 [WARN] PackLoader:240 - Cannot read IP mode file for wolfSSL.I-CUBE-wolfTPM.3.2.0
2025-03-03 19:49:38,307 [WARN] PackLoader:240 - Cannot read IP mode file for STMicroelectronics.X-CUBE-AI.8.1.0
2025-03-03 19:49:38,366 [WARN] ConditionMgr:438 - getConditionDescription Invalid condition id : LAN8742 Phy interface Condition cause : null
2025-03-03 19:49:38,367 [WARN] PackLoader:240 - Cannot read IP mode file for STMicroelectronics.X-CUBE-AZRTOS-L4.2.0.0
2025-03-03 19:49:38,367 [WARN] ConditionMgr:1044 - genDependencies : Invalid condition id : LAN8742 Phy interface Condition cause : null
2025-03-03 19:49:38,367 [WARN] ConditionMgr:1044 - genDependencies : Invalid condition id : LAN8742 Phy interface Condition cause : null
2025-03-03 19:49:38,368 [WARN] ConditionMgr:1044 - genDependencies : Invalid condition id : LAN8742 Phy interface Condition cause : null
2025-03-03 19:49:38,381 [WARN] PackLoader:240 - Cannot read IP mode file for STMicroelectronics.X-CUBE-SFXS2LP1.4.0.0
2025-03-03 19:49:38,404 [WARN] PackLoader:240 - Cannot read IP mode file for STMicroelectronics.X-CUBE-AZRTOS-H7.3.3.0
2025-03-03 19:49:38,421 [WARN] PackLoader:240 - Cannot read IP mode file for STMicroelectronics.X-CUBE-IPS.3.0.0
2025-03-03 19:49:38,442 [WARN] ConditionMgr:438 - getConditionDescription Invalid condition id : UX DEVICE CLASS RTOS Condition cause : null
2025-03-03 19:49:38,442 [WARN] ConditionMgr:438 - getConditionDescription Invalid condition id : UX DEVICE CLASS RTOS Condition cause : null
2025-03-03 19:49:38,443 [WARN] PackLoader:240 - Cannot read IP mode file for STMicroelectronics.X-CUBE-AZRTOS-WB.2.0.0
2025-03-03 19:49:38,443 [WARN] ConditionMgr:1044 - genDependencies : Invalid condition id : UX DEVICE CLASS RTOS Condition cause : null
2025-03-03 19:49:38,443 [WARN] ConditionMgr:1044 - genDependencies : Invalid condition id : UX DEVICE CLASS RTOS Condition cause : null
2025-03-03 19:49:38,443 [WARN] ConditionMgr:1044 - genDependencies : Invalid condition id : UX DEVICE CLASS RTOS Condition cause : null
2025-03-03 19:49:38,444 [WARN] ConditionMgr:1044 - genDependencies : Invalid condition id : UX DEVICE CLASS RTOS Condition cause : null
2025-03-03 19:49:38,444 [WARN] ConditionMgr:1044 - genDependencies : Invalid condition id : UX DEVICE CLASS RTOS Condition cause : null
2025-03-03 19:49:38,456 [WARN] PackLoader:240 - Cannot read IP mode file for STMicroelectronics.X-CUBE-GNSS1.7.0.0
2025-03-03 19:49:38,468 [WARN] PackLoader:240 - Cannot read IP mode file for STMicroelectronics.X-CUBE-GNSS1.7.0.1
2025-03-03 19:49:38,481 [WARN] PackLoader:240 - Cannot read IP mode file for STMicroelectronics.FP-SNS-STBOX1.2.0.0
2025-03-03 19:49:38,497 [WARN] PackLoader:240 - Cannot read IP mode file for STMicroelectronics.X-CUBE-SUBG2.5.0.0
2025-03-03 19:49:38,505 [WARN] PackLoader:240 - Cannot read IP mode file for Cesanta.I-CUBE-Mongoose.7.13.0
2025-03-03 19:49:38,526 [WARN] PackLoader:240 - Cannot read IP mode file for STMicroelectronics.X-CUBE-AZRTOS-G4.2.0.0
2025-03-03 19:49:38,538 [WARN] PackLoader:240 - Cannot read IP mode file for STMicroelectronics.X-CUBE-ISPU.2.0.0
2025-03-03 19:49:38,555 [WARN] PackLoader:240 - Cannot read IP mode file for STMicroelectronics.X-CUBE-IPS.3.1.0
2025-03-03 19:49:38,571 [WARN] PackLoader:240 - Cannot read IP mode file for STMicroelectronics.X-CUBE-ALS.1.0.2
2025-03-03 19:49:38,602 [WARN] PackLoader:240 - Cannot read IP mode file for STMicroelectronics.X-CUBE-MEMS1.10.0.0
2025-03-03 19:49:38,692 [WARN] PackLoader:240 - Cannot read IP mode file for STMicroelectronics.X-CUBE-TOUCHGFX.4.24.0
2025-03-03 19:49:38,710 [WARN] PackLoader:240 - Cannot read IP mode file for STMicroelectronics.X-CUBE-TOUCHGFX.4.24.2
2025-03-03 19:49:38,722 [WARN] PackLoader:240 - Cannot read IP mode file for STMicroelectronics.X-CUBE-TOUCHGFX.4.24.1
2025-03-03 19:49:38,735 [WARN] PackLoader:240 - Cannot read IP mode file for portGmbH.I-Cube-SoM-uGOAL.1.1.0
2025-03-03 19:49:38,756 [WARN] PackLoader:240 - Cannot read IP mode file for STMicroelectronics.X-CUBE-AZRTOS-H7RS.1.0.0
2025-03-03 19:49:38,770 [WARN] PackLoader:240 - Cannot read IP mode file for STMicroelectronics.FP-ATR-ASTRA1.2.0.0
2025-03-03 19:49:38,786 [WARN] PackLoader:240 - Cannot read IP mode file for STMicroelectronics.X-CUBE-TOF1.3.4.2
2025-03-03 19:49:38,806 [WARN] PackLoader:240 - Cannot read IP mode file for STMicroelectronics.X-CUBE-TOF1.3.4.1
2025-03-03 19:49:38,831 [WARN] PackLoader:240 - Cannot read IP mode file for STMicroelectronics.X-CUBE-AZRTOS-H7.3.2.0
2025-03-03 19:49:38,854 [WARN] PackLoader:240 - Cannot read IP mode file for Infineon.AIROC-Wi-Fi-Bluetooth-STM32.1.6.0
2025-03-03 19:49:38,861 [WARN] PackLoader:240 - Cannot read IP mode file for wolfSSL.I-CUBE-wolfSSH.1.4.17
2025-03-03 19:49:38,861 [INFO] ThirdParty:978 - Integrity check success = true
2025-03-03 19:49:38,862 [INFO] IntegrityCheckThread:100 - exiting critical section [integrity check]
2025-03-03 19:49:38,862 [INFO] IntegrityCheckThread:103 - End integrity checks thread
2025-03-03 19:56:49,908 [ERROR] LogOutputStream:75 - [STDERR_REDIRECT] 
