2025-03-20 01:08:30,663 [INFO] NvicIntPanel:101 - NVIC parent = com.st.microxplorer.plugins.ip.nvic.MultiNvicIntPanel[,0,0,0x0,invalid,layout=javax.swing.BoxLayout,alignmentX=0.0,alignmentY=0.0,border=,flags=9,maximumSize=,minimumSize=,preferredSize=]
2025-03-20 01:08:39,559 [INFO] UtilMem:75 - End SaveConfig() Used Memory: 506393416 Bytes (685768704)
2025-03-20 01:08:40,176 [INFO] BlockDiagram:2775 - set Specific Code input for plugin: TIM1_8
2025-03-20 01:08:40,176 [INFO] BlockDiagram:2775 - set Specific Code input for plugin: TIM1_8
2025-03-20 01:08:40,176 [INFO] BlockDiagram:2775 - set Specific Code input for plugin: TIM1_8
2025-03-20 01:08:40,177 [INFO] BlockDiagram:2775 - set Specific Code input for plugin: SYS
2025-03-20 01:08:40,177 [INFO] BlockDiagram:2775 - set Specific Code input for plugin: ADC
2025-03-20 01:08:40,177 [INFO] BlockDiagram:2775 - set Specific Code input for plugin: RCC
2025-03-20 01:08:40,177 [INFO] BlockDiagram:2775 - set Specific Code input for plugin: I2C
2025-03-20 01:08:40,177 [INFO] BlockDiagram:2775 - set Specific Code input for plugin: I2C
2025-03-20 01:08:40,177 [INFO] BlockDiagram:2775 - set Specific Code input for plugin: NVIC
2025-03-20 01:08:40,177 [INFO] BlockDiagram:2775 - set Specific Code input for plugin: USART
2025-03-20 01:08:40,177 [INFO] BlockDiagram:2775 - set Specific Code input for plugin: USART
2025-03-20 01:08:40,177 [INFO] BlockDiagram:2775 - set Specific Code input for plugin: USART
2025-03-20 01:08:40,177 [INFO] BlockDiagram:2775 - set Specific Code input for plugin: DMA
2025-03-20 01:08:40,177 [INFO] BlockDiagram:2775 - set Specific Code input for plugin: GPIO
2025-03-20 01:08:40,179 [INFO] CodeGenerator:882 - code generatio: config db path: C:\ST\STM32CubeIDE_1.15.1\STM32CubeIDE\plugins\com.st.stm32cube.common.mx_6.14.0.202502271554\\db\
2025-03-20 01:08:40,195 [WARN] IP:2250 - I2C_Coeff_DF not found: check if there is a RefParameter without a condition.
2025-03-20 01:08:40,196 [WARN] IP:2250 - Analog_Filter not found: check if there is a RefParameter without a condition.
2025-03-20 01:08:40,197 [WARN] IP:2250 - I2C_Coeff_DF not found: check if there is a RefParameter without a condition.
2025-03-20 01:08:40,197 [WARN] IP:2250 - Analog_Filter not found: check if there is a RefParameter without a condition.
2025-03-20 01:08:40,372 [INFO] CodeEngine:263 - oldGeneratedFile, C:\Users\PANKAJA\OneDrive\Projects\SLRC\SLRC-2025-Pulztrones\software\firmware\SLRC2025-Pulztrones\MXTmpFiles\license.tmp_save
2025-03-20 01:08:40,811 [INFO] CodeEngine:287 - Generated code: C:\Users\PANKAJA\OneDrive\Projects\SLRC\SLRC-2025-Pulztrones\software\firmware\SLRC2025-Pulztrones\MXTmpFiles\license.tmp
2025-03-20 01:08:40,904 [INFO] CodeEngine:263 - oldGeneratedFile, C:\Users\PANKAJA\OneDrive\Projects\SLRC\SLRC-2025-Pulztrones\software\firmware\SLRC2025-Pulztrones\MXTmpFiles\gpio.tmp_save
2025-03-20 01:08:41,038 [INFO] CodeEngine:287 - Generated code: C:\Users\PANKAJA\OneDrive\Projects\SLRC\SLRC-2025-Pulztrones\software\firmware\SLRC2025-Pulztrones\MXTmpFiles\gpio.tmp
2025-03-20 01:08:41,490 [INFO] CodeEngine:263 - oldGeneratedFile, C:\Users\PANKAJA\OneDrive\Projects\SLRC\SLRC-2025-Pulztrones\software\firmware\SLRC2025-Pulztrones\MXTmpFiles\dma.tmp_save
2025-03-20 01:08:41,554 [INFO] CodeEngine:287 - Generated code: C:\Users\PANKAJA\OneDrive\Projects\SLRC\SLRC-2025-Pulztrones\software\firmware\SLRC2025-Pulztrones\MXTmpFiles\dma.tmp
2025-03-20 01:08:41,559 [INFO] CodeEngine:263 - oldGeneratedFile, C:\Users\PANKAJA\OneDrive\Projects\SLRC\SLRC-2025-Pulztrones\software\firmware\SLRC2025-Pulztrones\MXTmpFiles\dma_GV.tmp_save
2025-03-20 01:08:41,618 [INFO] CodeEngine:287 - Generated code: C:\Users\PANKAJA\OneDrive\Projects\SLRC\SLRC-2025-Pulztrones\software\firmware\SLRC2025-Pulztrones\MXTmpFiles\dma_GV.tmp
2025-03-20 01:08:41,637 [INFO] CodeEngine:263 - oldGeneratedFile, C:\Users\PANKAJA\OneDrive\Projects\SLRC\SLRC-2025-Pulztrones\software\firmware\SLRC2025-Pulztrones\Core\Src\stm32f4xx_it.c_save
2025-03-20 01:08:41,742 [INFO] CodeEngine:287 - Generated code: C:\Users\PANKAJA\OneDrive\Projects\SLRC\SLRC-2025-Pulztrones\software\firmware\SLRC2025-Pulztrones\Core\Src\stm32f4xx_it.c
2025-03-20 01:08:41,748 [INFO] CodeEngine:263 - oldGeneratedFile, C:\Users\PANKAJA\OneDrive\Projects\SLRC\SLRC-2025-Pulztrones\software\firmware\SLRC2025-Pulztrones\Core\Inc\stm32f4xx_it.h_save
2025-03-20 01:08:41,807 [INFO] CodeEngine:287 - Generated code: C:\Users\PANKAJA\OneDrive\Projects\SLRC\SLRC-2025-Pulztrones\software\firmware\SLRC2025-Pulztrones\Core\Inc\stm32f4xx_it.h
2025-03-20 01:08:41,827 [INFO] CodeEngine:263 - oldGeneratedFile, C:\Users\PANKAJA\OneDrive\Projects\SLRC\SLRC-2025-Pulztrones\software\firmware\SLRC2025-Pulztrones\Core\Src\stm32f4xx_hal_msp.c_save
2025-03-20 01:08:41,956 [INFO] CodeEngine:287 - Generated code: C:\Users\PANKAJA\OneDrive\Projects\SLRC\SLRC-2025-Pulztrones\software\firmware\SLRC2025-Pulztrones\Core\Src\stm32f4xx_hal_msp.c
2025-03-20 01:08:41,964 [INFO] CodeEngine:263 - oldGeneratedFile, C:\Users\PANKAJA\OneDrive\Projects\SLRC\SLRC-2025-Pulztrones\software\firmware\SLRC2025-Pulztrones\MXTmpFiles\system.tmp_save
2025-03-20 01:08:42,023 [INFO] CodeEngine:287 - Generated code: C:\Users\PANKAJA\OneDrive\Projects\SLRC\SLRC-2025-Pulztrones\software\firmware\SLRC2025-Pulztrones\MXTmpFiles\system.tmp
2025-03-20 01:08:42,036 [INFO] CodeEngine:319 - oldGeneratedFile, C:\Users\PANKAJA\OneDrive\Projects\SLRC\SLRC-2025-Pulztrones\software\firmware\SLRC2025-Pulztrones\Core\Inc\stm32f4xx_hal_conf.h_save
2025-03-20 01:08:42,095 [INFO] CodeEngine:343 - Generated code: C:\Users\PANKAJA\OneDrive\Projects\SLRC\SLRC-2025-Pulztrones\software\firmware\SLRC2025-Pulztrones\Core\Inc\stm32f4xx_hal_conf.h
2025-03-20 01:08:42,122 [WARN] IPConfigManager:3174 - Warning: the RefConfig PLL2P_FOR_MCO is not available in your config.xml file
2025-03-20 01:08:42,128 [INFO] ApiDbMcu:508 - Load IP Config File for ADC1
2025-03-20 01:08:42,130 [INFO] ApiDbMcu:508 - Load IP Config File for I2C1
2025-03-20 01:08:42,133 [INFO] ApiDbMcu:508 - Load IP Config File for I2C2
2025-03-20 01:08:42,139 [INFO] ApiDbMcu:508 - Load IP Config File for TIM1
2025-03-20 01:08:42,147 [INFO] ApiDbMcu:508 - Load IP Config File for TIM2
2025-03-20 01:08:42,154 [INFO] ApiDbMcu:508 - Load IP Config File for TIM3
2025-03-20 01:08:42,157 [INFO] ApiDbMcu:508 - Load IP Config File for USART2
2025-03-20 01:08:42,159 [INFO] ApiDbMcu:508 - Load IP Config File for USART3
2025-03-20 01:08:42,161 [INFO] ApiDbMcu:508 - Load IP Config File for USART6
2025-03-20 01:08:42,164 [INFO] ApiDbMcu:508 - Load IP Config File for RCC
2025-03-20 01:08:42,167 [WARN] IPConfigManager:3747 - IP not found : TIM
2025-03-20 01:08:42,169 [WARN] CodeGenerator:4198 - IP not found : null
2025-03-20 01:08:42,177 [INFO] CodeEngine:263 - oldGeneratedFile, C:\Users\PANKAJA\OneDrive\Projects\SLRC\SLRC-2025-Pulztrones\software\firmware\SLRC2025-Pulztrones\Core\Inc\main.h_save
2025-03-20 01:08:42,259 [INFO] CodeEngine:287 - Generated code: C:\Users\PANKAJA\OneDrive\Projects\SLRC\SLRC-2025-Pulztrones\software\firmware\SLRC2025-Pulztrones\Core\Inc\main.h
2025-03-20 01:08:42,267 [INFO] CodeEngine:263 - oldGeneratedFile, C:\Users\PANKAJA\OneDrive\Projects\SLRC\SLRC-2025-Pulztrones\software\firmware\SLRC2025-Pulztrones\Core\Src\main.c_save
2025-03-20 01:08:42,425 [INFO] CodeEngine:287 - Generated code: C:\Users\PANKAJA\OneDrive\Projects\SLRC\SLRC-2025-Pulztrones\software\firmware\SLRC2025-Pulztrones\Core\Src\main.c
2025-03-20 01:08:42,937 [INFO] ProjectBuilder:3324 - Time for Copy HAL[1] : 239mS.
2025-03-20 01:08:42,946 [INFO] ProjectBuilder:4912 - Project Generator version: 4.6.0-B36
2025-03-20 01:08:43,018 [INFO] ConfigFileManager:1590 - The Die is : DIE421
2025-03-20 01:08:43,034 [INFO] ApiDbMcu:508 - Load IP Config File for FATFS
2025-03-20 01:08:43,037 [INFO] ApiDbMcu:508 - Load IP Config File for FREERTOS
2025-03-20 01:08:43,039 [INFO] ApiDbMcu:508 - Load IP Config File for LIBJPEG
2025-03-20 01:08:43,045 [INFO] ApiDbMcu:508 - Load IP Config File for MBEDTLS
2025-03-20 01:08:43,049 [INFO] ApiDbMcu:508 - Load IP Config File for USB_DEVICE
2025-03-20 01:08:43,054 [INFO] ApiDbMcu:508 - Load IP Config File for USB_HOST
