2025-03-27 14:03:32,836 [INFO] Activator:176 - 


2025-03-27 14:03:32,841 [INFO] Activator:177 - !SESSION log4j initialized
2025-03-27 14:03:39,406 [INFO] LogOutputStream:77 - [STDOUT_REDIRECT] 
2025-03-27 14:03:41,360 [INFO] ApplicationProperties:184 - Using Application install path: C:\ST\STM32CubeIDE_1.15.1\STM32CubeIDE\plugins\com.st.stm32cube.common.mx_6.14.0.202502271554
2025-03-27 14:03:41,378 [INFO] DbMcusXml:78 - Set database path to: C:\ST\STM32CubeIDE_1.15.1\STM32CubeIDE\plugins\com.st.stm32cube.common.mx_6.14.0.202502271554\\db\/mcu/
2025-03-27 14:03:41,379 [INFO] ApiDb:274 - Set plugin database path to: C:\ST\STM32CubeIDE_1.15.1\STM32CubeIDE\plugins\com.st.stm32cube.common.mx_6.14.0.202502271554\\db\/plugins/boardmanager/
2025-03-27 14:03:41,380 [WARN] ApiDb:259 - Overriding images path with different value:  => C:\ST\STM32CubeIDE_1.15.1\STM32CubeIDE\plugins\com.st.stm32cube.common.mx_6.14.0.202502271554\\db\/plugins/mcufinder/images/
2025-03-27 14:03:41,393 [INFO] ApiDb:250 - Set database path to: C:\Users\PANKAJA\.stmcufinder\plugins\mcufinder//mcu/
2025-03-27 14:03:41,394 [INFO] DbMcusAds:125 - Set database path to: C:\Users\PANKAJA\.stmcufinder\plugins\mcufinder//mcu/
2025-03-27 14:03:41,396 [INFO] CrossReferenceDbSqlite:203 - Set database path to: C:\Users\PANKAJA\.stmcufinder\plugins\mcufinder//mcu/cs/
2025-03-27 14:03:41,495 [INFO] RulesReader:64 - Compatibility file has been processed (301 Rules)
2025-03-27 14:03:41,574 [INFO] DbMcusXml:78 - Set database path to: C:\ST\STM32CubeIDE_1.15.1\STM32CubeIDE\plugins\com.st.stm32cube.common.mx_6.14.0.202502271554\\db\/mcu/
2025-03-27 14:03:41,575 [INFO] ApiDb:274 - Set plugin database path to: C:\ST\STM32CubeIDE_1.15.1\STM32CubeIDE\plugins\com.st.stm32cube.common.mx_6.14.0.202502271554\\db\/plugins/boardmanager/
2025-03-27 14:03:41,575 [INFO] ApiDb:261 - Set plugin images path to: C:\ST\STM32CubeIDE_1.15.1\STM32CubeIDE\plugins\com.st.stm32cube.common.mx_6.14.0.202502271554\\db\/plugins/mcufinder/images/
2025-03-27 14:03:41,575 [WARN] DbFile:41 - Overriding database path with different value: C:\Users\PANKAJA\.stmcufinder\plugins\mcufinder/ => C:\Users\PANKAJA\.stmcufinder\plugins\mcufinder
2025-03-27 14:03:41,575 [INFO] ApiDb:250 - Set database path to: C:\Users\PANKAJA\.stmcufinder\plugins\mcufinder//mcu/
2025-03-27 14:03:41,575 [WARN] DbFile:41 - Overriding database path with different value: C:\Users\PANKAJA\.stmcufinder\plugins\mcufinder/ => C:\Users\PANKAJA\.stmcufinder\plugins\mcufinder
2025-03-27 14:03:41,575 [INFO] DbMcusAds:125 - Set database path to: C:\Users\PANKAJA\.stmcufinder\plugins\mcufinder//mcu/
2025-03-27 14:03:41,575 [WARN] DbFile:41 - Overriding database path with different value: C:\Users\PANKAJA\.stmcufinder\plugins\mcufinder/ => C:\Users\PANKAJA\.stmcufinder\plugins\mcufinder
2025-03-27 14:03:41,575 [WARN] DbFile:41 - Overriding database path with different value: C:\Users\PANKAJA\.stmcufinder\plugins\mcufinder/ => C:\Users\PANKAJA\.stmcufinder\plugins\mcufinder
2025-03-27 14:03:41,575 [INFO] CrossReferenceDbSqlite:203 - Set database path to: C:\Users\PANKAJA\.stmcufinder\plugins\mcufinder//mcu/cs/
2025-03-27 14:03:41,652 [INFO] MainPanel:272 - HeapMemory: 268435456
2025-03-27 14:03:41,765 [INFO] DbMcusXml:78 - Set database path to: C:\ST\STM32CubeIDE_1.15.1\STM32CubeIDE\plugins\com.st.stm32cube.common.mx_6.14.0.202502271554\\db\/mcu/
2025-03-27 14:03:41,765 [INFO] ApiDb:274 - Set plugin database path to: C:\ST\STM32CubeIDE_1.15.1\STM32CubeIDE\plugins\com.st.stm32cube.common.mx_6.14.0.202502271554\\db\/plugins/boardmanager/
2025-03-27 14:03:41,766 [INFO] ApiDb:261 - Set plugin images path to: C:\ST\STM32CubeIDE_1.15.1\STM32CubeIDE\plugins\com.st.stm32cube.common.mx_6.14.0.202502271554\\db\/plugins/mcufinder/images/
2025-03-27 14:03:41,766 [WARN] DbFile:41 - Overriding database path with different value: C:\Users\PANKAJA\.stmcufinder\plugins\mcufinder/ => C:\Users\PANKAJA\.stmcufinder\plugins\mcufinder
2025-03-27 14:03:41,766 [INFO] ApiDb:250 - Set database path to: C:\Users\PANKAJA\.stmcufinder\plugins\mcufinder//mcu/
2025-03-27 14:03:41,766 [WARN] DbFile:41 - Overriding database path with different value: C:\Users\PANKAJA\.stmcufinder\plugins\mcufinder/ => C:\Users\PANKAJA\.stmcufinder\plugins\mcufinder
2025-03-27 14:03:41,766 [INFO] DbMcusAds:125 - Set database path to: C:\Users\PANKAJA\.stmcufinder\plugins\mcufinder//mcu/
2025-03-27 14:03:41,766 [WARN] DbFile:41 - Overriding database path with different value: C:\Users\PANKAJA\.stmcufinder\plugins\mcufinder/ => C:\Users\PANKAJA\.stmcufinder\plugins\mcufinder
2025-03-27 14:03:41,766 [WARN] DbFile:41 - Overriding database path with different value: C:\Users\PANKAJA\.stmcufinder\plugins\mcufinder/ => C:\Users\PANKAJA\.stmcufinder\plugins\mcufinder
2025-03-27 14:03:41,766 [INFO] CrossReferenceDbSqlite:203 - Set database path to: C:\Users\PANKAJA\.stmcufinder\plugins\mcufinder//mcu/cs/
2025-03-27 14:03:41,781 [INFO] ApplicationProperties:184 - Using Application install path: C:\ST\STM32CubeIDE_1.15.1\STM32CubeIDE\plugins\com.st.stm32cube.common.mx_6.14.0.202502271554
2025-03-27 14:03:41,782 [INFO] PluginManage:196 - Search for loadable plugins [exclusion list=, ]
2025-03-27 14:03:41,784 [INFO] PluginManage:310 - Check plugin analytics
2025-03-27 14:03:41,915 [INFO] AnalyticsPlugin:253 - Accepted Software Licenses: STM32CubeMX.6.11.1
2025-03-27 14:03:41,915 [INFO] AnalyticsPlugin:255 - Accepted CMSIS Pack Licenses: STMicroelectronics.X-CUBE-AI.9.0.0,STMicroelectronics.X-CUBE-AI.8.1.0
2025-03-27 14:03:41,915 [INFO] AnalyticsPlugin:257 - Accepted Firmware Licenses: FW.F4.1.28.0
2025-03-27 14:03:41,917 [INFO] PluginManage:359 - Loaded plugin analytics (category:tool,tabindex:-1)
2025-03-27 14:03:41,917 [INFO] PluginManage:310 - Check plugin cadmodel
2025-03-27 14:03:41,925 [INFO] CADModel:105 - Init CAD model plugin
2025-03-27 14:03:41,926 [INFO] PluginManage:359 - Loaded plugin cadmodel (category:power,tabindex:5)
2025-03-27 14:03:41,926 [INFO] PluginManage:310 - Check plugin clock
2025-03-27 14:03:41,935 [INFO] PluginManage:359 - Loaded plugin clock (category:base,tabindex:2)
2025-03-27 14:03:41,935 [INFO] PluginManage:310 - Check plugin ddr
2025-03-27 14:03:41,937 [INFO] PluginManage:359 - Loaded plugin ddr (category:tool,tabindex:6)
2025-03-27 14:03:41,937 [INFO] PluginManage:310 - Check plugin filemanager
2025-03-27 14:03:42,095 [INFO] PluginManage:359 - Loaded plugin filemanager (category:base,tabindex:10)
2025-03-27 14:03:42,095 [INFO] PluginManage:310 - Check plugin ipmanager
2025-03-27 14:03:42,101 [INFO] PluginManage:359 - Loaded plugin ipmanager (category:base,tabindex:5)
2025-03-27 14:03:42,102 [INFO] PluginManage:310 - Check plugin lpbam
2025-03-27 14:03:42,109 [INFO] PluginManage:359 - Loaded plugin lpbam (category:base,tabindex:0)
2025-03-27 14:03:42,110 [INFO] PluginManage:310 - Check plugin memorymap
2025-03-27 14:03:42,123 [INFO] PluginManage:359 - Loaded plugin memorymap (category:base,tabindex:4)
2025-03-27 14:03:42,123 [INFO] PluginManage:310 - Check plugin pinoutandconfiguration
2025-03-27 14:03:42,131 [INFO] PluginManage:359 - Loaded plugin pinoutandconfiguration (category:base,tabindex:1)
2025-03-27 14:03:42,131 [INFO] PluginManage:310 - Check plugin pinoutconfig
2025-03-27 14:03:42,194 [WARN] SupportedApi:132 - Cannot load RTOS API schema: s4s-elt-must-match.1: The content of 'definitions' must match (annotation?, (simpleType | complexType)?, (unique | key | keyref)*)). A problem was found starting at: attribute.
2025-03-27 14:03:42,299 [INFO] PluginManage:359 - Loaded plugin pinoutconfig (category:base,tabindex:0)
2025-03-27 14:03:42,299 [INFO] PluginManage:310 - Check plugin power
2025-03-27 14:03:42,308 [INFO] PluginManage:359 - Loaded plugin power (category:power,tabindex:4)
2025-03-27 14:03:42,309 [INFO] PluginManage:310 - Check plugin projectmanager
2025-03-27 14:03:42,319 [INFO] PluginManage:359 - Loaded plugin projectmanager (category:projectmanager,tabindex:4)
2025-03-27 14:03:42,319 [INFO] PluginManage:310 - Check plugin rif
2025-03-27 14:03:42,327 [INFO] PluginManage:359 - Loaded plugin rif (category:base,tabindex:3)
2025-03-27 14:03:42,327 [INFO] PluginManage:310 - Check plugin thirdparty
2025-03-27 14:03:42,455 [WARN] IntegrityCheckThread:84 - waiting for thirdparty lock release [integrity check]
2025-03-27 14:03:42,455 [INFO] IntegrityCheckThread:86 - entering critical section [integrity check]
2025-03-27 14:03:42,455 [INFO] PluginManage:359 - Loaded plugin thirdparty (category:base,tabindex:-1)
2025-03-27 14:03:42,455 [INFO] ThirdPartyUpdaterWithRetryManager:70 - Updater plugin not ready yet. [1/15]
2025-03-27 14:03:42,455 [INFO] PluginManage:310 - Check plugin tools
2025-03-27 14:03:42,458 [INFO] PluginManage:359 - Loaded plugin tools (category:base,tabindex:7)
2025-03-27 14:03:42,458 [INFO] PluginManage:310 - Check plugin tutovideos
2025-03-27 14:03:42,598 [INFO] PluginManage:359 - Loaded plugin tutovideos (category:base,tabindex:-1)
2025-03-27 14:03:42,598 [INFO] PluginManage:310 - Check plugin updater
2025-03-27 14:03:42,640 [INFO] PluginManage:359 - Loaded plugin updater (category:base,tabindex:12)
2025-03-27 14:03:42,640 [INFO] PluginManage:310 - Check plugin userauth
2025-03-27 14:03:42,644 [INFO] UserAuth:118 - Init User Auth plugin
2025-03-27 14:03:42,645 [INFO] PluginManage:359 - Loaded plugin userauth (category:base,tabindex:14)
2025-03-27 14:03:42,645 [INFO] PluginManage:283 - PluginManage : Loaded plugins [18]
2025-03-27 14:03:42,819 [INFO] PinOutPanel:1589 - setPackage(No Configuration,No Configuration)
2025-03-27 14:03:42,885 [INFO] CADModel:165 - CPN selected for project level
2025-03-27 14:03:42,886 [INFO] CADModel:114 - Register for checkConnection events
2025-03-27 14:03:42,904 [INFO] IPUIPlugin:80 - create IPUIPlugin
2025-03-27 14:03:42,904 [INFO] PluginManager:220 - loadIPPluginJar : add adc
2025-03-27 14:03:42,907 [INFO] IPUIPlugin:80 - create IPUIPlugin
2025-03-27 14:03:42,907 [INFO] PluginManager:220 - loadIPPluginJar : add aes
2025-03-27 14:03:42,910 [INFO] IPUIPlugin:80 - create IPUIPlugin
2025-03-27 14:03:42,910 [INFO] PluginManager:220 - loadIPPluginJar : add can
2025-03-27 14:03:42,912 [INFO] IPUIPlugin:80 - create IPUIPlugin
2025-03-27 14:03:42,912 [INFO] PluginManager:220 - loadIPPluginJar : add comp
2025-03-27 14:03:42,914 [INFO] IPUIPlugin:80 - create IPUIPlugin
2025-03-27 14:03:42,914 [INFO] PluginManager:220 - loadIPPluginJar : add cryp
2025-03-27 14:03:42,918 [INFO] IPUIPlugin:80 - create IPUIPlugin
2025-03-27 14:03:42,918 [INFO] PluginManager:220 - loadIPPluginJar : add ddr_ctrl_phy
2025-03-27 14:03:42,921 [INFO] IPUIPlugin:80 - create IPUIPlugin
2025-03-27 14:03:42,921 [INFO] PluginManager:220 - loadIPPluginJar : add dfsdm
2025-03-27 14:03:42,926 [INFO] IPUIPlugin:80 - create IPUIPlugin
2025-03-27 14:03:42,927 [INFO] PluginManager:220 - loadIPPluginJar : add dma
2025-03-27 14:03:42,930 [INFO] IPUIPlugin:80 - create IPUIPlugin
2025-03-27 14:03:42,930 [INFO] PluginManager:220 - loadIPPluginJar : add dma3
2025-03-27 14:03:42,932 [INFO] IPUIPlugin:80 - create IPUIPlugin
2025-03-27 14:03:42,932 [INFO] PluginManager:220 - loadIPPluginJar : add extmemmanager
2025-03-27 14:03:42,934 [INFO] IPUIPlugin:80 - create IPUIPlugin
2025-03-27 14:03:42,934 [INFO] PluginManager:220 - loadIPPluginJar : add fatfs
2025-03-27 14:03:42,939 [INFO] IPUIPlugin:80 - create IPUIPlugin
2025-03-27 14:03:42,939 [INFO] PluginManager:220 - loadIPPluginJar : add fmc
2025-03-27 14:03:42,945 [INFO] IPUIPlugin:80 - create IPUIPlugin
2025-03-27 14:03:42,945 [INFO] PluginManager:220 - loadIPPluginJar : add freertos
2025-03-27 14:03:42,947 [INFO] IPUIPlugin:80 - create IPUIPlugin
2025-03-27 14:03:42,947 [INFO] PluginManager:220 - loadIPPluginJar : add genericplugin
2025-03-27 14:03:42,949 [INFO] IPUIPlugin:80 - create IPUIPlugin
2025-03-27 14:03:42,949 [INFO] PluginManager:220 - loadIPPluginJar : add gfxmmu
2025-03-27 14:03:42,954 [INFO] IPUIPlugin:80 - create IPUIPlugin
2025-03-27 14:03:42,954 [INFO] PluginManager:220 - loadIPPluginJar : add gic
2025-03-27 14:03:42,958 [INFO] IPUIPlugin:80 - create IPUIPlugin
2025-03-27 14:03:42,958 [INFO] PluginManager:220 - loadIPPluginJar : add gpio
2025-03-27 14:03:42,961 [INFO] IPUIPlugin:80 - create IPUIPlugin
2025-03-27 14:03:42,961 [INFO] PluginManager:220 - loadIPPluginJar : add gtzc
2025-03-27 14:03:42,963 [INFO] IPUIPlugin:80 - create IPUIPlugin
2025-03-27 14:03:42,963 [INFO] PluginManager:220 - loadIPPluginJar : add hash
2025-03-27 14:03:42,965 [INFO] IPUIPlugin:80 - create IPUIPlugin
2025-03-27 14:03:42,965 [INFO] PluginManager:220 - loadIPPluginJar : add i2c
2025-03-27 14:03:42,968 [INFO] IPUIPlugin:80 - create IPUIPlugin
2025-03-27 14:03:42,968 [INFO] PluginManager:220 - loadIPPluginJar : add i2s
2025-03-27 14:03:42,971 [INFO] IPUIPlugin:80 - create IPUIPlugin
2025-03-27 14:03:42,971 [INFO] PluginManager:220 - loadIPPluginJar : add i3c
2025-03-27 14:03:42,974 [INFO] IPUIPlugin:80 - create IPUIPlugin
2025-03-27 14:03:42,974 [INFO] PluginManager:220 - loadIPPluginJar : add ipddr
2025-03-27 14:03:42,982 [INFO] IPUIPlugin:80 - create IPUIPlugin
2025-03-27 14:03:42,983 [INFO] PluginManager:220 - loadIPPluginJar : add linkedlist
2025-03-27 14:03:42,985 [INFO] IPUIPlugin:80 - create IPUIPlugin
2025-03-27 14:03:42,985 [INFO] PluginManager:220 - loadIPPluginJar : add lorawan
2025-03-27 14:03:42,987 [INFO] IPUIPlugin:80 - create IPUIPlugin
2025-03-27 14:03:42,987 [INFO] PluginManager:220 - loadIPPluginJar : add ltdc
2025-03-27 14:03:42,993 [INFO] IPUIPlugin:80 - create IPUIPlugin
2025-03-27 14:03:42,993 [INFO] PluginManager:220 - loadIPPluginJar : add mdma
2025-03-27 14:03:42,997 [INFO] IPUIPlugin:80 - create IPUIPlugin
2025-03-27 14:03:42,997 [INFO] PluginManager:220 - loadIPPluginJar : add nvic
2025-03-27 14:03:43,000 [INFO] IPUIPlugin:80 - create IPUIPlugin
2025-03-27 14:03:43,000 [INFO] PluginManager:220 - loadIPPluginJar : add opamp
2025-03-27 14:03:43,003 [INFO] IPUIPlugin:80 - create IPUIPlugin
2025-03-27 14:03:43,003 [INFO] PluginManager:220 - loadIPPluginJar : add openamp
2025-03-27 14:03:43,006 [INFO] IPUIPlugin:80 - create IPUIPlugin
2025-03-27 14:03:43,006 [INFO] PluginManager:220 - loadIPPluginJar : add pdm2pcm
2025-03-27 14:03:43,011 [INFO] IPUIPlugin:80 - create IPUIPlugin
2025-03-27 14:03:43,012 [INFO] PluginManager:220 - loadIPPluginJar : add plateformsettings
2025-03-27 14:03:43,014 [INFO] IPUIPlugin:80 - create IPUIPlugin
2025-03-27 14:03:43,014 [INFO] PluginManager:220 - loadIPPluginJar : add quadspi
2025-03-27 14:03:43,015 [INFO] IPUIPlugin:80 - create IPUIPlugin
2025-03-27 14:03:43,016 [INFO] PluginManager:220 - loadIPPluginJar : add radio
2025-03-27 14:03:43,019 [INFO] IPUIPlugin:80 - create IPUIPlugin
2025-03-27 14:03:43,019 [INFO] PluginManager:220 - loadIPPluginJar : add resmgrutility
2025-03-27 14:03:43,022 [INFO] IPUIPlugin:80 - create IPUIPlugin
2025-03-27 14:03:43,022 [INFO] PluginManager:220 - loadIPPluginJar : add sai
2025-03-27 14:03:43,024 [INFO] IPUIPlugin:80 - create IPUIPlugin
2025-03-27 14:03:43,024 [INFO] PluginManager:220 - loadIPPluginJar : add spi
2025-03-27 14:03:43,028 [INFO] IPUIPlugin:80 - create IPUIPlugin
2025-03-27 14:03:43,029 [INFO] PluginManager:220 - loadIPPluginJar : add stm32_wpan
2025-03-27 14:03:43,030 [INFO] IPUIPlugin:80 - create IPUIPlugin
2025-03-27 14:03:43,030 [INFO] PluginManager:220 - loadIPPluginJar : add tim
2025-03-27 14:03:43,033 [INFO] IPUIPlugin:80 - create IPUIPlugin
2025-03-27 14:03:43,033 [INFO] PluginManager:220 - loadIPPluginJar : add touchsensing
2025-03-27 14:03:43,034 [INFO] IPUIPlugin:80 - create IPUIPlugin
2025-03-27 14:03:43,035 [INFO] PluginManager:220 - loadIPPluginJar : add tracer_emb
2025-03-27 14:03:43,036 [INFO] IPUIPlugin:80 - create IPUIPlugin
2025-03-27 14:03:43,036 [INFO] PluginManager:220 - loadIPPluginJar : add ts
2025-03-27 14:03:43,038 [INFO] IPUIPlugin:80 - create IPUIPlugin
2025-03-27 14:03:43,038 [INFO] PluginManager:220 - loadIPPluginJar : add tsc
2025-03-27 14:03:43,039 [INFO] IPUIPlugin:80 - create IPUIPlugin
2025-03-27 14:03:43,039 [INFO] PluginManager:220 - loadIPPluginJar : add ucpd
2025-03-27 14:03:43,042 [INFO] IPUIPlugin:80 - create IPUIPlugin
2025-03-27 14:03:43,042 [INFO] PluginManager:220 - loadIPPluginJar : add usart
2025-03-27 14:03:43,044 [INFO] IPUIPlugin:80 - create IPUIPlugin
2025-03-27 14:03:43,044 [INFO] PluginManager:220 - loadIPPluginJar : add usbx
2025-03-27 14:03:43,155 [FATAL] Updater:351 - Updater called before beeing initialized
2025-03-27 14:03:43,212 [INFO] RulesReader:64 - Compatibility file has been processed (301 Rules)
2025-03-27 14:03:43,229 [INFO] RulesReader:64 - Compatibility file has been processed (301 Rules)
2025-03-27 14:03:43,250 [INFO] CADModel:165 - CPN selected for project level
2025-03-27 14:03:43,250 [INFO] CADModel:114 - Register for checkConnection events
2025-03-27 14:03:43,250 [FATAL] Updater:351 - Updater called before beeing initialized
2025-03-27 14:03:43,250 [ERROR] CADModel:125 - Updater not yet initialized, retry later 
2025-03-27 14:03:43,421 [FATAL] Updater:351 - Updater called before beeing initialized
2025-03-27 14:03:43,423 [INFO] CADModel:165 - CPN selected for project level
2025-03-27 14:03:43,423 [INFO] CADModel:114 - Register for checkConnection events
2025-03-27 14:03:43,423 [FATAL] Updater:351 - Updater called before beeing initialized
2025-03-27 14:03:43,423 [ERROR] CADModel:125 - Updater not yet initialized, retry later 
2025-03-27 14:03:43,426 [FATAL] Updater:351 - Updater called before beeing initialized
2025-03-27 14:03:43,516 [FATAL] Updater:351 - Updater called before beeing initialized
2025-03-27 14:03:43,520 [INFO] DbMcusAds:53 - JSON generation date=Thu Mar 06 20:24:21 IST 2025 (1741272861825)
2025-03-27 14:03:43,521 [FATAL] Updater:351 - Updater called before beeing initialized
2025-03-27 14:03:43,552 [WARN] DetailPanel:346 - Failed to get advertising image, set to default
2025-03-27 14:03:43,751 [FATAL] Updater:351 - Updater called before beeing initialized
2025-03-27 14:03:43,753 [FATAL] Updater:351 - Updater called before beeing initialized
2025-03-27 14:03:43,753 [FATAL] Updater:351 - Updater called before beeing initialized
2025-03-27 14:03:43,754 [WARN] DetailPanel:346 - Failed to get advertising image, set to default
2025-03-27 14:03:43,754 [FATAL] Updater:351 - Updater called before beeing initialized
2025-03-27 14:03:43,792 [ERROR] Updater:1198 - MainUpdater not yet initialized. External WinMGr cannot be set.
2025-03-27 14:03:43,794 [INFO] Updater:1134 - Updater Version found : 6.14.0
2025-03-27 14:03:43,813 [INFO] ApplicationProperties:184 - Using Application install path: C:\ST\STM32CubeIDE_1.15.1\STM32CubeIDE\plugins\com.st.stm32cube.common.mx_6.14.0.202502271554
2025-03-27 14:03:45,455 [INFO] ThirdPartyUpdaterWithRetryManager:70 - Updater plugin not ready yet. [2/15]
2025-03-27 14:03:47,080 [INFO] MainUpdater:2872 - connection check result : 10
2025-03-27 14:03:47,081 [INFO] MainUpdater:3566 - Updater definition file requires update
2025-03-27 14:03:47,082 [INFO] MainUpdater:289 - Updater Check For Update Now.
2025-03-27 14:03:47,082 [INFO] MicroXplorer:498 - Change Database Version : DB.6.0.140
2025-03-27 14:03:47,104 [INFO] McuFinderGlobals:63 - Set McuFinder mode to 2 (CubeIDE integrated)
2025-03-27 14:03:47,106 [INFO] UserAuth:486 - Internet connection configuration mode: 1
2025-03-27 14:03:47,132 [INFO] JxBrowserEngine:152 - Initiate JxBrowser Engine with user profile folder
2025-03-27 14:03:48,456 [WARN] MainUpdater:1193 - Updater busy. Cannot search thirdparties
2025-03-27 14:03:48,456 [INFO] ThirdPartyUpdaterWithRetryManager:96 - Updater plugin is busy. [1/15]
2025-03-27 14:03:48,926 [INFO] WebApp:169 - Instantiating new browser for Auth
2025-03-27 14:03:49,036 [INFO] ServerAccessManage:473 - Download File updaters.zip
2025-03-27 14:03:49,639 [INFO] WebApp:463 - Apply proxy settings
2025-03-27 14:03:49,639 [INFO] WebApp:548 - Chromium requires no authentication
2025-03-27 14:03:49,652 [INFO] WebApp:491 - Direct internet connection detected
2025-03-27 14:03:49,687 [INFO] WebApp:894 - Register for checkConnection events
2025-03-27 14:03:49,687 [INFO] WebApp:463 - Apply proxy settings
2025-03-27 14:03:49,687 [INFO] WebApp:548 - Chromium requires no authentication
2025-03-27 14:03:49,688 [INFO] WebApp:491 - Direct internet connection detected
2025-03-27 14:03:49,849 [INFO] WebApp:225 - Starting web application
2025-03-27 14:03:49,849 [INFO] WebApp:593 - Web application path used C:\ST\STM32CubeIDE_1.15.1\STM32CubeIDE\plugins\com.st.stm32cube.common.mx_6.14.0.202502271554\db\plugins\mcufinder\reactClient1\index.html
2025-03-27 14:03:49,972 [INFO] UserAuth:486 - Internet connection configuration mode: 1
2025-03-27 14:03:50,179 [INFO] FileExtend:242 - Unzip File : updaters.zip
2025-03-27 14:03:50,179 [INFO] FileExtend:257 - Standard Zip Deflate
2025-03-27 14:03:50,897 [INFO] WebApp:191 - Connection restablished
2025-03-27 14:03:50,993 [INFO] ServerAccessManage:473 - Download File PacksControlFlags.xml
2025-03-27 14:03:51,458 [WARN] MainUpdater:1193 - Updater busy. Cannot search thirdparties
2025-03-27 14:03:51,458 [INFO] ThirdPartyUpdaterWithRetryManager:96 - Updater plugin is busy. [2/15]
2025-03-27 14:03:51,545 [INFO] ServerAccessManage:473 - Download File cubemx.pidx
2025-03-27 14:03:51,623 [INFO] LoadServerUpdatesThread:375 - End of LoadServerUpdate Thread
2025-03-27 14:03:51,775 [INFO] CheckServerUpdateThread:120 - End of CheckServer Thread
2025-03-27 14:03:54,659 [WARN] PackLoader:240 - Cannot read IP mode file for STMicroelectronics.FP-SNS-MOTENVWB1.1.4.0
2025-03-27 14:03:54,667 [WARN] PackLoader:240 - Cannot read IP mode file for STMicroelectronics.FP-ATR-ASTRA1.2.0.2
2025-03-27 14:03:54,673 [WARN] PackLoader:240 - Cannot read IP mode file for STMicroelectronics.FP-ATR-ASTRA1.2.0.1
2025-03-27 14:03:54,678 [WARN] PackLoader:240 - Cannot read IP mode file for STMicroelectronics.X-CUBE-SMBUS.2.1.0
2025-03-27 14:03:54,684 [WARN] PackLoader:240 - Cannot read IP mode file for STMicroelectronics.X-CUBE-WB05N.1.1.0
2025-03-27 14:03:54,689 [WARN] PackLoader:240 - Cannot read IP mode file for STMicroelectronics.X-CUBE-TOUCHGFX.4.23.2
2025-03-27 14:03:54,711 [WARN] PackLoader:240 - Cannot read IP mode file for STMicroelectronics.X-CUBE-AZRTOS-F7.1.1.0
2025-03-27 14:03:54,750 [WARN] PackLoader:240 - Cannot read IP mode file for STMicroelectronics.X-CUBE-MEMS1.11.0.0
2025-03-27 14:03:54,840 [WARN] PackLoader:240 - Cannot read IP mode file for STMicroelectronics.FP-SNS-FLIGHT1.5.0.2
2025-03-27 14:03:54,846 [WARN] PackLoader:240 - Cannot read IP mode file for STMicroelectronics.X-CUBE-DISPLAY.3.0.0
2025-03-27 14:03:54,851 [WARN] PackLoader:240 - Cannot read IP mode file for STMicroelectronics.X-CUBE-BLE1.7.0.0
2025-03-27 14:03:54,855 [WARN] PackLoader:240 - Cannot read IP mode file for STMicroelectronics.X-CUBE-NFC10.1.0.0
2025-03-27 14:03:54,861 [WARN] PackLoader:240 - Cannot read IP mode file for STMicroelectronics.X-CUBE-BLEMGR.4.0.0
2025-03-27 14:03:54,867 [WARN] PackLoader:240 - Cannot read IP mode file for emotas.I-CUBE-CANOPEN.1.3.0
2025-03-27 14:03:54,873 [WARN] PackLoader:240 - Cannot read IP mode file for STMicroelectronics.X-CUBE-BLEMGR.3.1.0
2025-03-27 14:03:54,877 [WARN] PackLoader:240 - Cannot read IP mode file for STMicroelectronics.X-CUBE-AI.10.0.0
2025-03-27 14:03:54,881 [WARN] PackLoader:240 - Cannot read IP mode file for STMicroelectronics.FP-SNS-SMARTAG2.1.2.0
2025-03-27 14:03:54,883 [WARN] PackLoader:240 - Cannot read IP mode file for STMicroelectronics.FP-SNS-FLIGHT1.5.1.0
2025-03-27 14:03:54,906 [WARN] PackLoader:240 - Cannot read IP mode file for STMicroelectronics.X-CUBE-MEMS1.11.1.0
2025-03-27 14:03:54,980 [INFO] LogOutputStream:77 - [STDOUT_REDIRECT] 1 : Invalid condition id : UX_CORESTACK_Condition cause : null
2025-03-27 14:03:54,980 [INFO] LogOutputStream:77 - [STDOUT_REDIRECT] 1 : Invalid condition id : UX_CORESTACK_Condition cause : null
2025-03-27 14:03:54,981 [INFO] LogOutputStream:77 - [STDOUT_REDIRECT] 1 : Invalid condition id : UX_CORESTACK_Condition cause : null
2025-03-27 14:03:54,983 [INFO] LogOutputStream:77 - [STDOUT_REDIRECT] 1 : Invalid condition id : UX_CORESTACK_Condition cause : null
2025-03-27 14:03:54,984 [INFO] LogOutputStream:77 - [STDOUT_REDIRECT] 1 : Invalid condition id : UX_CORESTACK_Condition cause : null
2025-03-27 14:03:54,985 [WARN] PackLoader:240 - Cannot read IP mode file for STMicroelectronics.X-CUBE-AZRTOS-WL.2.0.0
2025-03-27 14:03:54,990 [WARN] PackLoader:240 - Cannot read IP mode file for STMicroelectronics.FP-SNS-MOTENV1.5.0.0
2025-03-27 14:03:54,994 [WARN] PackLoader:240 - Cannot read IP mode file for wolfSSL.I-CUBE-wolfMQTT.1.19.0
2025-03-27 14:03:55,000 [WARN] PackLoader:240 - Cannot read IP mode file for WES.I-CUBE-Cesium.1.3.0
2025-03-27 14:03:55,005 [WARN] PackLoader:240 - Cannot read IP mode file for STMicroelectronics.X-CUBE-BLE2.3.3.0
2025-03-27 14:03:55,009 [WARN] PackLoader:240 - Cannot read IP mode file for STMicroelectronics.X-CUBE-NFC9.1.0.0
2025-03-27 14:03:55,014 [WARN] PackLoader:240 - Cannot read IP mode file for STMicroelectronics.X-CUBE-BLE1.7.1.0
2025-03-27 14:03:55,020 [WARN] PackLoader:240 - Cannot read IP mode file for STMicroelectronics.X-CUBE-TCPP.4.1.0
2025-03-27 14:03:55,034 [WARN] PackLoader:240 - Cannot read IP mode file for STMicroelectronics.X-CUBE-AZRTOS-G0.1.1.0
2025-03-27 14:03:55,043 [WARN] PackLoader:240 - Cannot read IP mode file for STMicroelectronics.X-CUBE-SAFEA1.1.2.2
2025-03-27 14:03:55,048 [WARN] PackLoader:240 - Cannot read IP mode file for STMicroelectronics.X-CUBE-NFC4.3.0.0
2025-03-27 14:03:55,056 [WARN] PackLoader:240 - Cannot read IP mode file for EmbeddedOffice.I-CUBE-FS-RTOS.1.0.1
2025-03-27 14:03:55,059 [WARN] PackLoader:240 - Cannot read IP mode file for STMicroelectronics.X-CUBE-TCPP.4.2.0
2025-03-27 14:03:55,071 [WARN] PackLoader:240 - Cannot read IP mode file for RealThread.X-CUBE-RT-Thread_Nano.4.1.1
2025-03-27 14:03:55,074 [WARN] PackLoader:240 - Cannot read IP mode file for wolfSSL.I-CUBE-wolfSSL.5.7.0
2025-03-27 14:03:55,077 [WARN] PackLoader:240 - Cannot read IP mode file for STMicroelectronics.FP-ATR-SIGFOX1.3.2.0
2025-03-27 14:03:55,080 [WARN] ConditionMgr:438 - getConditionDescription Invalid condition id : Cortex-A Device cause : null
2025-03-27 14:03:55,091 [WARN] ConditionMgr:1044 - genDependencies : Invalid condition id : Cortex-A Device cause : null
2025-03-27 14:03:55,091 [WARN] ConditionMgr:1044 - genDependencies : Invalid condition id : Cortex-A Device cause : null
2025-03-27 14:03:55,091 [WARN] ConditionMgr:1044 - genDependencies : Invalid condition id : Cortex-A Device cause : null
2025-03-27 14:03:55,096 [WARN] PackLoader:240 - Cannot read IP mode file for STMicroelectronics.X-CUBE-EEPRMA1.5.1.0
2025-03-27 14:03:55,101 [WARN] PackLoader:240 - Cannot read IP mode file for ITTIA_DB.I-CUBE-ITTIADB.8.9.0
2025-03-27 14:03:55,117 [WARN] PackLoader:240 - Cannot read IP mode file for SEGGER.I-CUBE-embOS.1.3.1
2025-03-27 14:03:55,142 [WARN] PackLoader:240 - Cannot read IP mode file for STMicroelectronics.X-CUBE-ALGOBUILD.1.4.0
2025-03-27 14:03:55,145 [WARN] PackLoader:240 - Cannot read IP mode file for STMicroelectronics.X-CUBE-AI.9.1.0
2025-03-27 14:03:55,148 [WARN] PackLoader:240 - Cannot read IP mode file for STMicroelectronics.X-CUBE-GNSS1.6.0.0
2025-03-27 14:03:55,157 [WARN] PackLoader:240 - Cannot read IP mode file for STMicroelectronics.X-CUBE-AZRTOS-F4.1.1.0
2025-03-27 14:03:55,161 [WARN] PackLoader:240 - Cannot read IP mode file for STMicroelectronics.X-CUBE-ISPU.2.1.0
2025-03-27 14:03:55,165 [WARN] PackLoader:240 - Cannot read IP mode file for STMicroelectronics.X-CUBE-FREERTOS.1.2.0
2025-03-27 14:03:55,173 [WARN] PackLoader:240 - Cannot read IP mode file for STMicroelectronics.X-CUBE-AZRTOS-L5.2.0.0
2025-03-27 14:03:55,178 [WARN] PackLoader:240 - Cannot read IP mode file for STMicroelectronics.X-CUBE-NFC6.3.1.0
2025-03-27 14:03:55,183 [WARN] PackLoader:240 - Cannot read IP mode file for STMicroelectronics.X-CUBE-DPower.1.2.0
2025-03-27 14:03:55,188 [WARN] PackLoader:240 - Cannot read IP mode file for STMicroelectronics.X-CUBE-AI.9.0.0
2025-03-27 14:03:55,261 [WARN] PackLoader:240 - Cannot read IP mode file for STMicroelectronics.X-CUBE-FREERTOS.1.3.0
2025-03-27 14:03:55,265 [WARN] PackLoader:240 - Cannot read IP mode file for STMicroelectronics.X-CUBE-NFC7.1.0.1
2025-03-27 14:03:55,269 [WARN] PackLoader:240 - Cannot read IP mode file for wolfSSL.I-CUBE-wolfTPM.3.2.0
2025-03-27 14:03:55,275 [WARN] PackLoader:240 - Cannot read IP mode file for STMicroelectronics.X-CUBE-AI.8.1.0
2025-03-27 14:03:55,311 [WARN] ConditionMgr:438 - getConditionDescription Invalid condition id : LAN8742 Phy interface Condition cause : null
2025-03-27 14:03:55,312 [WARN] PackLoader:240 - Cannot read IP mode file for STMicroelectronics.X-CUBE-AZRTOS-L4.2.0.0
2025-03-27 14:03:55,312 [WARN] ConditionMgr:1044 - genDependencies : Invalid condition id : LAN8742 Phy interface Condition cause : null
2025-03-27 14:03:55,312 [WARN] ConditionMgr:1044 - genDependencies : Invalid condition id : LAN8742 Phy interface Condition cause : null
2025-03-27 14:03:55,313 [WARN] ConditionMgr:1044 - genDependencies : Invalid condition id : LAN8742 Phy interface Condition cause : null
2025-03-27 14:03:55,321 [WARN] PackLoader:240 - Cannot read IP mode file for STMicroelectronics.X-CUBE-SFXS2LP1.4.0.0
2025-03-27 14:03:55,332 [WARN] PackLoader:240 - Cannot read IP mode file for STMicroelectronics.X-CUBE-AZRTOS-H7.3.3.0
2025-03-27 14:03:55,341 [WARN] PackLoader:240 - Cannot read IP mode file for STMicroelectronics.X-CUBE-IPS.3.0.0
2025-03-27 14:03:55,350 [WARN] ConditionMgr:438 - getConditionDescription Invalid condition id : UX DEVICE CLASS RTOS Condition cause : null
2025-03-27 14:03:55,350 [WARN] ConditionMgr:438 - getConditionDescription Invalid condition id : UX DEVICE CLASS RTOS Condition cause : null
2025-03-27 14:03:55,351 [WARN] PackLoader:240 - Cannot read IP mode file for STMicroelectronics.X-CUBE-AZRTOS-WB.2.0.0
2025-03-27 14:03:55,351 [WARN] ConditionMgr:1044 - genDependencies : Invalid condition id : UX DEVICE CLASS RTOS Condition cause : null
2025-03-27 14:03:55,351 [WARN] ConditionMgr:1044 - genDependencies : Invalid condition id : UX DEVICE CLASS RTOS Condition cause : null
2025-03-27 14:03:55,351 [WARN] ConditionMgr:1044 - genDependencies : Invalid condition id : UX DEVICE CLASS RTOS Condition cause : null
2025-03-27 14:03:55,352 [WARN] ConditionMgr:1044 - genDependencies : Invalid condition id : UX DEVICE CLASS RTOS Condition cause : null
2025-03-27 14:03:55,352 [WARN] ConditionMgr:1044 - genDependencies : Invalid condition id : UX DEVICE CLASS RTOS Condition cause : null
2025-03-27 14:03:55,356 [WARN] PackLoader:240 - Cannot read IP mode file for STMicroelectronics.X-CUBE-GNSS1.7.0.0
2025-03-27 14:03:55,360 [WARN] PackLoader:240 - Cannot read IP mode file for STMicroelectronics.X-CUBE-GNSS1.7.0.1
2025-03-27 14:03:55,363 [WARN] PackLoader:240 - Cannot read IP mode file for STMicroelectronics.X-CUBE-TOUCHGFX.4.25.0
2025-03-27 14:03:55,367 [WARN] PackLoader:240 - Cannot read IP mode file for STMicroelectronics.FP-SNS-STBOX1.2.0.0
2025-03-27 14:03:55,375 [WARN] PackLoader:240 - Cannot read IP mode file for STMicroelectronics.X-CUBE-SUBG2.5.0.0
2025-03-27 14:03:55,387 [WARN] PackLoader:240 - Cannot read IP mode file for STMicroelectronics.X-CUBE-AZRTOS-H7RS.1.1.0
2025-03-27 14:03:55,391 [WARN] PackLoader:240 - Cannot read IP mode file for Cesanta.I-CUBE-Mongoose.7.13.0
2025-03-27 14:03:55,399 [WARN] PackLoader:240 - Cannot read IP mode file for STMicroelectronics.X-CUBE-AZRTOS-G4.2.0.0
2025-03-27 14:03:55,403 [WARN] PackLoader:240 - Cannot read IP mode file for STMicroelectronics.X-CUBE-ISPU.2.0.0
2025-03-27 14:03:55,409 [WARN] PackLoader:240 - Cannot read IP mode file for STMicroelectronics.X-CUBE-IPS.3.1.0
2025-03-27 14:03:55,416 [WARN] PackLoader:240 - Cannot read IP mode file for STMicroelectronics.X-CUBE-ALS.1.0.2
2025-03-27 14:03:55,434 [WARN] PackLoader:240 - Cannot read IP mode file for STMicroelectronics.X-CUBE-MEMS1.10.0.0
2025-03-27 14:03:55,490 [WARN] PackLoader:240 - Cannot read IP mode file for STMicroelectronics.X-CUBE-TOUCHGFX.4.24.0
2025-03-27 14:03:55,492 [WARN] PackLoader:240 - Cannot read IP mode file for STMicroelectronics.X-CUBE-TOUCHGFX.4.24.2
2025-03-27 14:03:55,495 [WARN] PackLoader:240 - Cannot read IP mode file for STMicroelectronics.X-CUBE-TOUCHGFX.4.24.1
2025-03-27 14:03:55,499 [WARN] PackLoader:240 - Cannot read IP mode file for portGmbH.I-Cube-SoM-uGOAL.1.1.0
2025-03-27 14:03:55,508 [WARN] PackLoader:240 - Cannot read IP mode file for STMicroelectronics.X-CUBE-AZRTOS-H7RS.1.0.0
2025-03-27 14:03:55,512 [WARN] PackLoader:240 - Cannot read IP mode file for STMicroelectronics.FP-ATR-ASTRA1.2.0.0
2025-03-27 14:03:55,517 [WARN] PackLoader:240 - Cannot read IP mode file for STMicroelectronics.X-CUBE-TOF1.3.4.2
2025-03-27 14:03:55,526 [WARN] PackLoader:240 - Cannot read IP mode file for STMicroelectronics.X-CUBE-TOF1.3.4.1
2025-03-27 14:03:55,539 [WARN] PackLoader:240 - Cannot read IP mode file for STMicroelectronics.X-CUBE-AZRTOS-H7.3.2.0
2025-03-27 14:03:55,546 [WARN] PackLoader:240 - Cannot read IP mode file for Infineon.AIROC-Wi-Fi-Bluetooth-STM32.1.6.0
2025-03-27 14:03:55,551 [WARN] PackLoader:240 - Cannot read IP mode file for wolfSSL.I-CUBE-wolfSSH.1.4.17
2025-03-27 14:03:55,551 [INFO] ThirdParty:978 - Integrity check success = true
2025-03-27 14:03:55,551 [INFO] IntegrityCheckThread:100 - exiting critical section [integrity check]
2025-03-27 14:03:55,551 [INFO] IntegrityCheckThread:103 - End integrity checks thread
2025-03-27 14:05:27,699 [INFO] WebApp:194 - Connection lost
2025-03-27 14:05:27,931 [INFO] WebApp:191 - Connection restablished
2025-03-27 14:05:56,008 [INFO] WebApp:194 - Connection lost
2025-03-27 14:05:56,419 [INFO] WebApp:191 - Connection restablished
2025-03-27 14:07:20,655 [INFO] WebApp:194 - Connection lost
2025-03-27 14:07:30,964 [INFO] WebApp:191 - Connection restablished
2025-03-27 14:43:32,317 [INFO] WebApp:194 - Connection lost
2025-03-27 14:58:06,092 [INFO] WebApp:191 - Connection restablished
2025-03-27 15:22:46,715 [INFO] WebApp:194 - Connection lost
2025-03-27 17:36:41,928 [INFO] WebApp:191 - Connection restablished
2025-03-27 18:37:50,510 [INFO] WebApp:194 - Connection lost
2025-03-27 18:37:50,718 [INFO] WebApp:191 - Connection restablished
2025-03-27 19:59:06,545 [INFO] WebApp:194 - Connection lost
2025-03-27 19:59:07,959 [INFO] WebApp:191 - Connection restablished
2025-03-27 20:00:15,187 [ERROR] LogOutputStream:75 - [STDERR_REDIRECT] 
