2025-02-22 00:03:11,495 [INFO] LogOutputStream:77 - [STDOUT_REDIRECT] 
2025-02-22 00:03:15,574 [INFO] ProjectBuilder:5154 - Time for Generating toolchain IDE Files: 4991mS.
2025-02-22 00:03:15,575 [INFO] ProjectBuilder:3146 - Time for Copy CMSIS : 1mS.
2025-02-22 00:03:15,579 [INFO] ProjectBuilder:3146 - Time for Copy CMSIS : 0mS.
2025-02-22 00:03:16,488 [INFO] McuFinderGlobals:76 - Set McuFinderConnectedMode to true
2025-02-22 00:03:16,491 [INFO] ApiDb:448 - Save user favorites file C:\Users\PANKAJA/.stm32cubeide/favorites.mcus.txt: 0 item(s)
2025-02-22 00:03:16,492 [INFO] ApiDb:452 - User favorites MCUs=[]
2025-02-22 00:03:56,877 [INFO] ADCParametersView:116 -                Rank 1 : false
2025-02-22 00:03:57,040 [INFO] ADCParametersView:116 -                Rank 1 : false
2025-02-22 00:03:57,041 [INFO] ADCParametersView:116 -                Rank 1 : false
2025-02-22 00:03:57,041 [INFO] ADCParametersView:116 -                Rank 1 : false
2025-02-22 00:03:57,041 [INFO] ADCParametersView:116 -                Rank 1 : false
2025-02-22 00:03:57,041 [INFO] ADCParametersView:116 -                Rank 1 : false
2025-02-22 00:03:57,041 [INFO] ADCParametersView:116 -                Rank 1 : false
2025-02-22 00:03:57,041 [INFO] ADCParametersView:116 -                Rank 1 : false
2025-02-22 00:03:57,041 [INFO] ADCParametersView:116 -                Rank 1 : false
2025-02-22 00:03:57,041 [INFO] ADCParametersView:116 -                Rank 1 : false
2025-02-22 00:03:57,041 [INFO] ADCParametersView:116 -                Rank 1 : false
2025-02-22 00:03:57,042 [INFO] ADCParametersView:116 -                Rank 1 : false
2025-02-22 00:03:57,042 [INFO] ADCParametersView:116 -                Rank 1 : false
2025-02-22 00:03:57,042 [INFO] ADCParametersView:116 -                Rank 1 : false
2025-02-22 00:03:57,042 [INFO] ADCParametersView:116 -                Rank 1 : false
2025-02-22 00:03:57,054 [INFO] ADCParametersView:116 -                Rank 1 : false
2025-02-22 00:03:57,152 [INFO] NvicIntPanel:101 - NVIC parent = com.st.microxplorer.plugins.ip.nvic.MultiNvicIntPanel[,0,0,0x0,invalid,layout=javax.swing.BoxLayout,alignmentX=0.0,alignmentY=0.0,border=,flags=9,maximumSize=,minimumSize=,preferredSize=]
2025-02-22 00:03:57,263 [INFO] ADCParametersView:116 -                Rank 1 : false
2025-02-22 00:03:57,263 [INFO] ADCParametersView:116 -                Rank 1 : false
2025-02-22 00:03:57,263 [INFO] ADCParametersView:116 -                Rank 1 : false
2025-02-22 00:03:57,263 [INFO] ADCParametersView:116 -                Rank 1 : false
2025-02-22 00:03:57,263 [INFO] ADCParametersView:116 -                Rank 1 : false
2025-02-22 00:03:57,263 [INFO] ADCParametersView:116 -                Rank 1 : false
2025-02-22 00:03:57,263 [INFO] ADCParametersView:116 -                Rank 1 : false
2025-02-22 00:03:57,263 [INFO] ADCParametersView:116 -                Rank 1 : false
2025-02-22 00:03:57,263 [INFO] ADCParametersView:116 -                Rank 1 : false
2025-02-22 00:03:57,263 [INFO] ADCParametersView:116 -                Rank 1 : false
2025-02-22 00:03:57,263 [INFO] ADCParametersView:116 -                Rank 1 : false
2025-02-22 00:03:57,263 [INFO] ADCParametersView:116 -                Rank 1 : false
2025-02-22 00:03:57,263 [INFO] ADCParametersView:116 -                Rank 1 : false
2025-02-22 00:03:57,263 [INFO] ADCParametersView:116 -                Rank 1 : false
2025-02-22 00:03:57,277 [INFO] ADCParametersView:116 -                Rank 1 : false
2025-02-22 00:03:57,312 [INFO] ADCParametersView:116 -                Rank 1 : false
2025-02-22 00:03:57,312 [INFO] ADCParametersView:116 -                Rank 1 : false
2025-02-22 00:03:57,313 [INFO] ADCParametersView:116 -                Rank 1 : false
2025-02-22 00:03:57,313 [INFO] ADCParametersView:116 -                Rank 1 : false
2025-02-22 00:03:57,313 [INFO] ADCParametersView:116 -                Rank 1 : false
2025-02-22 00:03:57,313 [INFO] ADCParametersView:116 -                Rank 1 : false
2025-02-22 00:03:57,313 [INFO] ADCParametersView:116 -                Rank 1 : false
2025-02-22 00:03:57,314 [INFO] ADCParametersView:116 -                Rank 1 : false
2025-02-22 00:03:57,314 [INFO] ADCParametersView:116 -                Rank 1 : false
2025-02-22 00:03:57,314 [INFO] ADCParametersView:116 -                Rank 1 : false
2025-02-22 00:03:57,314 [INFO] ADCParametersView:116 -                Rank 1 : false
2025-02-22 00:03:57,314 [INFO] ADCParametersView:116 -                Rank 1 : false
2025-02-22 00:03:57,314 [INFO] ADCParametersView:116 -                Rank 1 : false
2025-02-22 00:03:57,314 [INFO] ADCParametersView:116 -                Rank 1 : false
2025-02-22 00:03:57,336 [INFO] ADCParametersView:116 -                Rank 1 : false
2025-02-22 00:03:57,764 [INFO] ADCParametersView:116 -                Rank 1 : false
2025-02-22 00:03:57,765 [INFO] ADCParametersView:116 -                Rank 1 : false
2025-02-22 00:03:57,765 [INFO] ADCParametersView:116 -                Rank 1 : false
2025-02-22 00:03:57,765 [INFO] ADCParametersView:116 -                Rank 1 : false
2025-02-22 00:03:57,765 [INFO] ADCParametersView:116 -                Rank 1 : false
2025-02-22 00:03:57,765 [INFO] ADCParametersView:116 -                Rank 1 : false
2025-02-22 00:03:57,765 [INFO] ADCParametersView:116 -                Rank 1 : false
2025-02-22 00:03:57,766 [INFO] ADCParametersView:116 -                Rank 1 : false
2025-02-22 00:03:57,766 [INFO] ADCParametersView:116 -                Rank 1 : false
2025-02-22 00:03:57,766 [INFO] ADCParametersView:116 -                Rank 1 : false
2025-02-22 00:03:57,766 [INFO] ADCParametersView:116 -                Rank 1 : false
2025-02-22 00:03:57,767 [INFO] ADCParametersView:116 -                Rank 1 : false
2025-02-22 00:03:57,767 [INFO] ADCParametersView:116 -                Rank 1 : false
2025-02-22 00:03:57,767 [INFO] ADCParametersView:116 -                Rank 1 : false
2025-02-22 00:03:57,785 [INFO] ADCParametersView:116 -                Rank 1 : false
2025-02-22 00:03:57,809 [INFO] ADCParametersView:116 -                Rank 1 : false
2025-02-22 00:03:57,810 [INFO] ADCParametersView:116 -                Rank 1 : false
2025-02-22 00:03:57,810 [INFO] ADCParametersView:116 -                Rank 1 : false
2025-02-22 00:03:57,810 [INFO] ADCParametersView:116 -                Rank 1 : false
2025-02-22 00:03:57,810 [INFO] ADCParametersView:116 -                Rank 1 : false
2025-02-22 00:03:57,810 [INFO] ADCParametersView:116 -                Rank 1 : false
2025-02-22 00:03:57,810 [INFO] ADCParametersView:116 -                Rank 1 : false
2025-02-22 00:03:57,810 [INFO] ADCParametersView:116 -                Rank 1 : false
2025-02-22 00:03:57,810 [INFO] ADCParametersView:116 -                Rank 1 : false
2025-02-22 00:03:57,810 [INFO] ADCParametersView:116 -                Rank 1 : false
2025-02-22 00:03:57,810 [INFO] ADCParametersView:116 -                Rank 1 : false
2025-02-22 00:03:57,810 [INFO] ADCParametersView:116 -                Rank 1 : false
2025-02-22 00:03:57,810 [INFO] ADCParametersView:116 -                Rank 1 : false
2025-02-22 00:03:57,810 [INFO] ADCParametersView:116 -                Rank 1 : false
2025-02-22 00:03:57,822 [INFO] ADCParametersView:116 -                Rank 1 : false
2025-02-22 00:03:57,885 [INFO] ADCParametersView:116 -                Rank 1 : false
2025-02-22 00:03:57,885 [INFO] ADCParametersView:116 -                Rank 1 : false
2025-02-22 00:03:57,885 [INFO] ADCParametersView:116 -                Rank 1 : false
2025-02-22 00:03:57,885 [INFO] ADCParametersView:116 -                Rank 1 : false
2025-02-22 00:03:57,885 [INFO] ADCParametersView:116 -                Rank 1 : false
2025-02-22 00:03:57,885 [INFO] ADCParametersView:116 -                Rank 1 : false
2025-02-22 00:03:57,885 [INFO] ADCParametersView:116 -                Rank 1 : false
2025-02-22 00:03:57,885 [INFO] ADCParametersView:116 -                Rank 1 : false
2025-02-22 00:03:57,885 [INFO] ADCParametersView:116 -                Rank 1 : false
2025-02-22 00:03:57,885 [INFO] ADCParametersView:116 -                Rank 1 : false
2025-02-22 00:03:57,885 [INFO] ADCParametersView:116 -                Rank 1 : false
2025-02-22 00:03:57,885 [INFO] ADCParametersView:116 -                Rank 1 : false
2025-02-22 00:03:57,885 [INFO] ADCParametersView:116 -                Rank 1 : false
2025-02-22 00:03:57,885 [INFO] ADCParametersView:116 -                Rank 1 : false
2025-02-22 00:03:57,899 [INFO] ADCParametersView:116 -                Rank 1 : false
2025-02-22 00:03:57,925 [INFO] ADCParametersView:116 -                Rank 1 : false
2025-02-22 00:03:57,925 [INFO] ADCParametersView:116 -                Rank 1 : false
2025-02-22 00:03:57,925 [INFO] ADCParametersView:116 -                Rank 1 : false
2025-02-22 00:03:57,925 [INFO] ADCParametersView:116 -                Rank 1 : false
2025-02-22 00:03:57,925 [INFO] ADCParametersView:116 -                Rank 1 : false
2025-02-22 00:03:57,925 [INFO] ADCParametersView:116 -                Rank 1 : false
2025-02-22 00:03:57,925 [INFO] ADCParametersView:116 -                Rank 1 : false
2025-02-22 00:03:57,925 [INFO] ADCParametersView:116 -                Rank 1 : false
2025-02-22 00:03:57,925 [INFO] ADCParametersView:116 -                Rank 1 : false
2025-02-22 00:03:57,925 [INFO] ADCParametersView:116 -                Rank 1 : false
2025-02-22 00:03:57,925 [INFO] ADCParametersView:116 -                Rank 1 : false
2025-02-22 00:03:57,925 [INFO] ADCParametersView:116 -                Rank 1 : false
2025-02-22 00:03:57,925 [INFO] ADCParametersView:116 -                Rank 1 : false
2025-02-22 00:03:57,925 [INFO] ADCParametersView:116 -                Rank 1 : false
2025-02-22 00:03:57,940 [INFO] ADCParametersView:116 -                Rank 1 : false
2025-02-22 00:03:58,174 [INFO] ADCParametersView:116 -                Rank 1 : false
2025-02-22 00:03:58,175 [INFO] ADCParametersView:116 -                Rank 1 : false
2025-02-22 00:03:58,175 [INFO] ADCParametersView:116 -                Rank 1 : false
2025-02-22 00:03:58,175 [INFO] ADCParametersView:116 -                Rank 1 : false
2025-02-22 00:03:58,175 [INFO] ADCParametersView:116 -                Rank 1 : false
2025-02-22 00:03:58,175 [INFO] ADCParametersView:116 -                Rank 1 : false
2025-02-22 00:03:58,175 [INFO] ADCParametersView:116 -                Rank 1 : false
2025-02-22 00:03:58,175 [INFO] ADCParametersView:116 -                Rank 1 : false
2025-02-22 00:03:58,175 [INFO] ADCParametersView:116 -                Rank 1 : false
2025-02-22 00:03:58,175 [INFO] ADCParametersView:116 -                Rank 1 : false
2025-02-22 00:03:58,175 [INFO] ADCParametersView:116 -                Rank 1 : false
2025-02-22 00:03:58,175 [INFO] ADCParametersView:116 -                Rank 1 : false
2025-02-22 00:03:58,175 [INFO] ADCParametersView:116 -                Rank 1 : false
2025-02-22 00:03:58,175 [INFO] ADCParametersView:116 -                Rank 1 : false
2025-02-22 00:03:58,190 [INFO] ADCParametersView:116 -                Rank 1 : false
2025-02-22 00:03:58,213 [INFO] ADCParametersView:116 -                Rank 1 : false
2025-02-22 00:03:58,213 [INFO] ADCParametersView:116 -                Rank 1 : false
2025-02-22 00:03:58,213 [INFO] ADCParametersView:116 -                Rank 1 : false
2025-02-22 00:03:58,213 [INFO] ADCParametersView:116 -                Rank 1 : false
2025-02-22 00:03:58,213 [INFO] ADCParametersView:116 -                Rank 1 : false
2025-02-22 00:03:58,213 [INFO] ADCParametersView:116 -                Rank 1 : false
2025-02-22 00:03:58,213 [INFO] ADCParametersView:116 -                Rank 1 : false
2025-02-22 00:03:58,213 [INFO] ADCParametersView:116 -                Rank 1 : false
2025-02-22 00:03:58,213 [INFO] ADCParametersView:116 -                Rank 1 : false
2025-02-22 00:03:58,214 [INFO] ADCParametersView:116 -                Rank 1 : false
2025-02-22 00:03:58,214 [INFO] ADCParametersView:116 -                Rank 1 : false
2025-02-22 00:03:58,214 [INFO] ADCParametersView:116 -                Rank 1 : false
2025-02-22 00:03:58,214 [INFO] ADCParametersView:116 -                Rank 1 : false
2025-02-22 00:03:58,214 [INFO] ADCParametersView:116 -                Rank 1 : false
2025-02-22 00:03:58,235 [INFO] ADCParametersView:116 -                Rank 1 : false
2025-02-22 00:03:58,306 [INFO] ADCParametersView:116 -                Rank 1 : false
2025-02-22 00:03:58,306 [INFO] ADCParametersView:116 -                Rank 1 : false
2025-02-22 00:03:58,306 [INFO] ADCParametersView:116 -                Rank 1 : false
2025-02-22 00:03:58,306 [INFO] ADCParametersView:116 -                Rank 1 : false
2025-02-22 00:03:58,306 [INFO] ADCParametersView:116 -                Rank 1 : false
2025-02-22 00:03:58,306 [INFO] ADCParametersView:116 -                Rank 1 : false
2025-02-22 00:03:58,306 [INFO] ADCParametersView:116 -                Rank 1 : false
2025-02-22 00:03:58,306 [INFO] ADCParametersView:116 -                Rank 1 : false
2025-02-22 00:03:58,306 [INFO] ADCParametersView:116 -                Rank 1 : false
2025-02-22 00:03:58,306 [INFO] ADCParametersView:116 -                Rank 1 : false
2025-02-22 00:03:58,306 [INFO] ADCParametersView:116 -                Rank 1 : false
2025-02-22 00:03:58,306 [INFO] ADCParametersView:116 -                Rank 1 : false
2025-02-22 00:03:58,306 [INFO] ADCParametersView:116 -                Rank 1 : false
2025-02-22 00:03:58,306 [INFO] ADCParametersView:116 -                Rank 1 : false
2025-02-22 00:03:58,321 [INFO] ADCParametersView:116 -                Rank 1 : false
2025-02-22 00:03:58,345 [INFO] ADCParametersView:116 -                Rank 1 : false
2025-02-22 00:03:58,345 [INFO] ADCParametersView:116 -                Rank 1 : false
2025-02-22 00:03:58,345 [INFO] ADCParametersView:116 -                Rank 1 : false
2025-02-22 00:03:58,345 [INFO] ADCParametersView:116 -                Rank 1 : false
2025-02-22 00:03:58,345 [INFO] ADCParametersView:116 -                Rank 1 : false
2025-02-22 00:03:58,345 [INFO] ADCParametersView:116 -                Rank 1 : false
2025-02-22 00:03:58,345 [INFO] ADCParametersView:116 -                Rank 1 : false
2025-02-22 00:03:58,345 [INFO] ADCParametersView:116 -                Rank 1 : false
2025-02-22 00:03:58,345 [INFO] ADCParametersView:116 -                Rank 1 : false
2025-02-22 00:03:58,345 [INFO] ADCParametersView:116 -                Rank 1 : false
2025-02-22 00:03:58,345 [INFO] ADCParametersView:116 -                Rank 1 : false
2025-02-22 00:03:58,345 [INFO] ADCParametersView:116 -                Rank 1 : false
2025-02-22 00:03:58,345 [INFO] ADCParametersView:116 -                Rank 1 : false
2025-02-22 00:03:58,345 [INFO] ADCParametersView:116 -                Rank 1 : false
2025-02-22 00:03:58,358 [INFO] ADCParametersView:116 -                Rank 1 : false
2025-02-22 00:03:59,078 [INFO] ADCParametersView:116 -                Rank 1 : false
2025-02-22 00:03:59,078 [INFO] ADCParametersView:116 -                Rank 1 : false
2025-02-22 00:03:59,078 [INFO] ADCParametersView:116 -                Rank 1 : false
2025-02-22 00:03:59,078 [INFO] ADCParametersView:116 -                Rank 1 : false
2025-02-22 00:03:59,079 [INFO] ADCParametersView:116 -                Rank 1 : false
2025-02-22 00:03:59,079 [INFO] ADCParametersView:116 -                Rank 1 : false
2025-02-22 00:03:59,079 [INFO] ADCParametersView:116 -                Rank 1 : false
2025-02-22 00:03:59,079 [INFO] ADCParametersView:116 -                Rank 1 : false
2025-02-22 00:03:59,079 [INFO] ADCParametersView:116 -                Rank 1 : false
2025-02-22 00:03:59,079 [INFO] ADCParametersView:116 -                Rank 1 : false
2025-02-22 00:03:59,079 [INFO] ADCParametersView:116 -                Rank 1 : false
2025-02-22 00:03:59,079 [INFO] ADCParametersView:116 -                Rank 1 : false
2025-02-22 00:03:59,079 [INFO] ADCParametersView:116 -                Rank 1 : false
2025-02-22 00:03:59,079 [INFO] ADCParametersView:116 -                Rank 1 : false
2025-02-22 00:03:59,098 [INFO] ADCParametersView:116 -                Rank 1 : false
2025-02-22 00:03:59,138 [INFO] ADCParametersView:116 -                Rank 1 : false
2025-02-22 00:03:59,139 [INFO] ADCParametersView:116 -                Rank 1 : false
2025-02-22 00:03:59,139 [INFO] ADCParametersView:116 -                Rank 1 : false
2025-02-22 00:03:59,139 [INFO] ADCParametersView:116 -                Rank 1 : false
2025-02-22 00:03:59,139 [INFO] ADCParametersView:116 -                Rank 1 : false
2025-02-22 00:03:59,139 [INFO] ADCParametersView:116 -                Rank 1 : false
2025-02-22 00:03:59,139 [INFO] ADCParametersView:116 -                Rank 1 : false
2025-02-22 00:03:59,139 [INFO] ADCParametersView:116 -                Rank 1 : false
2025-02-22 00:03:59,139 [INFO] ADCParametersView:116 -                Rank 1 : false
2025-02-22 00:03:59,139 [INFO] ADCParametersView:116 -                Rank 1 : false
2025-02-22 00:03:59,139 [INFO] ADCParametersView:116 -                Rank 1 : false
2025-02-22 00:03:59,139 [INFO] ADCParametersView:116 -                Rank 1 : false
2025-02-22 00:03:59,139 [INFO] ADCParametersView:116 -                Rank 1 : false
2025-02-22 00:03:59,139 [INFO] ADCParametersView:116 -                Rank 1 : false
2025-02-22 00:03:59,155 [INFO] ADCParametersView:116 -                Rank 1 : false
2025-02-22 00:03:59,248 [INFO] ADCParametersView:116 -                Rank 1 : false
2025-02-22 00:03:59,248 [INFO] ADCParametersView:116 -                Rank 1 : false
2025-02-22 00:03:59,248 [INFO] ADCParametersView:116 -                Rank 1 : false
2025-02-22 00:03:59,248 [INFO] ADCParametersView:116 -                Rank 1 : false
2025-02-22 00:03:59,248 [INFO] ADCParametersView:116 -                Rank 1 : false
2025-02-22 00:03:59,248 [INFO] ADCParametersView:116 -                Rank 1 : false
2025-02-22 00:03:59,248 [INFO] ADCParametersView:116 -                Rank 1 : false
2025-02-22 00:03:59,248 [INFO] ADCParametersView:116 -                Rank 1 : false
2025-02-22 00:03:59,248 [INFO] ADCParametersView:116 -                Rank 1 : false
2025-02-22 00:03:59,248 [INFO] ADCParametersView:116 -                Rank 1 : false
2025-02-22 00:03:59,248 [INFO] ADCParametersView:116 -                Rank 1 : false
2025-02-22 00:03:59,248 [INFO] ADCParametersView:116 -                Rank 1 : false
2025-02-22 00:03:59,249 [INFO] ADCParametersView:116 -                Rank 1 : false
2025-02-22 00:03:59,249 [INFO] ADCParametersView:116 -                Rank 1 : false
2025-02-22 00:03:59,301 [INFO] ADCParametersView:116 -                Rank 1 : false
2025-02-22 00:03:59,336 [INFO] ADCParametersView:116 -                Rank 1 : false
2025-02-22 00:03:59,336 [INFO] ADCParametersView:116 -                Rank 1 : false
2025-02-22 00:03:59,336 [INFO] ADCParametersView:116 -                Rank 1 : false
2025-02-22 00:03:59,336 [INFO] ADCParametersView:116 -                Rank 1 : false
2025-02-22 00:03:59,336 [INFO] ADCParametersView:116 -                Rank 1 : false
2025-02-22 00:03:59,336 [INFO] ADCParametersView:116 -                Rank 1 : false
2025-02-22 00:03:59,336 [INFO] ADCParametersView:116 -                Rank 1 : false
2025-02-22 00:03:59,337 [INFO] ADCParametersView:116 -                Rank 1 : false
2025-02-22 00:03:59,337 [INFO] ADCParametersView:116 -                Rank 1 : false
2025-02-22 00:03:59,337 [INFO] ADCParametersView:116 -                Rank 1 : false
2025-02-22 00:03:59,337 [INFO] ADCParametersView:116 -                Rank 1 : false
2025-02-22 00:03:59,337 [INFO] ADCParametersView:116 -                Rank 1 : false
2025-02-22 00:03:59,337 [INFO] ADCParametersView:116 -                Rank 1 : false
2025-02-22 00:03:59,337 [INFO] ADCParametersView:116 -                Rank 1 : false
2025-02-22 00:03:59,358 [INFO] ADCParametersView:116 -                Rank 1 : false
2025-02-22 00:03:59,870 [INFO] ADCParametersView:116 -                Rank 1 : false
2025-02-22 00:03:59,870 [INFO] ADCParametersView:116 -                Rank 1 : false
2025-02-22 00:03:59,871 [INFO] ADCParametersView:116 -                Rank 1 : false
2025-02-22 00:03:59,871 [INFO] ADCParametersView:116 -                Rank 1 : false
2025-02-22 00:03:59,871 [INFO] ADCParametersView:116 -                Rank 1 : false
2025-02-22 00:03:59,871 [INFO] ADCParametersView:116 -                Rank 1 : false
2025-02-22 00:03:59,871 [INFO] ADCParametersView:116 -                Rank 1 : false
2025-02-22 00:03:59,871 [INFO] ADCParametersView:116 -                Rank 1 : false
2025-02-22 00:03:59,871 [INFO] ADCParametersView:116 -                Rank 1 : false
2025-02-22 00:03:59,871 [INFO] ADCParametersView:116 -                Rank 1 : false
2025-02-22 00:03:59,871 [INFO] ADCParametersView:116 -                Rank 1 : false
2025-02-22 00:03:59,871 [INFO] ADCParametersView:116 -                Rank 1 : false
2025-02-22 00:03:59,871 [INFO] ADCParametersView:116 -                Rank 1 : false
2025-02-22 00:03:59,871 [INFO] ADCParametersView:116 -                Rank 1 : false
2025-02-22 00:03:59,884 [INFO] ADCParametersView:116 -                Rank 1 : false
2025-02-22 00:03:59,905 [INFO] ADCParametersView:116 -                Rank 1 : false
2025-02-22 00:03:59,905 [INFO] ADCParametersView:116 -                Rank 1 : false
2025-02-22 00:03:59,905 [INFO] ADCParametersView:116 -                Rank 1 : false
2025-02-22 00:03:59,905 [INFO] ADCParametersView:116 -                Rank 1 : false
2025-02-22 00:03:59,905 [INFO] ADCParametersView:116 -                Rank 1 : false
2025-02-22 00:03:59,905 [INFO] ADCParametersView:116 -                Rank 1 : false
2025-02-22 00:03:59,905 [INFO] ADCParametersView:116 -                Rank 1 : false
2025-02-22 00:03:59,905 [INFO] ADCParametersView:116 -                Rank 1 : false
2025-02-22 00:03:59,905 [INFO] ADCParametersView:116 -                Rank 1 : false
2025-02-22 00:03:59,905 [INFO] ADCParametersView:116 -                Rank 1 : false
2025-02-22 00:03:59,905 [INFO] ADCParametersView:116 -                Rank 1 : false
2025-02-22 00:03:59,905 [INFO] ADCParametersView:116 -                Rank 1 : false
2025-02-22 00:03:59,905 [INFO] ADCParametersView:116 -                Rank 1 : false
2025-02-22 00:03:59,906 [INFO] ADCParametersView:116 -                Rank 1 : false
2025-02-22 00:03:59,917 [INFO] ADCParametersView:116 -                Rank 1 : false
2025-02-22 00:03:59,993 [INFO] ADCParametersView:116 -                Rank 1 : false
2025-02-22 00:03:59,993 [INFO] ADCParametersView:116 -                Rank 1 : false
2025-02-22 00:03:59,993 [INFO] ADCParametersView:116 -                Rank 1 : false
2025-02-22 00:03:59,994 [INFO] ADCParametersView:116 -                Rank 1 : false
2025-02-22 00:03:59,994 [INFO] ADCParametersView:116 -                Rank 1 : false
2025-02-22 00:03:59,994 [INFO] ADCParametersView:116 -                Rank 1 : false
2025-02-22 00:03:59,994 [INFO] ADCParametersView:116 -                Rank 1 : false
2025-02-22 00:03:59,994 [INFO] ADCParametersView:116 -                Rank 1 : false
2025-02-22 00:03:59,994 [INFO] ADCParametersView:116 -                Rank 1 : false
2025-02-22 00:03:59,994 [INFO] ADCParametersView:116 -                Rank 1 : false
2025-02-22 00:03:59,994 [INFO] ADCParametersView:116 -                Rank 1 : false
2025-02-22 00:03:59,994 [INFO] ADCParametersView:116 -                Rank 1 : false
2025-02-22 00:03:59,994 [INFO] ADCParametersView:116 -                Rank 1 : false
2025-02-22 00:03:59,994 [INFO] ADCParametersView:116 -                Rank 1 : false
2025-02-22 00:04:00,011 [INFO] ADCParametersView:116 -                Rank 1 : false
2025-02-22 00:04:00,035 [INFO] ADCParametersView:116 -                Rank 1 : false
2025-02-22 00:04:00,035 [INFO] ADCParametersView:116 -                Rank 1 : false
2025-02-22 00:04:00,036 [INFO] ADCParametersView:116 -                Rank 1 : false
2025-02-22 00:04:00,036 [INFO] ADCParametersView:116 -                Rank 1 : false
2025-02-22 00:04:00,036 [INFO] ADCParametersView:116 -                Rank 1 : false
2025-02-22 00:04:00,036 [INFO] ADCParametersView:116 -                Rank 1 : false
2025-02-22 00:04:00,036 [INFO] ADCParametersView:116 -                Rank 1 : false
2025-02-22 00:04:00,036 [INFO] ADCParametersView:116 -                Rank 1 : false
2025-02-22 00:04:00,036 [INFO] ADCParametersView:116 -                Rank 1 : false
2025-02-22 00:04:00,036 [INFO] ADCParametersView:116 -                Rank 1 : false
2025-02-22 00:04:00,036 [INFO] ADCParametersView:116 -                Rank 1 : false
2025-02-22 00:04:00,036 [INFO] ADCParametersView:116 -                Rank 1 : false
2025-02-22 00:04:00,036 [INFO] ADCParametersView:116 -                Rank 1 : false
2025-02-22 00:04:00,036 [INFO] ADCParametersView:116 -                Rank 1 : false
2025-02-22 00:04:00,050 [INFO] ADCParametersView:116 -                Rank 1 : false
2025-02-22 00:04:00,719 [INFO] ADCParametersView:116 -                Rank 1 : false
2025-02-22 00:04:00,719 [INFO] ADCParametersView:116 -                Rank 1 : false
2025-02-22 00:04:00,720 [INFO] ADCParametersView:116 -                Rank 1 : false
2025-02-22 00:04:00,720 [INFO] ADCParametersView:116 -                Rank 1 : false
2025-02-22 00:04:00,720 [INFO] ADCParametersView:116 -                Rank 1 : false
2025-02-22 00:04:00,720 [INFO] ADCParametersView:116 -                Rank 1 : false
2025-02-22 00:04:00,720 [INFO] ADCParametersView:116 -                Rank 1 : false
2025-02-22 00:04:00,720 [INFO] ADCParametersView:116 -                Rank 1 : false
2025-02-22 00:04:00,720 [INFO] ADCParametersView:116 -                Rank 1 : false
2025-02-22 00:04:00,720 [INFO] ADCParametersView:116 -                Rank 1 : false
2025-02-22 00:04:00,720 [INFO] ADCParametersView:116 -                Rank 1 : false
2025-02-22 00:04:00,720 [INFO] ADCParametersView:116 -                Rank 1 : false
2025-02-22 00:04:00,720 [INFO] ADCParametersView:116 -                Rank 1 : false
2025-02-22 00:04:00,720 [INFO] ADCParametersView:116 -                Rank 1 : false
2025-02-22 00:04:00,731 [INFO] ADCParametersView:116 -                Rank 1 : false
2025-02-22 00:04:00,749 [INFO] ADCParametersView:116 -                Rank 1 : false
2025-02-22 00:04:00,749 [INFO] ADCParametersView:116 -                Rank 1 : false
2025-02-22 00:04:00,749 [INFO] ADCParametersView:116 -                Rank 1 : false
2025-02-22 00:04:00,749 [INFO] ADCParametersView:116 -                Rank 1 : false
2025-02-22 00:04:00,749 [INFO] ADCParametersView:116 -                Rank 1 : false
2025-02-22 00:04:00,749 [INFO] ADCParametersView:116 -                Rank 1 : false
2025-02-22 00:04:00,749 [INFO] ADCParametersView:116 -                Rank 1 : false
2025-02-22 00:04:00,749 [INFO] ADCParametersView:116 -                Rank 1 : false
2025-02-22 00:04:00,749 [INFO] ADCParametersView:116 -                Rank 1 : false
2025-02-22 00:04:00,749 [INFO] ADCParametersView:116 -                Rank 1 : false
2025-02-22 00:04:00,749 [INFO] ADCParametersView:116 -                Rank 1 : false
2025-02-22 00:04:00,749 [INFO] ADCParametersView:116 -                Rank 1 : false
2025-02-22 00:04:00,749 [INFO] ADCParametersView:116 -                Rank 1 : false
2025-02-22 00:04:00,749 [INFO] ADCParametersView:116 -                Rank 1 : false
2025-02-22 00:04:00,761 [INFO] ADCParametersView:116 -                Rank 1 : false
2025-02-22 00:04:00,832 [INFO] ADCParametersView:116 -                Rank 1 : false
2025-02-22 00:04:00,833 [INFO] ADCParametersView:116 -                Rank 1 : false
2025-02-22 00:04:00,833 [INFO] ADCParametersView:116 -                Rank 1 : false
2025-02-22 00:04:00,833 [INFO] ADCParametersView:116 -                Rank 1 : false
2025-02-22 00:04:00,833 [INFO] ADCParametersView:116 -                Rank 1 : false
2025-02-22 00:04:00,833 [INFO] ADCParametersView:116 -                Rank 1 : false
2025-02-22 00:04:00,833 [INFO] ADCParametersView:116 -                Rank 1 : false
2025-02-22 00:04:00,833 [INFO] ADCParametersView:116 -                Rank 1 : false
2025-02-22 00:04:00,833 [INFO] ADCParametersView:116 -                Rank 1 : false
2025-02-22 00:04:00,833 [INFO] ADCParametersView:116 -                Rank 1 : false
2025-02-22 00:04:00,833 [INFO] ADCParametersView:116 -                Rank 1 : false
2025-02-22 00:04:00,833 [INFO] ADCParametersView:116 -                Rank 1 : false
2025-02-22 00:04:00,833 [INFO] ADCParametersView:116 -                Rank 1 : false
2025-02-22 00:04:00,833 [INFO] ADCParametersView:116 -                Rank 1 : false
2025-02-22 00:04:00,848 [INFO] ADCParametersView:116 -                Rank 1 : false
2025-02-22 00:04:00,867 [INFO] ADCParametersView:116 -                Rank 1 : false
2025-02-22 00:04:00,867 [INFO] ADCParametersView:116 -                Rank 1 : false
2025-02-22 00:04:00,867 [INFO] ADCParametersView:116 -                Rank 1 : false
2025-02-22 00:04:00,867 [INFO] ADCParametersView:116 -                Rank 1 : false
2025-02-22 00:04:00,867 [INFO] ADCParametersView:116 -                Rank 1 : false
2025-02-22 00:04:00,867 [INFO] ADCParametersView:116 -                Rank 1 : false
2025-02-22 00:04:00,867 [INFO] ADCParametersView:116 -                Rank 1 : false
2025-02-22 00:04:00,867 [INFO] ADCParametersView:116 -                Rank 1 : false
2025-02-22 00:04:00,867 [INFO] ADCParametersView:116 -                Rank 1 : false
2025-02-22 00:04:00,867 [INFO] ADCParametersView:116 -                Rank 1 : false
2025-02-22 00:04:00,867 [INFO] ADCParametersView:116 -                Rank 1 : false
2025-02-22 00:04:00,867 [INFO] ADCParametersView:116 -                Rank 1 : false
2025-02-22 00:04:00,867 [INFO] ADCParametersView:116 -                Rank 1 : false
2025-02-22 00:04:00,867 [INFO] ADCParametersView:116 -                Rank 1 : false
2025-02-22 00:04:00,880 [INFO] ADCParametersView:116 -                Rank 1 : false
2025-02-22 00:04:01,626 [INFO] ADCParametersView:116 -                Rank 1 : false
2025-02-22 00:04:01,626 [INFO] ADCParametersView:116 -                Rank 1 : false
2025-02-22 00:04:01,626 [INFO] ADCParametersView:116 -                Rank 1 : false
2025-02-22 00:04:01,626 [INFO] ADCParametersView:116 -                Rank 1 : false
2025-02-22 00:04:01,626 [INFO] ADCParametersView:116 -                Rank 1 : false
2025-02-22 00:04:01,626 [INFO] ADCParametersView:116 -                Rank 1 : false
2025-02-22 00:04:01,627 [INFO] ADCParametersView:116 -                Rank 1 : false
2025-02-22 00:04:01,627 [INFO] ADCParametersView:116 -                Rank 1 : false
2025-02-22 00:04:01,627 [INFO] ADCParametersView:116 -                Rank 1 : false
2025-02-22 00:04:01,627 [INFO] ADCParametersView:116 -                Rank 1 : false
2025-02-22 00:04:01,627 [INFO] ADCParametersView:116 -                Rank 1 : false
2025-02-22 00:04:01,627 [INFO] ADCParametersView:116 -                Rank 1 : false
2025-02-22 00:04:01,627 [INFO] ADCParametersView:116 -                Rank 1 : false
2025-02-22 00:04:01,627 [INFO] ADCParametersView:116 -                Rank 1 : false
2025-02-22 00:04:01,644 [INFO] ADCParametersView:116 -                Rank 1 : false
2025-02-22 00:04:01,676 [INFO] ADCParametersView:116 -                Rank 1 : false
2025-02-22 00:04:01,677 [INFO] ADCParametersView:116 -                Rank 1 : false
2025-02-22 00:04:01,677 [INFO] ADCParametersView:116 -                Rank 1 : false
2025-02-22 00:04:01,677 [INFO] ADCParametersView:116 -                Rank 1 : false
2025-02-22 00:04:01,677 [INFO] ADCParametersView:116 -                Rank 1 : false
2025-02-22 00:04:01,677 [INFO] ADCParametersView:116 -                Rank 1 : false
2025-02-22 00:04:01,677 [INFO] ADCParametersView:116 -                Rank 1 : false
2025-02-22 00:04:01,677 [INFO] ADCParametersView:116 -                Rank 1 : false
2025-02-22 00:04:01,677 [INFO] ADCParametersView:116 -                Rank 1 : false
2025-02-22 00:04:01,677 [INFO] ADCParametersView:116 -                Rank 1 : false
2025-02-22 00:04:01,677 [INFO] ADCParametersView:116 -                Rank 1 : false
2025-02-22 00:04:01,677 [INFO] ADCParametersView:116 -                Rank 1 : false
2025-02-22 00:04:01,677 [INFO] ADCParametersView:116 -                Rank 1 : false
2025-02-22 00:04:01,677 [INFO] ADCParametersView:116 -                Rank 1 : false
2025-02-22 00:04:01,693 [INFO] ADCParametersView:116 -                Rank 1 : false
2025-02-22 00:04:01,797 [INFO] ADCParametersView:116 -                Rank 1 : false
2025-02-22 00:04:01,797 [INFO] ADCParametersView:116 -                Rank 1 : false
2025-02-22 00:04:01,797 [INFO] ADCParametersView:116 -                Rank 1 : false
2025-02-22 00:04:01,797 [INFO] ADCParametersView:116 -                Rank 1 : false
2025-02-22 00:04:01,798 [INFO] ADCParametersView:116 -                Rank 1 : false
2025-02-22 00:04:01,798 [INFO] ADCParametersView:116 -                Rank 1 : false
2025-02-22 00:04:01,798 [INFO] ADCParametersView:116 -                Rank 1 : false
2025-02-22 00:04:01,798 [INFO] ADCParametersView:116 -                Rank 1 : false
2025-02-22 00:04:01,798 [INFO] ADCParametersView:116 -                Rank 1 : false
2025-02-22 00:04:01,798 [INFO] ADCParametersView:116 -                Rank 1 : false
2025-02-22 00:04:01,798 [INFO] ADCParametersView:116 -                Rank 1 : false
2025-02-22 00:04:01,798 [INFO] ADCParametersView:116 -                Rank 1 : false
2025-02-22 00:04:01,798 [INFO] ADCParametersView:116 -                Rank 1 : false
2025-02-22 00:04:01,798 [INFO] ADCParametersView:116 -                Rank 1 : false
2025-02-22 00:04:01,820 [INFO] ADCParametersView:116 -                Rank 1 : false
2025-02-22 00:04:01,847 [INFO] ADCParametersView:116 -                Rank 1 : false
2025-02-22 00:04:01,847 [INFO] ADCParametersView:116 -                Rank 1 : false
2025-02-22 00:04:01,847 [INFO] ADCParametersView:116 -                Rank 1 : false
2025-02-22 00:04:01,847 [INFO] ADCParametersView:116 -                Rank 1 : false
2025-02-22 00:04:01,847 [INFO] ADCParametersView:116 -                Rank 1 : false
2025-02-22 00:04:01,847 [INFO] ADCParametersView:116 -                Rank 1 : false
2025-02-22 00:04:01,847 [INFO] ADCParametersView:116 -                Rank 1 : false
2025-02-22 00:04:01,847 [INFO] ADCParametersView:116 -                Rank 1 : false
2025-02-22 00:04:01,847 [INFO] ADCParametersView:116 -                Rank 1 : false
2025-02-22 00:04:01,847 [INFO] ADCParametersView:116 -                Rank 1 : false
2025-02-22 00:04:01,847 [INFO] ADCParametersView:116 -                Rank 1 : false
2025-02-22 00:04:01,847 [INFO] ADCParametersView:116 -                Rank 1 : false
2025-02-22 00:04:01,847 [INFO] ADCParametersView:116 -                Rank 1 : false
2025-02-22 00:04:01,847 [INFO] ADCParametersView:116 -                Rank 1 : false
2025-02-22 00:04:01,859 [INFO] ADCParametersView:116 -                Rank 1 : false
2025-02-22 00:04:02,360 [INFO] ADCParametersView:116 -                Rank 1 : false
2025-02-22 00:04:02,360 [INFO] ADCParametersView:116 -                Rank 1 : false
2025-02-22 00:04:02,360 [INFO] ADCParametersView:116 -                Rank 1 : false
2025-02-22 00:04:02,360 [INFO] ADCParametersView:116 -                Rank 1 : false
2025-02-22 00:04:02,361 [INFO] ADCParametersView:116 -                Rank 1 : false
2025-02-22 00:04:02,361 [INFO] ADCParametersView:116 -                Rank 1 : false
2025-02-22 00:04:02,361 [INFO] ADCParametersView:116 -                Rank 1 : false
2025-02-22 00:04:02,361 [INFO] ADCParametersView:116 -                Rank 1 : false
2025-02-22 00:04:02,361 [INFO] ADCParametersView:116 -                Rank 1 : false
2025-02-22 00:04:02,361 [INFO] ADCParametersView:116 -                Rank 1 : false
2025-02-22 00:04:02,361 [INFO] ADCParametersView:116 -                Rank 1 : false
2025-02-22 00:04:02,361 [INFO] ADCParametersView:116 -                Rank 1 : false
2025-02-22 00:04:02,361 [INFO] ADCParametersView:116 -                Rank 1 : false
2025-02-22 00:04:02,361 [INFO] ADCParametersView:116 -                Rank 1 : false
2025-02-22 00:04:02,369 [INFO] ADCParametersView:116 -                Rank 1 : false
2025-02-22 00:04:02,384 [INFO] ADCParametersView:116 -                Rank 1 : false
2025-02-22 00:04:02,385 [INFO] ADCParametersView:116 -                Rank 1 : false
2025-02-22 00:04:02,385 [INFO] ADCParametersView:116 -                Rank 1 : false
2025-02-22 00:04:02,385 [INFO] ADCParametersView:116 -                Rank 1 : false
2025-02-22 00:04:02,385 [INFO] ADCParametersView:116 -                Rank 1 : false
2025-02-22 00:04:02,385 [INFO] ADCParametersView:116 -                Rank 1 : false
2025-02-22 00:04:02,385 [INFO] ADCParametersView:116 -                Rank 1 : false
2025-02-22 00:04:02,385 [INFO] ADCParametersView:116 -                Rank 1 : false
2025-02-22 00:04:02,385 [INFO] ADCParametersView:116 -                Rank 1 : false
2025-02-22 00:04:02,385 [INFO] ADCParametersView:116 -                Rank 1 : false
2025-02-22 00:04:02,385 [INFO] ADCParametersView:116 -                Rank 1 : false
2025-02-22 00:04:02,385 [INFO] ADCParametersView:116 -                Rank 1 : false
2025-02-22 00:04:02,385 [INFO] ADCParametersView:116 -                Rank 1 : false
2025-02-22 00:04:02,385 [INFO] ADCParametersView:116 -                Rank 1 : false
2025-02-22 00:04:02,395 [INFO] ADCParametersView:116 -                Rank 1 : false
2025-02-22 00:04:02,455 [INFO] ADCParametersView:116 -                Rank 1 : false
2025-02-22 00:04:02,456 [INFO] ADCParametersView:116 -                Rank 1 : false
2025-02-22 00:04:02,456 [INFO] ADCParametersView:116 -                Rank 1 : false
2025-02-22 00:04:02,456 [INFO] ADCParametersView:116 -                Rank 1 : false
2025-02-22 00:04:02,456 [INFO] ADCParametersView:116 -                Rank 1 : false
2025-02-22 00:04:02,456 [INFO] ADCParametersView:116 -                Rank 1 : false
2025-02-22 00:04:02,456 [INFO] ADCParametersView:116 -                Rank 1 : false
2025-02-22 00:04:02,456 [INFO] ADCParametersView:116 -                Rank 1 : false
2025-02-22 00:04:02,456 [INFO] ADCParametersView:116 -                Rank 1 : false
2025-02-22 00:04:02,456 [INFO] ADCParametersView:116 -                Rank 1 : false
2025-02-22 00:04:02,456 [INFO] ADCParametersView:116 -                Rank 1 : false
2025-02-22 00:04:02,456 [INFO] ADCParametersView:116 -                Rank 1 : false
2025-02-22 00:04:02,456 [INFO] ADCParametersView:116 -                Rank 1 : false
2025-02-22 00:04:02,456 [INFO] ADCParametersView:116 -                Rank 1 : false
2025-02-22 00:04:02,468 [INFO] ADCParametersView:116 -                Rank 1 : false
2025-02-22 00:04:02,489 [INFO] ADCParametersView:116 -                Rank 1 : false
2025-02-22 00:04:02,489 [INFO] ADCParametersView:116 -                Rank 1 : false
2025-02-22 00:04:02,489 [INFO] ADCParametersView:116 -                Rank 1 : false
2025-02-22 00:04:02,489 [INFO] ADCParametersView:116 -                Rank 1 : false
2025-02-22 00:04:02,489 [INFO] ADCParametersView:116 -                Rank 1 : false
2025-02-22 00:04:02,489 [INFO] ADCParametersView:116 -                Rank 1 : false
2025-02-22 00:04:02,489 [INFO] ADCParametersView:116 -                Rank 1 : false
2025-02-22 00:04:02,489 [INFO] ADCParametersView:116 -                Rank 1 : false
2025-02-22 00:04:02,489 [INFO] ADCParametersView:116 -                Rank 1 : false
2025-02-22 00:04:02,489 [INFO] ADCParametersView:116 -                Rank 1 : false
2025-02-22 00:04:02,489 [INFO] ADCParametersView:116 -                Rank 1 : false
2025-02-22 00:04:02,489 [INFO] ADCParametersView:116 -                Rank 1 : false
2025-02-22 00:04:02,489 [INFO] ADCParametersView:116 -                Rank 1 : false
2025-02-22 00:04:02,489 [INFO] ADCParametersView:116 -                Rank 1 : false
2025-02-22 00:04:02,502 [INFO] ADCParametersView:116 -                Rank 1 : false
2025-02-22 00:04:03,162 [INFO] ADCParametersView:116 -                Rank 1 : false
2025-02-22 00:04:03,162 [INFO] ADCParametersView:116 -                Rank 1 : false
2025-02-22 00:04:03,162 [INFO] ADCParametersView:116 -                Rank 1 : false
2025-02-22 00:04:03,162 [INFO] ADCParametersView:116 -                Rank 1 : false
2025-02-22 00:04:03,163 [INFO] ADCParametersView:116 -                Rank 1 : false
2025-02-22 00:04:03,163 [INFO] ADCParametersView:116 -                Rank 1 : false
2025-02-22 00:04:03,163 [INFO] ADCParametersView:116 -                Rank 1 : false
2025-02-22 00:04:03,163 [INFO] ADCParametersView:116 -                Rank 1 : false
2025-02-22 00:04:03,163 [INFO] ADCParametersView:116 -                Rank 1 : false
2025-02-22 00:04:03,163 [INFO] ADCParametersView:116 -                Rank 1 : false
2025-02-22 00:04:03,163 [INFO] ADCParametersView:116 -                Rank 1 : false
2025-02-22 00:04:03,163 [INFO] ADCParametersView:116 -                Rank 1 : false
2025-02-22 00:04:03,163 [INFO] ADCParametersView:116 -                Rank 1 : false
2025-02-22 00:04:03,163 [INFO] ADCParametersView:116 -                Rank 1 : false
2025-02-22 00:04:03,180 [INFO] ADCParametersView:116 -                Rank 1 : false
2025-02-22 00:04:03,204 [INFO] ADCParametersView:116 -                Rank 1 : false
2025-02-22 00:04:03,204 [INFO] ADCParametersView:116 -                Rank 1 : false
2025-02-22 00:04:03,204 [INFO] ADCParametersView:116 -                Rank 1 : false
2025-02-22 00:04:03,204 [INFO] ADCParametersView:116 -                Rank 1 : false
2025-02-22 00:04:03,204 [INFO] ADCParametersView:116 -                Rank 1 : false
2025-02-22 00:04:03,204 [INFO] ADCParametersView:116 -                Rank 1 : false
2025-02-22 00:04:03,204 [INFO] ADCParametersView:116 -                Rank 1 : false
2025-02-22 00:04:03,204 [INFO] ADCParametersView:116 -                Rank 1 : false
2025-02-22 00:04:03,204 [INFO] ADCParametersView:116 -                Rank 1 : false
2025-02-22 00:04:03,204 [INFO] ADCParametersView:116 -                Rank 1 : false
2025-02-22 00:04:03,204 [INFO] ADCParametersView:116 -                Rank 1 : false
2025-02-22 00:04:03,204 [INFO] ADCParametersView:116 -                Rank 1 : false
2025-02-22 00:04:03,204 [INFO] ADCParametersView:116 -                Rank 1 : false
2025-02-22 00:04:03,204 [INFO] ADCParametersView:116 -                Rank 1 : false
2025-02-22 00:04:03,213 [INFO] ADCParametersView:116 -                Rank 1 : false
2025-02-22 00:04:03,267 [INFO] ADCParametersView:116 -                Rank 1 : false
2025-02-22 00:04:03,267 [INFO] ADCParametersView:116 -                Rank 1 : false
2025-02-22 00:04:03,267 [INFO] ADCParametersView:116 -                Rank 1 : false
2025-02-22 00:04:03,267 [INFO] ADCParametersView:116 -                Rank 1 : false
2025-02-22 00:04:03,267 [INFO] ADCParametersView:116 -                Rank 1 : false
2025-02-22 00:04:03,267 [INFO] ADCParametersView:116 -                Rank 1 : false
2025-02-22 00:04:03,267 [INFO] ADCParametersView:116 -                Rank 1 : false
2025-02-22 00:04:03,267 [INFO] ADCParametersView:116 -                Rank 1 : false
2025-02-22 00:04:03,267 [INFO] ADCParametersView:116 -                Rank 1 : false
2025-02-22 00:04:03,267 [INFO] ADCParametersView:116 -                Rank 1 : false
2025-02-22 00:04:03,267 [INFO] ADCParametersView:116 -                Rank 1 : false
2025-02-22 00:04:03,267 [INFO] ADCParametersView:116 -                Rank 1 : false
2025-02-22 00:04:03,267 [INFO] ADCParametersView:116 -                Rank 1 : false
2025-02-22 00:04:03,267 [INFO] ADCParametersView:116 -                Rank 1 : false
2025-02-22 00:04:03,276 [INFO] ADCParametersView:116 -                Rank 1 : false
2025-02-22 00:04:03,299 [INFO] ADCParametersView:116 -                Rank 1 : false
2025-02-22 00:04:03,299 [INFO] ADCParametersView:116 -                Rank 1 : false
2025-02-22 00:04:03,299 [INFO] ADCParametersView:116 -                Rank 1 : false
2025-02-22 00:04:03,299 [INFO] ADCParametersView:116 -                Rank 1 : false
2025-02-22 00:04:03,299 [INFO] ADCParametersView:116 -                Rank 1 : false
2025-02-22 00:04:03,299 [INFO] ADCParametersView:116 -                Rank 1 : false
2025-02-22 00:04:03,299 [INFO] ADCParametersView:116 -                Rank 1 : false
2025-02-22 00:04:03,299 [INFO] ADCParametersView:116 -                Rank 1 : false
2025-02-22 00:04:03,299 [INFO] ADCParametersView:116 -                Rank 1 : false
2025-02-22 00:04:03,299 [INFO] ADCParametersView:116 -                Rank 1 : false
2025-02-22 00:04:03,299 [INFO] ADCParametersView:116 -                Rank 1 : false
2025-02-22 00:04:03,299 [INFO] ADCParametersView:116 -                Rank 1 : false
2025-02-22 00:04:03,299 [INFO] ADCParametersView:116 -                Rank 1 : false
2025-02-22 00:04:03,299 [INFO] ADCParametersView:116 -                Rank 1 : false
2025-02-22 00:04:03,310 [INFO] ADCParametersView:116 -                Rank 1 : false
2025-02-22 00:04:04,329 [INFO] ADCParametersView:116 -                Rank 1 : false
2025-02-22 00:04:04,329 [INFO] ADCParametersView:116 -                Rank 1 : false
2025-02-22 00:04:04,329 [INFO] ADCParametersView:116 -                Rank 1 : false
2025-02-22 00:04:04,329 [INFO] ADCParametersView:116 -                Rank 1 : false
2025-02-22 00:04:04,329 [INFO] ADCParametersView:116 -                Rank 1 : false
2025-02-22 00:04:04,330 [INFO] ADCParametersView:116 -                Rank 1 : false
2025-02-22 00:04:04,330 [INFO] ADCParametersView:116 -                Rank 1 : false
2025-02-22 00:04:04,330 [INFO] ADCParametersView:116 -                Rank 1 : false
2025-02-22 00:04:04,330 [INFO] ADCParametersView:116 -                Rank 1 : false
2025-02-22 00:04:04,330 [INFO] ADCParametersView:116 -                Rank 1 : false
2025-02-22 00:04:04,330 [INFO] ADCParametersView:116 -                Rank 1 : false
2025-02-22 00:04:04,330 [INFO] ADCParametersView:116 -                Rank 1 : false
2025-02-22 00:04:04,330 [INFO] ADCParametersView:116 -                Rank 1 : false
2025-02-22 00:04:04,330 [INFO] ADCParametersView:116 -                Rank 1 : false
2025-02-22 00:04:04,345 [INFO] ADCParametersView:116 -                Rank 1 : false
2025-02-22 00:04:04,371 [INFO] ADCParametersView:116 -                Rank 1 : false
2025-02-22 00:04:04,371 [INFO] ADCParametersView:116 -                Rank 1 : false
2025-02-22 00:04:04,371 [INFO] ADCParametersView:116 -                Rank 1 : false
2025-02-22 00:04:04,371 [INFO] ADCParametersView:116 -                Rank 1 : false
2025-02-22 00:04:04,371 [INFO] ADCParametersView:116 -                Rank 1 : false
2025-02-22 00:04:04,371 [INFO] ADCParametersView:116 -                Rank 1 : false
2025-02-22 00:04:04,371 [INFO] ADCParametersView:116 -                Rank 1 : false
2025-02-22 00:04:04,371 [INFO] ADCParametersView:116 -                Rank 1 : false
2025-02-22 00:04:04,397 [INFO] ADCParametersView:116 -                Rank 1 : false
2025-02-22 00:04:04,398 [INFO] ADCParametersView:116 -                Rank 1 : false
2025-02-22 00:04:04,398 [INFO] ADCParametersView:116 -                Rank 1 : false
2025-02-22 00:04:04,398 [INFO] ADCParametersView:116 -                Rank 1 : false
2025-02-22 00:04:04,398 [INFO] ADCParametersView:116 -                Rank 1 : false
2025-02-22 00:04:04,398 [INFO] ADCParametersView:116 -                Rank 1 : false
2025-02-22 00:04:04,418 [INFO] ADCParametersView:116 -                Rank 1 : false
2025-02-22 00:04:04,488 [INFO] ADCParametersView:116 -                Rank 1 : false
2025-02-22 00:04:04,488 [INFO] ADCParametersView:116 -                Rank 1 : false
2025-02-22 00:04:04,488 [INFO] ADCParametersView:116 -                Rank 1 : false
2025-02-22 00:04:04,488 [INFO] ADCParametersView:116 -                Rank 1 : false
2025-02-22 00:04:04,488 [INFO] ADCParametersView:116 -                Rank 1 : false
2025-02-22 00:04:04,488 [INFO] ADCParametersView:116 -                Rank 1 : false
2025-02-22 00:04:04,488 [INFO] ADCParametersView:116 -                Rank 1 : false
2025-02-22 00:04:04,488 [INFO] ADCParametersView:116 -                Rank 1 : false
2025-02-22 00:04:04,488 [INFO] ADCParametersView:116 -                Rank 1 : false
2025-02-22 00:04:04,488 [INFO] ADCParametersView:116 -                Rank 1 : false
2025-02-22 00:04:04,488 [INFO] ADCParametersView:116 -                Rank 1 : false
2025-02-22 00:04:04,488 [INFO] ADCParametersView:116 -                Rank 1 : false
2025-02-22 00:04:04,488 [INFO] ADCParametersView:116 -                Rank 1 : false
2025-02-22 00:04:04,488 [INFO] ADCParametersView:116 -                Rank 1 : false
2025-02-22 00:04:04,499 [INFO] ADCParametersView:116 -                Rank 1 : false
2025-02-22 00:04:04,519 [INFO] ADCParametersView:116 -                Rank 1 : false
2025-02-22 00:04:04,519 [INFO] ADCParametersView:116 -                Rank 1 : false
2025-02-22 00:04:04,520 [INFO] ADCParametersView:116 -                Rank 1 : false
2025-02-22 00:04:04,520 [INFO] ADCParametersView:116 -                Rank 1 : false
2025-02-22 00:04:04,520 [INFO] ADCParametersView:116 -                Rank 1 : false
2025-02-22 00:04:04,520 [INFO] ADCParametersView:116 -                Rank 1 : false
2025-02-22 00:04:04,520 [INFO] ADCParametersView:116 -                Rank 1 : false
2025-02-22 00:04:04,520 [INFO] ADCParametersView:116 -                Rank 1 : false
2025-02-22 00:04:04,520 [INFO] ADCParametersView:116 -                Rank 1 : false
2025-02-22 00:04:04,520 [INFO] ADCParametersView:116 -                Rank 1 : false
2025-02-22 00:04:04,520 [INFO] ADCParametersView:116 -                Rank 1 : false
2025-02-22 00:04:04,520 [INFO] ADCParametersView:116 -                Rank 1 : false
2025-02-22 00:04:04,520 [INFO] ADCParametersView:116 -                Rank 1 : false
2025-02-22 00:04:04,521 [INFO] ADCParametersView:116 -                Rank 1 : false
2025-02-22 00:04:04,535 [INFO] ADCParametersView:116 -                Rank 1 : false
2025-02-22 00:04:04,981 [INFO] ADCParametersView:116 -                Rank 1 : false
2025-02-22 00:04:04,981 [INFO] ADCParametersView:116 -                Rank 1 : false
2025-02-22 00:04:04,981 [INFO] ADCParametersView:116 -                Rank 1 : false
2025-02-22 00:04:04,981 [INFO] ADCParametersView:116 -                Rank 1 : false
2025-02-22 00:04:04,981 [INFO] ADCParametersView:116 -                Rank 1 : false
2025-02-22 00:04:04,981 [INFO] ADCParametersView:116 -                Rank 1 : false
2025-02-22 00:04:04,981 [INFO] ADCParametersView:116 -                Rank 1 : false
2025-02-22 00:04:04,981 [INFO] ADCParametersView:116 -                Rank 1 : false
2025-02-22 00:04:04,981 [INFO] ADCParametersView:116 -                Rank 1 : false
2025-02-22 00:04:04,981 [INFO] ADCParametersView:116 -                Rank 1 : false
2025-02-22 00:04:04,981 [INFO] ADCParametersView:116 -                Rank 1 : false
2025-02-22 00:04:04,981 [INFO] ADCParametersView:116 -                Rank 1 : false
2025-02-22 00:04:04,981 [INFO] ADCParametersView:116 -                Rank 1 : false
2025-02-22 00:04:04,981 [INFO] ADCParametersView:116 -                Rank 1 : false
2025-02-22 00:04:04,996 [INFO] ADCParametersView:116 -                Rank 1 : false
2025-02-22 00:04:05,026 [INFO] ADCParametersView:116 -                Rank 1 : false
2025-02-22 00:04:05,026 [INFO] ADCParametersView:116 -                Rank 1 : false
2025-02-22 00:04:05,026 [INFO] ADCParametersView:116 -                Rank 1 : false
2025-02-22 00:04:05,026 [INFO] ADCParametersView:116 -                Rank 1 : false
2025-02-22 00:04:05,026 [INFO] ADCParametersView:116 -                Rank 1 : false
2025-02-22 00:04:05,026 [INFO] ADCParametersView:116 -                Rank 1 : false
2025-02-22 00:04:05,026 [INFO] ADCParametersView:116 -                Rank 1 : false
2025-02-22 00:04:05,026 [INFO] ADCParametersView:116 -                Rank 1 : false
2025-02-22 00:04:05,026 [INFO] ADCParametersView:116 -                Rank 1 : false
2025-02-22 00:04:05,026 [INFO] ADCParametersView:116 -                Rank 1 : false
2025-02-22 00:04:05,026 [INFO] ADCParametersView:116 -                Rank 1 : false
2025-02-22 00:04:05,026 [INFO] ADCParametersView:116 -                Rank 1 : false
2025-02-22 00:04:05,026 [INFO] ADCParametersView:116 -                Rank 1 : false
2025-02-22 00:04:05,026 [INFO] ADCParametersView:116 -                Rank 1 : false
2025-02-22 00:04:05,042 [INFO] ADCParametersView:116 -                Rank 1 : false
2025-02-22 00:04:05,107 [INFO] ADCParametersView:116 -                Rank 1 : false
2025-02-22 00:04:05,107 [INFO] ADCParametersView:116 -                Rank 1 : false
2025-02-22 00:04:05,107 [INFO] ADCParametersView:116 -                Rank 1 : false
2025-02-22 00:04:05,107 [INFO] ADCParametersView:116 -                Rank 1 : false
2025-02-22 00:04:05,107 [INFO] ADCParametersView:116 -                Rank 1 : false
2025-02-22 00:04:05,107 [INFO] ADCParametersView:116 -                Rank 1 : false
2025-02-22 00:04:05,108 [INFO] ADCParametersView:116 -                Rank 1 : false
2025-02-22 00:04:05,108 [INFO] ADCParametersView:116 -                Rank 1 : false
2025-02-22 00:04:05,108 [INFO] ADCParametersView:116 -                Rank 1 : false
2025-02-22 00:04:05,108 [INFO] ADCParametersView:116 -                Rank 1 : false
2025-02-22 00:04:05,108 [INFO] ADCParametersView:116 -                Rank 1 : false
2025-02-22 00:04:05,108 [INFO] ADCParametersView:116 -                Rank 1 : false
2025-02-22 00:04:05,108 [INFO] ADCParametersView:116 -                Rank 1 : false
2025-02-22 00:04:05,108 [INFO] ADCParametersView:116 -                Rank 1 : false
2025-02-22 00:04:05,119 [INFO] ADCParametersView:116 -                Rank 1 : false
2025-02-22 00:04:05,136 [INFO] ADCParametersView:116 -                Rank 1 : false
2025-02-22 00:04:05,136 [INFO] ADCParametersView:116 -                Rank 1 : false
2025-02-22 00:04:05,136 [INFO] ADCParametersView:116 -                Rank 1 : false
2025-02-22 00:04:05,137 [INFO] ADCParametersView:116 -                Rank 1 : false
2025-02-22 00:04:05,137 [INFO] ADCParametersView:116 -                Rank 1 : false
2025-02-22 00:04:05,137 [INFO] ADCParametersView:116 -                Rank 1 : false
2025-02-22 00:04:05,137 [INFO] ADCParametersView:116 -                Rank 1 : false
2025-02-22 00:04:05,137 [INFO] ADCParametersView:116 -                Rank 1 : false
2025-02-22 00:04:05,137 [INFO] ADCParametersView:116 -                Rank 1 : false
2025-02-22 00:04:05,137 [INFO] ADCParametersView:116 -                Rank 1 : false
2025-02-22 00:04:05,137 [INFO] ADCParametersView:116 -                Rank 1 : false
2025-02-22 00:04:05,137 [INFO] ADCParametersView:116 -                Rank 1 : false
2025-02-22 00:04:05,137 [INFO] ADCParametersView:116 -                Rank 1 : false
2025-02-22 00:04:05,137 [INFO] ADCParametersView:116 -                Rank 1 : false
2025-02-22 00:04:05,147 [INFO] ADCParametersView:116 -                Rank 1 : false
2025-02-22 00:04:07,369 [INFO] ADCParametersView:116 -                Rank 1 : false
2025-02-22 00:04:07,369 [INFO] ADCParametersView:116 -                Rank 1 : false
2025-02-22 00:04:07,369 [INFO] ADCParametersView:116 -                Rank 1 : false
2025-02-22 00:04:07,369 [INFO] ADCParametersView:116 -                Rank 1 : false
2025-02-22 00:04:07,369 [INFO] ADCParametersView:116 -                Rank 1 : false
2025-02-22 00:04:07,369 [INFO] ADCParametersView:116 -                Rank 1 : false
2025-02-22 00:04:07,369 [INFO] ADCParametersView:116 -                Rank 1 : false
2025-02-22 00:04:07,369 [INFO] ADCParametersView:116 -                Rank 1 : false
2025-02-22 00:04:07,369 [INFO] ADCParametersView:116 -                Rank 1 : false
2025-02-22 00:04:07,369 [INFO] ADCParametersView:116 -                Rank 1 : false
2025-02-22 00:04:07,369 [INFO] ADCParametersView:116 -                Rank 1 : false
2025-02-22 00:04:07,369 [INFO] ADCParametersView:116 -                Rank 1 : false
2025-02-22 00:04:07,369 [INFO] ADCParametersView:116 -                Rank 1 : false
2025-02-22 00:04:07,369 [INFO] ADCParametersView:116 -                Rank 1 : false
2025-02-22 00:04:07,381 [INFO] ADCParametersView:116 -                Rank 1 : false
2025-02-22 00:04:07,401 [INFO] ADCParametersView:116 -                Rank 1 : false
2025-02-22 00:04:07,401 [INFO] ADCParametersView:116 -                Rank 1 : false
2025-02-22 00:04:07,401 [INFO] ADCParametersView:116 -                Rank 1 : false
2025-02-22 00:04:07,401 [INFO] ADCParametersView:116 -                Rank 1 : false
2025-02-22 00:04:07,401 [INFO] ADCParametersView:116 -                Rank 1 : false
2025-02-22 00:04:07,401 [INFO] ADCParametersView:116 -                Rank 1 : false
2025-02-22 00:04:07,401 [INFO] ADCParametersView:116 -                Rank 1 : false
2025-02-22 00:04:07,401 [INFO] ADCParametersView:116 -                Rank 1 : false
2025-02-22 00:04:07,401 [INFO] ADCParametersView:116 -                Rank 1 : false
2025-02-22 00:04:07,401 [INFO] ADCParametersView:116 -                Rank 1 : false
2025-02-22 00:04:07,401 [INFO] ADCParametersView:116 -                Rank 1 : false
2025-02-22 00:04:07,401 [INFO] ADCParametersView:116 -                Rank 1 : false
2025-02-22 00:04:07,401 [INFO] ADCParametersView:116 -                Rank 1 : false
2025-02-22 00:04:07,401 [INFO] ADCParametersView:116 -                Rank 1 : false
2025-02-22 00:04:07,409 [INFO] ADCParametersView:116 -                Rank 1 : false
2025-02-22 00:04:07,464 [INFO] ADCParametersView:116 -                Rank 1 : false
2025-02-22 00:04:07,465 [INFO] ADCParametersView:116 -                Rank 1 : false
2025-02-22 00:04:07,465 [INFO] ADCParametersView:116 -                Rank 1 : false
2025-02-22 00:04:07,465 [INFO] ADCParametersView:116 -                Rank 1 : false
2025-02-22 00:04:07,465 [INFO] ADCParametersView:116 -                Rank 1 : false
2025-02-22 00:04:07,465 [INFO] ADCParametersView:116 -                Rank 1 : false
2025-02-22 00:04:07,465 [INFO] ADCParametersView:116 -                Rank 1 : false
2025-02-22 00:04:07,465 [INFO] ADCParametersView:116 -                Rank 1 : false
2025-02-22 00:04:07,465 [INFO] ADCParametersView:116 -                Rank 1 : false
2025-02-22 00:04:07,465 [INFO] ADCParametersView:116 -                Rank 1 : false
2025-02-22 00:04:07,465 [INFO] ADCParametersView:116 -                Rank 1 : false
2025-02-22 00:04:07,465 [INFO] ADCParametersView:116 -                Rank 1 : false
2025-02-22 00:04:07,465 [INFO] ADCParametersView:116 -                Rank 1 : false
2025-02-22 00:04:07,465 [INFO] ADCParametersView:116 -                Rank 1 : false
2025-02-22 00:04:07,474 [INFO] ADCParametersView:116 -                Rank 1 : false
2025-02-22 00:04:07,497 [INFO] ADCParametersView:116 -                Rank 1 : false
2025-02-22 00:04:07,497 [INFO] ADCParametersView:116 -                Rank 1 : false
2025-02-22 00:04:07,497 [INFO] ADCParametersView:116 -                Rank 1 : false
2025-02-22 00:04:07,497 [INFO] ADCParametersView:116 -                Rank 1 : false
2025-02-22 00:04:07,497 [INFO] ADCParametersView:116 -                Rank 1 : false
2025-02-22 00:04:07,497 [INFO] ADCParametersView:116 -                Rank 1 : false
2025-02-22 00:04:07,497 [INFO] ADCParametersView:116 -                Rank 1 : false
2025-02-22 00:04:07,497 [INFO] ADCParametersView:116 -                Rank 1 : false
2025-02-22 00:04:07,497 [INFO] ADCParametersView:116 -                Rank 1 : false
2025-02-22 00:04:07,497 [INFO] ADCParametersView:116 -                Rank 1 : false
2025-02-22 00:04:07,497 [INFO] ADCParametersView:116 -                Rank 1 : false
2025-02-22 00:04:07,497 [INFO] ADCParametersView:116 -                Rank 1 : false
2025-02-22 00:04:07,497 [INFO] ADCParametersView:116 -                Rank 1 : false
2025-02-22 00:04:07,497 [INFO] ADCParametersView:116 -                Rank 1 : false
2025-02-22 00:04:07,512 [INFO] ADCParametersView:116 -                Rank 1 : false
2025-02-22 00:04:07,833 [INFO] ADCParametersView:116 -                Rank 1 : false
2025-02-22 00:04:07,833 [INFO] ADCParametersView:116 -                Rank 1 : false
2025-02-22 00:04:07,833 [INFO] ADCParametersView:116 -                Rank 1 : false
2025-02-22 00:04:07,833 [INFO] ADCParametersView:116 -                Rank 1 : false
2025-02-22 00:04:07,833 [INFO] ADCParametersView:116 -                Rank 1 : false
2025-02-22 00:04:07,833 [INFO] ADCParametersView:116 -                Rank 1 : false
2025-02-22 00:04:07,833 [INFO] ADCParametersView:116 -                Rank 1 : false
2025-02-22 00:04:07,833 [INFO] ADCParametersView:116 -                Rank 1 : false
2025-02-22 00:04:07,833 [INFO] ADCParametersView:116 -                Rank 1 : false
2025-02-22 00:04:07,833 [INFO] ADCParametersView:116 -                Rank 1 : false
2025-02-22 00:04:07,833 [INFO] ADCParametersView:116 -                Rank 1 : false
2025-02-22 00:04:07,833 [INFO] ADCParametersView:116 -                Rank 1 : false
2025-02-22 00:04:07,833 [INFO] ADCParametersView:116 -                Rank 1 : false
2025-02-22 00:04:07,833 [INFO] ADCParametersView:116 -                Rank 1 : false
2025-02-22 00:04:07,851 [INFO] ADCParametersView:116 -                Rank 1 : false
2025-02-22 00:04:07,874 [INFO] ADCParametersView:116 -                Rank 1 : false
2025-02-22 00:04:07,874 [INFO] ADCParametersView:116 -                Rank 1 : false
2025-02-22 00:04:07,874 [INFO] ADCParametersView:116 -                Rank 1 : false
2025-02-22 00:04:07,874 [INFO] ADCParametersView:116 -                Rank 1 : false
2025-02-22 00:04:07,874 [INFO] ADCParametersView:116 -                Rank 1 : false
2025-02-22 00:04:07,874 [INFO] ADCParametersView:116 -                Rank 1 : false
2025-02-22 00:04:07,874 [INFO] ADCParametersView:116 -                Rank 1 : false
2025-02-22 00:04:07,874 [INFO] ADCParametersView:116 -                Rank 1 : false
2025-02-22 00:04:07,874 [INFO] ADCParametersView:116 -                Rank 1 : false
2025-02-22 00:04:07,874 [INFO] ADCParametersView:116 -                Rank 1 : false
2025-02-22 00:04:07,874 [INFO] ADCParametersView:116 -                Rank 1 : false
2025-02-22 00:04:07,874 [INFO] ADCParametersView:116 -                Rank 1 : false
2025-02-22 00:04:07,874 [INFO] ADCParametersView:116 -                Rank 1 : false
2025-02-22 00:04:07,874 [INFO] ADCParametersView:116 -                Rank 1 : false
2025-02-22 00:04:07,884 [INFO] ADCParametersView:116 -                Rank 1 : false
2025-02-22 00:04:07,961 [INFO] ADCParametersView:116 -                Rank 1 : false
2025-02-22 00:04:07,961 [INFO] ADCParametersView:116 -                Rank 1 : false
2025-02-22 00:04:07,961 [INFO] ADCParametersView:116 -                Rank 1 : false
2025-02-22 00:04:07,961 [INFO] ADCParametersView:116 -                Rank 1 : false
2025-02-22 00:04:07,961 [INFO] ADCParametersView:116 -                Rank 1 : false
2025-02-22 00:04:07,961 [INFO] ADCParametersView:116 -                Rank 1 : false
2025-02-22 00:04:07,961 [INFO] ADCParametersView:116 -                Rank 1 : false
2025-02-22 00:04:07,961 [INFO] ADCParametersView:116 -                Rank 1 : false
2025-02-22 00:04:07,961 [INFO] ADCParametersView:116 -                Rank 1 : false
2025-02-22 00:04:07,962 [INFO] ADCParametersView:116 -                Rank 1 : false
2025-02-22 00:04:07,962 [INFO] ADCParametersView:116 -                Rank 1 : false
2025-02-22 00:04:07,962 [INFO] ADCParametersView:116 -                Rank 1 : false
2025-02-22 00:04:07,962 [INFO] ADCParametersView:116 -                Rank 1 : false
2025-02-22 00:04:07,962 [INFO] ADCParametersView:116 -                Rank 1 : false
2025-02-22 00:04:07,973 [INFO] ADCParametersView:116 -                Rank 1 : false
2025-02-22 00:04:07,987 [INFO] ADCParametersView:116 -                Rank 1 : false
2025-02-22 00:04:07,987 [INFO] ADCParametersView:116 -                Rank 1 : false
2025-02-22 00:04:07,987 [INFO] ADCParametersView:116 -                Rank 1 : false
2025-02-22 00:04:07,987 [INFO] ADCParametersView:116 -                Rank 1 : false
2025-02-22 00:04:07,987 [INFO] ADCParametersView:116 -                Rank 1 : false
2025-02-22 00:04:07,987 [INFO] ADCParametersView:116 -                Rank 1 : false
2025-02-22 00:04:07,987 [INFO] ADCParametersView:116 -                Rank 1 : false
2025-02-22 00:04:07,987 [INFO] ADCParametersView:116 -                Rank 1 : false
2025-02-22 00:04:07,988 [INFO] ADCParametersView:116 -                Rank 1 : false
2025-02-22 00:04:07,988 [INFO] ADCParametersView:116 -                Rank 1 : false
2025-02-22 00:04:07,988 [INFO] ADCParametersView:116 -                Rank 1 : false
2025-02-22 00:04:07,988 [INFO] ADCParametersView:116 -                Rank 1 : false
2025-02-22 00:04:07,988 [INFO] ADCParametersView:116 -                Rank 1 : false
2025-02-22 00:04:07,988 [INFO] ADCParametersView:116 -                Rank 1 : false
2025-02-22 00:04:07,997 [INFO] ADCParametersView:116 -                Rank 1 : false
2025-02-22 00:04:08,574 [INFO] ADCParametersView:116 -                Rank 1 : false
2025-02-22 00:04:08,574 [INFO] ADCParametersView:116 -                Rank 1 : false
2025-02-22 00:04:08,574 [INFO] ADCParametersView:116 -                Rank 1 : false
2025-02-22 00:04:08,574 [INFO] ADCParametersView:116 -                Rank 1 : false
2025-02-22 00:04:08,574 [INFO] ADCParametersView:116 -                Rank 1 : false
2025-02-22 00:04:08,574 [INFO] ADCParametersView:116 -                Rank 1 : false
2025-02-22 00:04:08,574 [INFO] ADCParametersView:116 -                Rank 1 : false
2025-02-22 00:04:08,574 [INFO] ADCParametersView:116 -                Rank 1 : false
2025-02-22 00:04:08,574 [INFO] ADCParametersView:116 -                Rank 1 : false
2025-02-22 00:04:08,574 [INFO] ADCParametersView:116 -                Rank 1 : false
2025-02-22 00:04:08,574 [INFO] ADCParametersView:116 -                Rank 1 : false
2025-02-22 00:04:08,574 [INFO] ADCParametersView:116 -                Rank 1 : false
2025-02-22 00:04:08,574 [INFO] ADCParametersView:116 -                Rank 1 : false
2025-02-22 00:04:08,574 [INFO] ADCParametersView:116 -                Rank 1 : false
2025-02-22 00:04:08,583 [INFO] ADCParametersView:116 -                Rank 1 : false
2025-02-22 00:04:08,598 [INFO] ADCParametersView:116 -                Rank 1 : false
2025-02-22 00:04:08,600 [INFO] ADCParametersView:116 -                Rank 1 : false
2025-02-22 00:04:08,600 [INFO] ADCParametersView:116 -                Rank 1 : false
2025-02-22 00:04:08,600 [INFO] ADCParametersView:116 -                Rank 1 : false
2025-02-22 00:04:08,600 [INFO] ADCParametersView:116 -                Rank 1 : false
2025-02-22 00:04:08,600 [INFO] ADCParametersView:116 -                Rank 1 : false
2025-02-22 00:04:08,600 [INFO] ADCParametersView:116 -                Rank 1 : false
2025-02-22 00:04:08,600 [INFO] ADCParametersView:116 -                Rank 1 : false
2025-02-22 00:04:08,600 [INFO] ADCParametersView:116 -                Rank 1 : false
2025-02-22 00:04:08,600 [INFO] ADCParametersView:116 -                Rank 1 : false
2025-02-22 00:04:08,600 [INFO] ADCParametersView:116 -                Rank 1 : false
2025-02-22 00:04:08,600 [INFO] ADCParametersView:116 -                Rank 1 : false
2025-02-22 00:04:08,600 [INFO] ADCParametersView:116 -                Rank 1 : false
2025-02-22 00:04:08,600 [INFO] ADCParametersView:116 -                Rank 1 : false
2025-02-22 00:04:08,610 [INFO] ADCParametersView:116 -                Rank 1 : false
2025-02-22 00:04:08,671 [INFO] ADCParametersView:116 -                Rank 1 : false
2025-02-22 00:04:08,671 [INFO] ADCParametersView:116 -                Rank 1 : false
2025-02-22 00:04:08,671 [INFO] ADCParametersView:116 -                Rank 1 : false
2025-02-22 00:04:08,671 [INFO] ADCParametersView:116 -                Rank 1 : false
2025-02-22 00:04:08,671 [INFO] ADCParametersView:116 -                Rank 1 : false
2025-02-22 00:04:08,671 [INFO] ADCParametersView:116 -                Rank 1 : false
2025-02-22 00:04:08,671 [INFO] ADCParametersView:116 -                Rank 1 : false
2025-02-22 00:04:08,671 [INFO] ADCParametersView:116 -                Rank 1 : false
2025-02-22 00:04:08,671 [INFO] ADCParametersView:116 -                Rank 1 : false
2025-02-22 00:04:08,671 [INFO] ADCParametersView:116 -                Rank 1 : false
2025-02-22 00:04:08,671 [INFO] ADCParametersView:116 -                Rank 1 : false
2025-02-22 00:04:08,671 [INFO] ADCParametersView:116 -                Rank 1 : false
2025-02-22 00:04:08,671 [INFO] ADCParametersView:116 -                Rank 1 : false
2025-02-22 00:04:08,671 [INFO] ADCParametersView:116 -                Rank 1 : false
2025-02-22 00:04:08,682 [INFO] ADCParametersView:116 -                Rank 1 : false
2025-02-22 00:04:08,701 [INFO] ADCParametersView:116 -                Rank 1 : false
2025-02-22 00:04:08,701 [INFO] ADCParametersView:116 -                Rank 1 : false
2025-02-22 00:04:08,701 [INFO] ADCParametersView:116 -                Rank 1 : false
2025-02-22 00:04:08,701 [INFO] ADCParametersView:116 -                Rank 1 : false
2025-02-22 00:04:08,701 [INFO] ADCParametersView:116 -                Rank 1 : false
2025-02-22 00:04:08,701 [INFO] ADCParametersView:116 -                Rank 1 : false
2025-02-22 00:04:08,701 [INFO] ADCParametersView:116 -                Rank 1 : false
2025-02-22 00:04:08,701 [INFO] ADCParametersView:116 -                Rank 1 : false
2025-02-22 00:04:08,701 [INFO] ADCParametersView:116 -                Rank 1 : false
2025-02-22 00:04:08,701 [INFO] ADCParametersView:116 -                Rank 1 : false
2025-02-22 00:04:08,701 [INFO] ADCParametersView:116 -                Rank 1 : false
2025-02-22 00:04:08,701 [INFO] ADCParametersView:116 -                Rank 1 : false
2025-02-22 00:04:08,701 [INFO] ADCParametersView:116 -                Rank 1 : false
2025-02-22 00:04:08,701 [INFO] ADCParametersView:116 -                Rank 1 : false
2025-02-22 00:04:08,710 [INFO] ADCParametersView:116 -                Rank 1 : false
2025-02-22 00:04:09,385 [INFO] ADCParametersView:116 -                Rank 1 : false
2025-02-22 00:04:09,385 [INFO] ADCParametersView:116 -                Rank 1 : false
2025-02-22 00:04:09,385 [INFO] ADCParametersView:116 -                Rank 1 : false
2025-02-22 00:04:09,385 [INFO] ADCParametersView:116 -                Rank 1 : false
2025-02-22 00:04:09,385 [INFO] ADCParametersView:116 -                Rank 1 : false
2025-02-22 00:04:09,385 [INFO] ADCParametersView:116 -                Rank 1 : false
2025-02-22 00:04:09,385 [INFO] ADCParametersView:116 -                Rank 1 : false
2025-02-22 00:04:09,386 [INFO] ADCParametersView:116 -                Rank 1 : false
2025-02-22 00:04:09,386 [INFO] ADCParametersView:116 -                Rank 1 : false
2025-02-22 00:04:09,386 [INFO] ADCParametersView:116 -                Rank 1 : false
2025-02-22 00:04:09,386 [INFO] ADCParametersView:116 -                Rank 1 : false
2025-02-22 00:04:09,386 [INFO] ADCParametersView:116 -                Rank 1 : false
2025-02-22 00:04:09,386 [INFO] ADCParametersView:116 -                Rank 1 : false
2025-02-22 00:04:09,386 [INFO] ADCParametersView:116 -                Rank 1 : false
2025-02-22 00:04:09,396 [INFO] ADCParametersView:116 -                Rank 1 : false
2025-02-22 00:04:09,416 [INFO] ADCParametersView:116 -                Rank 1 : false
2025-02-22 00:04:09,416 [INFO] ADCParametersView:116 -                Rank 1 : false
2025-02-22 00:04:09,417 [INFO] ADCParametersView:116 -                Rank 1 : false
2025-02-22 00:04:09,417 [INFO] ADCParametersView:116 -                Rank 1 : false
2025-02-22 00:04:09,417 [INFO] ADCParametersView:116 -                Rank 1 : false
2025-02-22 00:04:09,417 [INFO] ADCParametersView:116 -                Rank 1 : false
2025-02-22 00:04:09,417 [INFO] ADCParametersView:116 -                Rank 1 : false
2025-02-22 00:04:09,417 [INFO] ADCParametersView:116 -                Rank 1 : false
2025-02-22 00:04:09,417 [INFO] ADCParametersView:116 -                Rank 1 : false
2025-02-22 00:04:09,417 [INFO] ADCParametersView:116 -                Rank 1 : false
2025-02-22 00:04:09,417 [INFO] ADCParametersView:116 -                Rank 1 : false
2025-02-22 00:04:09,417 [INFO] ADCParametersView:116 -                Rank 1 : false
2025-02-22 00:04:09,417 [INFO] ADCParametersView:116 -                Rank 1 : false
2025-02-22 00:04:09,417 [INFO] ADCParametersView:116 -                Rank 1 : false
2025-02-22 00:04:09,436 [INFO] ADCParametersView:116 -                Rank 1 : false
2025-02-22 00:04:09,520 [INFO] ADCParametersView:116 -                Rank 1 : false
2025-02-22 00:04:09,520 [INFO] ADCParametersView:116 -                Rank 1 : false
2025-02-22 00:04:09,520 [INFO] ADCParametersView:116 -                Rank 1 : false
2025-02-22 00:04:09,520 [INFO] ADCParametersView:116 -                Rank 1 : false
2025-02-22 00:04:09,520 [INFO] ADCParametersView:116 -                Rank 1 : false
2025-02-22 00:04:09,520 [INFO] ADCParametersView:116 -                Rank 1 : false
2025-02-22 00:04:09,520 [INFO] ADCParametersView:116 -                Rank 1 : false
2025-02-22 00:04:09,520 [INFO] ADCParametersView:116 -                Rank 1 : false
2025-02-22 00:04:09,520 [INFO] ADCParametersView:116 -                Rank 1 : false
2025-02-22 00:04:09,520 [INFO] ADCParametersView:116 -                Rank 1 : false
2025-02-22 00:04:09,520 [INFO] ADCParametersView:116 -                Rank 1 : false
2025-02-22 00:04:09,520 [INFO] ADCParametersView:116 -                Rank 1 : false
2025-02-22 00:04:09,520 [INFO] ADCParametersView:116 -                Rank 1 : false
2025-02-22 00:04:09,520 [INFO] ADCParametersView:116 -                Rank 1 : false
2025-02-22 00:04:09,532 [INFO] ADCParametersView:116 -                Rank 1 : false
2025-02-22 00:04:09,562 [INFO] ADCParametersView:116 -                Rank 1 : false
2025-02-22 00:04:09,562 [INFO] ADCParametersView:116 -                Rank 1 : false
2025-02-22 00:04:09,562 [INFO] ADCParametersView:116 -                Rank 1 : false
2025-02-22 00:04:09,562 [INFO] ADCParametersView:116 -                Rank 1 : false
2025-02-22 00:04:09,562 [INFO] ADCParametersView:116 -                Rank 1 : false
2025-02-22 00:04:09,562 [INFO] ADCParametersView:116 -                Rank 1 : false
2025-02-22 00:04:09,562 [INFO] ADCParametersView:116 -                Rank 1 : false
2025-02-22 00:04:09,564 [INFO] ADCParametersView:116 -                Rank 1 : false
2025-02-22 00:04:09,564 [INFO] ADCParametersView:116 -                Rank 1 : false
2025-02-22 00:04:09,564 [INFO] ADCParametersView:116 -                Rank 1 : false
2025-02-22 00:04:09,564 [INFO] ADCParametersView:116 -                Rank 1 : false
2025-02-22 00:04:09,564 [INFO] ADCParametersView:116 -                Rank 1 : false
2025-02-22 00:04:09,564 [INFO] ADCParametersView:116 -                Rank 1 : false
2025-02-22 00:04:09,564 [INFO] ADCParametersView:116 -                Rank 1 : false
2025-02-22 00:04:09,580 [INFO] ADCParametersView:116 -                Rank 1 : false
2025-02-22 00:04:10,139 [INFO] ADCParametersView:116 -                Rank 1 : false
2025-02-22 00:04:10,139 [INFO] ADCParametersView:116 -                Rank 1 : false
2025-02-22 00:04:10,139 [INFO] ADCParametersView:116 -                Rank 1 : false
2025-02-22 00:04:10,139 [INFO] ADCParametersView:116 -                Rank 1 : false
2025-02-22 00:04:10,139 [INFO] ADCParametersView:116 -                Rank 1 : false
2025-02-22 00:04:10,139 [INFO] ADCParametersView:116 -                Rank 1 : false
2025-02-22 00:04:10,139 [INFO] ADCParametersView:116 -                Rank 1 : false
2025-02-22 00:04:10,139 [INFO] ADCParametersView:116 -                Rank 1 : false
2025-02-22 00:04:10,139 [INFO] ADCParametersView:116 -                Rank 1 : false
2025-02-22 00:04:10,139 [INFO] ADCParametersView:116 -                Rank 1 : false
2025-02-22 00:04:10,139 [INFO] ADCParametersView:116 -                Rank 1 : false
2025-02-22 00:04:10,139 [INFO] ADCParametersView:116 -                Rank 1 : false
2025-02-22 00:04:10,139 [INFO] ADCParametersView:116 -                Rank 1 : false
2025-02-22 00:04:10,139 [INFO] ADCParametersView:116 -                Rank 1 : false
2025-02-22 00:04:10,158 [INFO] ADCParametersView:116 -                Rank 1 : false
2025-02-22 00:04:10,184 [INFO] ADCParametersView:116 -                Rank 1 : false
2025-02-22 00:04:10,184 [INFO] ADCParametersView:116 -                Rank 1 : false
2025-02-22 00:04:10,184 [INFO] ADCParametersView:116 -                Rank 1 : false
2025-02-22 00:04:10,184 [INFO] ADCParametersView:116 -                Rank 1 : false
2025-02-22 00:04:10,184 [INFO] ADCParametersView:116 -                Rank 1 : false
2025-02-22 00:04:10,184 [INFO] ADCParametersView:116 -                Rank 1 : false
2025-02-22 00:04:10,184 [INFO] ADCParametersView:116 -                Rank 1 : false
2025-02-22 00:04:10,184 [INFO] ADCParametersView:116 -                Rank 1 : false
2025-02-22 00:04:10,184 [INFO] ADCParametersView:116 -                Rank 1 : false
2025-02-22 00:04:10,184 [INFO] ADCParametersView:116 -                Rank 1 : false
2025-02-22 00:04:10,184 [INFO] ADCParametersView:116 -                Rank 1 : false
2025-02-22 00:04:10,184 [INFO] ADCParametersView:116 -                Rank 1 : false
2025-02-22 00:04:10,184 [INFO] ADCParametersView:116 -                Rank 1 : false
2025-02-22 00:04:10,184 [INFO] ADCParametersView:116 -                Rank 1 : false
2025-02-22 00:04:10,197 [INFO] ADCParametersView:116 -                Rank 1 : false
2025-02-22 00:04:10,251 [INFO] ADCParametersView:116 -                Rank 1 : false
2025-02-22 00:04:10,251 [INFO] ADCParametersView:116 -                Rank 1 : false
2025-02-22 00:04:10,251 [INFO] ADCParametersView:116 -                Rank 1 : false
2025-02-22 00:04:10,251 [INFO] ADCParametersView:116 -                Rank 1 : false
2025-02-22 00:04:10,251 [INFO] ADCParametersView:116 -                Rank 1 : false
2025-02-22 00:04:10,251 [INFO] ADCParametersView:116 -                Rank 1 : false
2025-02-22 00:04:10,251 [INFO] ADCParametersView:116 -                Rank 1 : false
2025-02-22 00:04:10,251 [INFO] ADCParametersView:116 -                Rank 1 : false
2025-02-22 00:04:10,251 [INFO] ADCParametersView:116 -                Rank 1 : false
2025-02-22 00:04:10,251 [INFO] ADCParametersView:116 -                Rank 1 : false
2025-02-22 00:04:10,251 [INFO] ADCParametersView:116 -                Rank 1 : false
2025-02-22 00:04:10,251 [INFO] ADCParametersView:116 -                Rank 1 : false
2025-02-22 00:04:10,251 [INFO] ADCParametersView:116 -                Rank 1 : false
2025-02-22 00:04:10,251 [INFO] ADCParametersView:116 -                Rank 1 : false
2025-02-22 00:04:10,260 [INFO] ADCParametersView:116 -                Rank 1 : false
2025-02-22 00:04:10,279 [INFO] ADCParametersView:116 -                Rank 1 : false
2025-02-22 00:04:10,279 [INFO] ADCParametersView:116 -                Rank 1 : false
2025-02-22 00:04:10,280 [INFO] ADCParametersView:116 -                Rank 1 : false
2025-02-22 00:04:10,280 [INFO] ADCParametersView:116 -                Rank 1 : false
2025-02-22 00:04:10,280 [INFO] ADCParametersView:116 -                Rank 1 : false
2025-02-22 00:04:10,280 [INFO] ADCParametersView:116 -                Rank 1 : false
2025-02-22 00:04:10,280 [INFO] ADCParametersView:116 -                Rank 1 : false
2025-02-22 00:04:10,280 [INFO] ADCParametersView:116 -                Rank 1 : false
2025-02-22 00:04:10,280 [INFO] ADCParametersView:116 -                Rank 1 : false
2025-02-22 00:04:10,280 [INFO] ADCParametersView:116 -                Rank 1 : false
2025-02-22 00:04:10,280 [INFO] ADCParametersView:116 -                Rank 1 : false
2025-02-22 00:04:10,280 [INFO] ADCParametersView:116 -                Rank 1 : false
2025-02-22 00:04:10,280 [INFO] ADCParametersView:116 -                Rank 1 : false
2025-02-22 00:04:10,280 [INFO] ADCParametersView:116 -                Rank 1 : false
2025-02-22 00:04:10,289 [INFO] ADCParametersView:116 -                Rank 1 : false
2025-02-22 00:04:11,078 [INFO] ADCParametersView:116 -                Rank 1 : false
2025-02-22 00:04:11,079 [INFO] ADCParametersView:116 -                Rank 1 : false
2025-02-22 00:04:11,079 [INFO] ADCParametersView:116 -                Rank 1 : false
2025-02-22 00:04:11,079 [INFO] ADCParametersView:116 -                Rank 1 : false
2025-02-22 00:04:11,079 [INFO] ADCParametersView:116 -                Rank 1 : false
2025-02-22 00:04:11,079 [INFO] ADCParametersView:116 -                Rank 1 : false
2025-02-22 00:04:11,079 [INFO] ADCParametersView:116 -                Rank 1 : false
2025-02-22 00:04:11,079 [INFO] ADCParametersView:116 -                Rank 1 : false
2025-02-22 00:04:11,079 [INFO] ADCParametersView:116 -                Rank 1 : false
2025-02-22 00:04:11,079 [INFO] ADCParametersView:116 -                Rank 1 : false
2025-02-22 00:04:11,079 [INFO] ADCParametersView:116 -                Rank 1 : false
2025-02-22 00:04:11,079 [INFO] ADCParametersView:116 -                Rank 1 : false
2025-02-22 00:04:11,079 [INFO] ADCParametersView:116 -                Rank 1 : false
2025-02-22 00:04:11,079 [INFO] ADCParametersView:116 -                Rank 1 : false
2025-02-22 00:04:11,087 [INFO] ADCParametersView:116 -                Rank 1 : false
2025-02-22 00:04:11,102 [INFO] ADCParametersView:116 -                Rank 1 : false
2025-02-22 00:04:11,102 [INFO] ADCParametersView:116 -                Rank 1 : false
2025-02-22 00:04:11,102 [INFO] ADCParametersView:116 -                Rank 1 : false
2025-02-22 00:04:11,102 [INFO] ADCParametersView:116 -                Rank 1 : false
2025-02-22 00:04:11,102 [INFO] ADCParametersView:116 -                Rank 1 : false
2025-02-22 00:04:11,102 [INFO] ADCParametersView:116 -                Rank 1 : false
2025-02-22 00:04:11,102 [INFO] ADCParametersView:116 -                Rank 1 : false
2025-02-22 00:04:11,102 [INFO] ADCParametersView:116 -                Rank 1 : false
2025-02-22 00:04:11,102 [INFO] ADCParametersView:116 -                Rank 1 : false
2025-02-22 00:04:11,102 [INFO] ADCParametersView:116 -                Rank 1 : false
2025-02-22 00:04:11,102 [INFO] ADCParametersView:116 -                Rank 1 : false
2025-02-22 00:04:11,104 [INFO] ADCParametersView:116 -                Rank 1 : false
2025-02-22 00:04:11,104 [INFO] ADCParametersView:116 -                Rank 1 : false
2025-02-22 00:04:11,104 [INFO] ADCParametersView:116 -                Rank 1 : false
2025-02-22 00:04:11,112 [INFO] ADCParametersView:116 -                Rank 1 : false
2025-02-22 00:04:11,161 [INFO] ADCParametersView:116 -                Rank 1 : false
2025-02-22 00:04:11,161 [INFO] ADCParametersView:116 -                Rank 1 : false
2025-02-22 00:04:11,161 [INFO] ADCParametersView:116 -                Rank 1 : false
2025-02-22 00:04:11,161 [INFO] ADCParametersView:116 -                Rank 1 : false
2025-02-22 00:04:11,161 [INFO] ADCParametersView:116 -                Rank 1 : false
2025-02-22 00:04:11,161 [INFO] ADCParametersView:116 -                Rank 1 : false
2025-02-22 00:04:11,161 [INFO] ADCParametersView:116 -                Rank 1 : false
2025-02-22 00:04:11,161 [INFO] ADCParametersView:116 -                Rank 1 : false
2025-02-22 00:04:11,161 [INFO] ADCParametersView:116 -                Rank 1 : false
2025-02-22 00:04:11,161 [INFO] ADCParametersView:116 -                Rank 1 : false
2025-02-22 00:04:11,161 [INFO] ADCParametersView:116 -                Rank 1 : false
2025-02-22 00:04:11,161 [INFO] ADCParametersView:116 -                Rank 1 : false
2025-02-22 00:04:11,161 [INFO] ADCParametersView:116 -                Rank 1 : false
2025-02-22 00:04:11,161 [INFO] ADCParametersView:116 -                Rank 1 : false
2025-02-22 00:04:11,172 [INFO] ADCParametersView:116 -                Rank 1 : false
2025-02-22 00:04:11,191 [INFO] ADCParametersView:116 -                Rank 1 : false
2025-02-22 00:04:11,191 [INFO] ADCParametersView:116 -                Rank 1 : false
2025-02-22 00:04:11,191 [INFO] ADCParametersView:116 -                Rank 1 : false
2025-02-22 00:04:11,191 [INFO] ADCParametersView:116 -                Rank 1 : false
2025-02-22 00:04:11,191 [INFO] ADCParametersView:116 -                Rank 1 : false
2025-02-22 00:04:11,191 [INFO] ADCParametersView:116 -                Rank 1 : false
2025-02-22 00:04:11,191 [INFO] ADCParametersView:116 -                Rank 1 : false
2025-02-22 00:04:11,191 [INFO] ADCParametersView:116 -                Rank 1 : false
2025-02-22 00:04:11,191 [INFO] ADCParametersView:116 -                Rank 1 : false
2025-02-22 00:04:11,191 [INFO] ADCParametersView:116 -                Rank 1 : false
2025-02-22 00:04:11,191 [INFO] ADCParametersView:116 -                Rank 1 : false
2025-02-22 00:04:11,191 [INFO] ADCParametersView:116 -                Rank 1 : false
2025-02-22 00:04:11,192 [INFO] ADCParametersView:116 -                Rank 1 : false
2025-02-22 00:04:11,192 [INFO] ADCParametersView:116 -                Rank 1 : false
2025-02-22 00:04:11,203 [INFO] ADCParametersView:116 -                Rank 1 : false
2025-02-22 00:04:12,425 [INFO] ADCParametersView:116 -                Rank 1 : false
2025-02-22 00:04:12,425 [INFO] ADCParametersView:116 -                Rank 1 : false
2025-02-22 00:04:12,425 [INFO] ADCParametersView:116 -                Rank 1 : false
2025-02-22 00:04:12,426 [INFO] ADCParametersView:116 -                Rank 1 : false
2025-02-22 00:04:12,426 [INFO] ADCParametersView:116 -                Rank 1 : false
2025-02-22 00:04:12,426 [INFO] ADCParametersView:116 -                Rank 1 : false
2025-02-22 00:04:12,426 [INFO] ADCParametersView:116 -                Rank 1 : false
2025-02-22 00:04:12,426 [INFO] ADCParametersView:116 -                Rank 1 : false
2025-02-22 00:04:12,426 [INFO] ADCParametersView:116 -                Rank 1 : false
2025-02-22 00:04:12,426 [INFO] ADCParametersView:116 -                Rank 1 : false
2025-02-22 00:04:12,426 [INFO] ADCParametersView:116 -                Rank 1 : false
2025-02-22 00:04:12,426 [INFO] ADCParametersView:116 -                Rank 1 : false
2025-02-22 00:04:12,426 [INFO] ADCParametersView:116 -                Rank 1 : false
2025-02-22 00:04:12,426 [INFO] ADCParametersView:116 -                Rank 1 : false
2025-02-22 00:04:12,450 [INFO] ADCParametersView:116 -                Rank 1 : false
2025-02-22 00:04:12,490 [INFO] ADCParametersView:116 -                Rank 1 : false
2025-02-22 00:04:12,491 [INFO] ADCParametersView:116 -                Rank 1 : false
2025-02-22 00:04:12,491 [INFO] ADCParametersView:116 -                Rank 1 : false
2025-02-22 00:04:12,491 [INFO] ADCParametersView:116 -                Rank 1 : false
2025-02-22 00:04:12,491 [INFO] ADCParametersView:116 -                Rank 1 : false
2025-02-22 00:04:12,491 [INFO] ADCParametersView:116 -                Rank 1 : false
2025-02-22 00:04:12,491 [INFO] ADCParametersView:116 -                Rank 1 : false
2025-02-22 00:04:12,491 [INFO] ADCParametersView:116 -                Rank 1 : false
2025-02-22 00:04:12,491 [INFO] ADCParametersView:116 -                Rank 1 : false
2025-02-22 00:04:12,491 [INFO] ADCParametersView:116 -                Rank 1 : false
2025-02-22 00:04:12,491 [INFO] ADCParametersView:116 -                Rank 1 : false
2025-02-22 00:04:12,491 [INFO] ADCParametersView:116 -                Rank 1 : false
2025-02-22 00:04:12,491 [INFO] ADCParametersView:116 -                Rank 1 : false
2025-02-22 00:04:12,491 [INFO] ADCParametersView:116 -                Rank 1 : false
2025-02-22 00:04:12,510 [INFO] ADCParametersView:116 -                Rank 1 : false
2025-02-22 00:04:12,602 [INFO] ADCParametersView:116 -                Rank 1 : false
2025-02-22 00:04:12,602 [INFO] ADCParametersView:116 -                Rank 1 : false
2025-02-22 00:04:12,602 [INFO] ADCParametersView:116 -                Rank 1 : false
2025-02-22 00:04:12,602 [INFO] ADCParametersView:116 -                Rank 1 : false
2025-02-22 00:04:12,602 [INFO] ADCParametersView:116 -                Rank 1 : false
2025-02-22 00:04:12,602 [INFO] ADCParametersView:116 -                Rank 1 : false
2025-02-22 00:04:12,602 [INFO] ADCParametersView:116 -                Rank 1 : false
2025-02-22 00:04:12,602 [INFO] ADCParametersView:116 -                Rank 1 : false
2025-02-22 00:04:12,602 [INFO] ADCParametersView:116 -                Rank 1 : false
2025-02-22 00:04:12,602 [INFO] ADCParametersView:116 -                Rank 1 : false
2025-02-22 00:04:12,602 [INFO] ADCParametersView:116 -                Rank 1 : false
2025-02-22 00:04:12,602 [INFO] ADCParametersView:116 -                Rank 1 : false
2025-02-22 00:04:12,602 [INFO] ADCParametersView:116 -                Rank 1 : false
2025-02-22 00:04:12,602 [INFO] ADCParametersView:116 -                Rank 1 : false
2025-02-22 00:04:12,618 [INFO] ADCParametersView:116 -                Rank 1 : false
2025-02-22 00:04:12,647 [INFO] ADCParametersView:116 -                Rank 1 : false
2025-02-22 00:04:12,647 [INFO] ADCParametersView:116 -                Rank 1 : false
2025-02-22 00:04:12,647 [INFO] ADCParametersView:116 -                Rank 1 : false
2025-02-22 00:04:12,647 [INFO] ADCParametersView:116 -                Rank 1 : false
2025-02-22 00:04:12,647 [INFO] ADCParametersView:116 -                Rank 1 : false
2025-02-22 00:04:12,647 [INFO] ADCParametersView:116 -                Rank 1 : false
2025-02-22 00:04:12,647 [INFO] ADCParametersView:116 -                Rank 1 : false
2025-02-22 00:04:12,647 [INFO] ADCParametersView:116 -                Rank 1 : false
2025-02-22 00:04:12,647 [INFO] ADCParametersView:116 -                Rank 1 : false
2025-02-22 00:04:12,647 [INFO] ADCParametersView:116 -                Rank 1 : false
2025-02-22 00:04:12,647 [INFO] ADCParametersView:116 -                Rank 1 : false
2025-02-22 00:04:12,647 [INFO] ADCParametersView:116 -                Rank 1 : false
2025-02-22 00:04:12,647 [INFO] ADCParametersView:116 -                Rank 1 : false
2025-02-22 00:04:12,647 [INFO] ADCParametersView:116 -                Rank 1 : false
2025-02-22 00:04:12,663 [INFO] ADCParametersView:116 -                Rank 1 : false
2025-02-22 00:22:35,415 [ERROR] LogOutputStream:75 - [STDERR_REDIRECT] 
