00:37:27 **** Incremental Build of configuration Debug for project SLRC2025-Pulztrones ****
make -j20 all 
arm-none-eabi-gcc "../Core/Src/robot.c" -mcpu=cortex-m4 -std=gnu11 -g3 -DDEBUG -DUSE_HAL_DRIVER -DSTM32F446xx -c -I../Core/Inc -I"C:/Users/PANKAJA/OneDrive/Projects/SLRC/SLRC-2025-Pulztrones/software/firmware/SLRC2025-Pulztrones/Drivers/SSD1306/Inc" -I"C:/Users/PANKAJA/OneDrive/Projects/SLRC/SLRC-2025-Pulztrones/software/firmware/SLRC2025-Pulztrones/Drivers/VL53L0X/core/inc" -I"C:/Users/PANKAJA/OneDrive/Projects/SLRC/SLRC-2025-Pulztrones/software/firmware/SLRC2025-Pulztrones/Drivers/VL53L0X/platform/inc" -I../Drivers/STM32F4xx_HAL_Driver/Inc -I../Drivers/STM32F4xx_HAL_Driver/Inc/Legacy -I../Drivers/CMSIS/Device/ST/STM32F4xx/Include -I../Drivers/CMSIS/Include -O0 -ffunction-sections -fdata-sections -Wall -fstack-usage -fcyclomatic-complexity -MMD -MP -MF"Core/Src/robot.d" -MT"Core/Src/robot.o" --specs=nano.specs -mfpu=fpv4-sp-d16 -mfloat-abi=hard -mthumb -o "Core/Src/robot.o"
arm-none-eabi-gcc "../Core/Src/tasks.c" -mcpu=cortex-m4 -std=gnu11 -g3 -DDEBUG -DUSE_HAL_DRIVER -DSTM32F446xx -c -I../Core/Inc -I"C:/Users/PANKAJA/OneDrive/Projects/SLRC/SLRC-2025-Pulztrones/software/firmware/SLRC2025-Pulztrones/Drivers/SSD1306/Inc" -I"C:/Users/PANKAJA/OneDrive/Projects/SLRC/SLRC-2025-Pulztrones/software/firmware/SLRC2025-Pulztrones/Drivers/VL53L0X/core/inc" -I"C:/Users/PANKAJA/OneDrive/Projects/SLRC/SLRC-2025-Pulztrones/software/firmware/SLRC2025-Pulztrones/Drivers/VL53L0X/platform/inc" -I../Drivers/STM32F4xx_HAL_Driver/Inc -I../Drivers/STM32F4xx_HAL_Driver/Inc/Legacy -I../Drivers/CMSIS/Device/ST/STM32F4xx/Include -I../Drivers/CMSIS/Include -O0 -ffunction-sections -fdata-sections -Wall -fstack-usage -fcyclomatic-complexity -MMD -MP -MF"Core/Src/tasks.d" -MT"Core/Src/tasks.o" --specs=nano.specs -mfpu=fpv4-sp-d16 -mfloat-abi=hard -mthumb -o "Core/Src/tasks.o"
../Core/Src/robot.c: In function 'HandleLineDetection':
../Core/Src/robot.c:33:11: warning: unused variable 'lineAngle' [-Wunused-variable]
   33 |   uint8_t lineAngle = data[1];           // Line angle in degrees
      |           ^~~~~~~~~
../Core/Src/robot.c: In function 'HandleGridPosition':
../Core/Src/robot.c:56:11: warning: unused variable 'orientation' [-Wunused-variable]
   56 |   uint8_t orientation = data[2]; // 0=N, 1=E, 2=S, 3=W
      |           ^~~~~~~~~~~
../Core/Src/robot.c:55:11: warning: unused variable 'gridY' [-Wunused-variable]
   55 |   uint8_t gridY = data[1];
      |           ^~~~~
../Core/Src/robot.c:54:11: warning: unused variable 'gridX' [-Wunused-variable]
   54 |   uint8_t gridX = data[0];
      |           ^~~~~
arm-none-eabi-gcc -o "SLRC2025-Pulztrones.elf" @"objects.list"   -mcpu=cortex-m4 -T"C:\Users\PANKAJA\OneDrive\Projects\SLRC\SLRC-2025-Pulztrones\software\firmware\SLRC2025-Pulztrones\STM32F446RETX_FLASH.ld" --specs=nosys.specs -Wl,-Map="SLRC2025-Pulztrones.map" -Wl,--gc-sections -static -u _printf_float --specs=nano.specs -mfpu=fpv4-sp-d16 -mfloat-abi=hard -mthumb -Wl,--start-group -lc -lm -Wl,--end-group
Finished building target: SLRC2025-Pulztrones.elf
 
arm-none-eabi-size  SLRC2025-Pulztrones.elf 
arm-none-eabi-objdump -h -S SLRC2025-Pulztrones.elf  > "SLRC2025-Pulztrones.list"
   text	   data	    bss	    dec	    hex	filename
  52528	    472	   4800	  57800	   e1c8	SLRC2025-Pulztrones.elf
Finished building: default.size.stdout
 
Finished building: SLRC2025-Pulztrones.list
 

00:37:34 Build Finished. 0 errors, 4 warnings. (took 7s.100ms)

